<?xml version="1.0" encoding="UTF-8" ?>
<testsuite tests="1" failures="0" name="com.soft.test.PaperScoreTest" time="0.169" errors="1" skipped="0">
  <properties>
    <property name="java.runtime.name" value="Java(TM) SE Runtime Environment"/>
    <property name="sun.boot.library.path" value="C:\Program Files\Java\jdk1.8.0_131\jre\bin"/>
    <property name="java.vm.version" value="25.131-b11"/>
    <property name="java.vm.vendor" value="Oracle Corporation"/>
    <property name="maven.multiModuleProjectDirectory" value="D:\workspace2\education"/>
    <property name="java.vendor.url" value="http://java.oracle.com/"/>
    <property name="path.separator" value=";"/>
    <property name="guice.disable.misplaced.annotation.check" value="true"/>
    <property name="java.vm.name" value="Java HotSpot(TM) 64-Bit Server VM"/>
    <property name="file.encoding.pkg" value="sun.io"/>
    <property name="user.script" value=""/>
    <property name="user.country" value="CN"/>
    <property name="sun.java.launcher" value="SUN_STANDARD"/>
    <property name="sun.os.patch.level" value="Service Pack 1"/>
    <property name="java.vm.specification.name" value="Java Virtual Machine Specification"/>
    <property name="user.dir" value="D:\workspace2\education"/>
    <property name="java.runtime.version" value="1.8.0_131-b11"/>
    <property name="java.awt.graphicsenv" value="sun.awt.Win32GraphicsEnvironment"/>
    <property name="java.endorsed.dirs" value="C:\Program Files\Java\jdk1.8.0_131\jre\lib\endorsed"/>
    <property name="os.arch" value="amd64"/>
    <property name="java.io.tmpdir" value="C:\Users\admin\AppData\Local\Temp\"/>
    <property name="line.separator" value="
"/>
    <property name="java.vm.specification.vendor" value="Oracle Corporation"/>
    <property name="user.variant" value=""/>
    <property name="os.name" value="Windows 7"/>
    <property name="classworlds.conf" value="D:\workspace2\.metadata\.plugins\org.eclipse.m2e.launching\launches\m2conf6110175133329887542.tmp"/>
    <property name="sun.jnu.encoding" value="GBK"/>
    <property name="java.library.path" value="C:\Program Files\Java\jdk1.8.0_131\bin;C:\windows\Sun\Java\bin;C:\windows\system32;C:\windows;C:/Program Files/Java/jre1.8.0_131/bin/server;C:/Program Files/Java/jre1.8.0_131/bin;C:/Program Files/Java/jre1.8.0_131/lib/amd64;C:\ProgramData\Oracle\Java\javapath;C:\windows\system32;C:\windows;C:\windows\System32\Wbem;C:\windows\System32\WindowsPowerShell\v1.0\;C:\Program Files\Java\jdk1.8.0_131\bin;D:\apache-maven-3.6.2\bin;D:\apache-tomcat-8.0.29\lib;D:\apache-tomcat-8.0.29\bin;D:\svn\bin;D:\slik svn\bin;D:\TortoiseSVN\bin;C:\Users\admin\Desktop\eclipse;;."/>
    <property name="java.specification.name" value="Java Platform API Specification"/>
    <property name="java.class.version" value="52.0"/>
    <property name="sun.management.compiler" value="HotSpot 64-Bit Tiered Compilers"/>
    <property name="os.version" value="6.1"/>
    <property name="user.home" value="C:\Users\admin"/>
    <property name="user.timezone" value="Asia/Shanghai"/>
    <property name="java.awt.printerjob" value="sun.awt.windows.WPrinterJob"/>
    <property name="java.specification.version" value="1.8"/>
    <property name="file.encoding" value="GBK"/>
    <property name="user.name" value="admin"/>
    <property name="java.class.path" value="/C:/Users/admin/Desktop/eclipse/plugins/org.eclipse.m2e.maven.runtime_1.6.2.20150902-0001/jars/plexus-classworlds-2.5.2.jar"/>
    <property name="java.vm.specification.version" value="1.8"/>
    <property name="sun.arch.data.model" value="64"/>
    <property name="java.home" value="C:\Program Files\Java\jdk1.8.0_131\jre"/>
    <property name="sun.java.command" value="org.codehaus.plexus.classworlds.launcher.Launcher -B -s D:\apache-maven-3.6.2\conf\settings.xml install"/>
    <property name="java.specification.vendor" value="Oracle Corporation"/>
    <property name="user.language" value="zh"/>
    <property name="awt.toolkit" value="sun.awt.windows.WToolkit"/>
    <property name="java.vm.info" value="mixed mode"/>
    <property name="java.version" value="1.8.0_131"/>
    <property name="java.ext.dirs" value="C:\Program Files\Java\jdk1.8.0_131\jre\lib\ext;C:\windows\Sun\Java\lib\ext"/>
    <property name="sun.boot.class.path" value="C:\Program Files\Java\jdk1.8.0_131\jre\lib\resources.jar;C:\Program Files\Java\jdk1.8.0_131\jre\lib\rt.jar;C:\Program Files\Java\jdk1.8.0_131\jre\lib\sunrsasign.jar;C:\Program Files\Java\jdk1.8.0_131\jre\lib\jsse.jar;C:\Program Files\Java\jdk1.8.0_131\jre\lib\jce.jar;C:\Program Files\Java\jdk1.8.0_131\jre\lib\charsets.jar;C:\Program Files\Java\jdk1.8.0_131\jre\lib\jfr.jar;C:\Program Files\Java\jdk1.8.0_131\jre\classes"/>
    <property name="java.vendor" value="Oracle Corporation"/>
    <property name="maven.home" value="D:\workspace2\education\EMBEDDED"/>
    <property name="file.separator" value="\"/>
    <property name="java.vendor.url.bug" value="http://bugreport.sun.com/bugreport/"/>
    <property name="sun.cpu.endian" value="little"/>
    <property name="sun.io.unicode.encoding" value="UnicodeLittle"/>
    <property name="sun.desktop" value="windows"/>
    <property name="sun.cpu.isalist" value="amd64"/>
  </properties>
  <testcase classname="com.soft.test.PaperScoreTest" name="TestPaperScore" time="0.169">
    <error message="Invalid bound statement (not found): com.soft.dao.PaperScoreMapper.selectByExample" type="org.apache.ibatis.binding.BindingException">org.apache.ibatis.binding.BindingException: Invalid bound statement (not found): com.soft.dao.PaperScoreMapper.selectByExample
	at org.apache.ibatis.binding.MapperMethod$SqlCommand.&lt;init&gt;(MapperMethod.java:230)
	at org.apache.ibatis.binding.MapperMethod.&lt;init&gt;(MapperMethod.java:48)
	at org.apache.ibatis.binding.MapperProxy.cachedMapperMethod(MapperProxy.java:65)
	at org.apache.ibatis.binding.MapperProxy.invoke(MapperProxy.java:58)
	at com.sun.proxy.$Proxy38.selectByExample(Unknown Source)
	at com.soft.service.impl.PaperScoreServiceImpl.selectPaperScoreByexample(PaperScoreServiceImpl.java:31)
	at sun.reflect.NativeMethodAccessorImpl.invoke0(Native Method)
	at sun.reflect.NativeMethodAccessorImpl.invoke(NativeMethodAccessorImpl.java:62)
	at sun.reflect.DelegatingMethodAccessorImpl.invoke(DelegatingMethodAccessorImpl.java:43)
	at java.lang.reflect.Method.invoke(Method.java:498)
	at org.springframework.aop.support.AopUtils.invokeJoinpointUsingReflection(AopUtils.java:333)
	at org.springframework.aop.framework.ReflectiveMethodInvocation.invokeJoinpoint(ReflectiveMethodInvocation.java:190)
	at org.springframework.aop.framework.ReflectiveMethodInvocation.proceed(ReflectiveMethodInvocation.java:157)
	at org.springframework.transaction.interceptor.TransactionInterceptor$1.proceedWithInvocation(TransactionInterceptor.java:99)
	at org.springframework.transaction.interceptor.TransactionAspectSupport.invokeWithinTransaction(TransactionAspectSupport.java:282)
	at org.springframework.transaction.interceptor.TransactionInterceptor.invoke(TransactionInterceptor.java:96)
	at org.springframework.aop.framework.ReflectiveMethodInvocation.proceed(ReflectiveMethodInvocation.java:179)
	at org.springframework.aop.framework.JdkDynamicAopProxy.invoke(JdkDynamicAopProxy.java:213)
	at com.sun.proxy.$Proxy39.selectPaperScoreByexample(Unknown Source)
	at com.soft.test.PaperScoreTest.TestPaperScore(PaperScoreTest.java:39)
	at sun.reflect.NativeMethodAccessorImpl.invoke0(Native Method)
	at sun.reflect.NativeMethodAccessorImpl.invoke(NativeMethodAccessorImpl.java:62)
	at sun.reflect.DelegatingMethodAccessorImpl.invoke(DelegatingMethodAccessorImpl.java:43)
	at java.lang.reflect.Method.invoke(Method.java:498)
	at org.junit.runners.model.FrameworkMethod$1.runReflectiveCall(FrameworkMethod.java:45)
	at org.junit.internal.runners.model.ReflectiveCallable.run(ReflectiveCallable.java:15)
	at org.junit.runners.model.FrameworkMethod.invokeExplosively(FrameworkMethod.java:42)
	at org.junit.internal.runners.statements.InvokeMethod.evaluate(InvokeMethod.java:20)
	at org.junit.internal.runners.statements.RunBefores.evaluate(RunBefores.java:28)
	at org.junit.runners.ParentRunner.runLeaf(ParentRunner.java:263)
	at org.junit.runners.BlockJUnit4ClassRunner.runChild(BlockJUnit4ClassRunner.java:68)
	at org.junit.runners.BlockJUnit4ClassRunner.runChild(BlockJUnit4ClassRunner.java:47)
	at org.junit.runners.ParentRunner$3.run(ParentRunner.java:231)
	at org.junit.runners.ParentRunner$1.schedule(ParentRunner.java:60)
	at org.junit.runners.ParentRunner.runChildren(ParentRunner.java:229)
	at org.junit.runners.ParentRunner.access$000(ParentRunner.java:50)
	at org.junit.runners.ParentRunner$2.evaluate(ParentRunner.java:222)
	at org.junit.runners.ParentRunner.run(ParentRunner.java:300)
	at org.apache.maven.surefire.junit4.JUnit4Provider.execute(JUnit4Provider.java:252)
	at org.apache.maven.surefire.junit4.JUnit4Provider.executeTestSet(JUnit4Provider.java:141)
	at org.apache.maven.surefire.junit4.JUnit4Provider.invoke(JUnit4Provider.java:112)
	at sun.reflect.NativeMethodAccessorImpl.invoke0(Native Method)
	at sun.reflect.NativeMethodAccessorImpl.invoke(NativeMethodAccessorImpl.java:62)
	at sun.reflect.DelegatingMethodAccessorImpl.invoke(DelegatingMethodAccessorImpl.java:43)
	at java.lang.reflect.Method.invoke(Method.java:498)
	at org.apache.maven.surefire.util.ReflectionUtils.invokeMethodWithArray(ReflectionUtils.java:189)
	at org.apache.maven.surefire.booter.ProviderFactory$ProviderProxy.invoke(ProviderFactory.java:165)
	at org.apache.maven.surefire.booter.ProviderFactory.invokeProvider(ProviderFactory.java:85)
	at org.apache.maven.surefire.booter.ForkedBooter.runSuitesInProcess(ForkedBooter.java:115)
	at org.apache.maven.surefire.booter.ForkedBooter.main(ForkedBooter.java:75)
</error>
    <system-out>2019-11-04 08:36:57,485 [main] DEBUG [org.springframework.core.env.StandardEnvironment] - Adding [systemProperties] PropertySource with lowest search precedence
2019-11-04 08:36:57,485 [main] DEBUG [org.springframework.core.env.StandardEnvironment] - Adding [systemEnvironment] PropertySource with lowest search precedence
2019-11-04 08:36:57,485 [main] DEBUG [org.springframework.core.env.StandardEnvironment] - Initialized StandardEnvironment with PropertySources [systemProperties,systemEnvironment]
2019-11-04 08:36:57,485 [main] INFO  [org.springframework.context.support.ClassPathXmlApplicationContext] - Refreshing org.springframework.context.support.ClassPathXmlApplicationContext@1b410308: startup date [Mon Nov 04 08:36:57 CST 2019]; root of context hierarchy
2019-11-04 08:36:57,485 [main] DEBUG [org.springframework.core.env.StandardEnvironment] - Adding [systemProperties] PropertySource with lowest search precedence
2019-11-04 08:36:57,485 [main] DEBUG [org.springframework.core.env.StandardEnvironment] - Adding [systemEnvironment] PropertySource with lowest search precedence
2019-11-04 08:36:57,485 [main] DEBUG [org.springframework.core.env.StandardEnvironment] - Initialized StandardEnvironment with PropertySources [systemProperties,systemEnvironment]
2019-11-04 08:36:57,485 [main] INFO  [org.springframework.beans.factory.xml.XmlBeanDefinitionReader] - Loading XML bean definitions from class path resource [applicationContext.xml]
2019-11-04 08:36:57,486 [main] DEBUG [org.springframework.beans.factory.xml.DefaultDocumentLoader] - Using JAXP provider [com.sun.org.apache.xerces.internal.jaxp.DocumentBuilderFactoryImpl]
2019-11-04 08:36:57,487 [main] DEBUG [org.springframework.beans.factory.xml.PluggableSchemaResolver] - Loading schema mappings from [META-INF/spring.schemas]
2019-11-04 08:36:57,488 [main] DEBUG [org.springframework.beans.factory.xml.PluggableSchemaResolver] - Loaded schema mappings: {http://www.springframework.org/schema/tx/spring-tx-4.3.xsd=org/springframework/transaction/config/spring-tx-4.3.xsd, http://www.springframework.org/schema/tx/spring-tx-2.5.xsd=org/springframework/transaction/config/spring-tx-2.5.xsd, http://www.springframework.org/schema/cache/spring-cache-4.2.xsd=org/springframework/cache/config/spring-cache-4.2.xsd, http://www.springframework.org/schema/aop/spring-aop-4.1.xsd=org/springframework/aop/config/spring-aop-4.1.xsd, http://www.springframework.org/schema/context/spring-context-3.1.xsd=org/springframework/context/config/spring-context-3.1.xsd, http://www.springframework.org/schema/jdbc/spring-jdbc-4.1.xsd=org/springframework/jdbc/config/spring-jdbc-4.1.xsd, http://www.springframework.org/schema/util/spring-util-3.0.xsd=org/springframework/beans/factory/xml/spring-util-3.0.xsd, http://www.springframework.org/schema/mvc/spring-mvc-4.1.xsd=org/springframework/web/servlet/config/spring-mvc-4.1.xsd, http://mybatis.org/schema/mybatis-spring-1.2.xsd=org/mybatis/spring/config/mybatis-spring-1.2.xsd, http://www.springframework.org/schema/tool/spring-tool.xsd=org/springframework/beans/factory/xml/spring-tool-4.3.xsd, http://www.springframework.org/schema/aop/spring-aop-3.2.xsd=org/springframework/aop/config/spring-aop-3.2.xsd, http://www.springframework.org/schema/lang/spring-lang-4.1.xsd=org/springframework/scripting/config/spring-lang-4.1.xsd, http://www.springframework.org/schema/context/spring-context-4.0.xsd=org/springframework/context/config/spring-context-4.0.xsd, http://www.springframework.org/schema/mvc/spring-mvc-3.2.xsd=org/springframework/web/servlet/config/spring-mvc-3.2.xsd, http://www.springframework.org/schema/beans/spring-beans-4.2.xsd=org/springframework/beans/factory/xml/spring-beans-4.2.xsd, http://www.springframework.org/schema/tool/spring-tool-4.1.xsd=org/springframework/beans/factory/xml/spring-tool-4.1.xsd, http://www.springframework.org/schema/lang/spring-lang-3.2.xsd=org/springframework/scripting/config/spring-lang-3.2.xsd, http://www.springframework.org/schema/cache/spring-cache-3.2.xsd=org/springframework/cache/config/spring-cache-3.2.xsd, http://www.springframework.org/schema/jee/spring-jee-4.1.xsd=org/springframework/ejb/config/spring-jee-4.1.xsd, http://www.springframework.org/schema/jdbc/spring-jdbc-3.1.xsd=org/springframework/jdbc/config/spring-jdbc-3.1.xsd, http://www.springframework.org/schema/task/spring-task-4.2.xsd=org/springframework/scheduling/config/spring-task-4.2.xsd, http://www.springframework.org/schema/util/spring-util-2.0.xsd=org/springframework/beans/factory/xml/spring-util-2.0.xsd, http://www.springframework.org/schema/tool/spring-tool-3.2.xsd=org/springframework/beans/factory/xml/spring-tool-3.2.xsd, http://www.springframework.org/schema/context/spring-context.xsd=org/springframework/context/config/spring-context-4.3.xsd, http://www.springframework.org/schema/tx/spring-tx-4.2.xsd=org/springframework/transaction/config/spring-tx-4.2.xsd, http://www.springframework.org/schema/cache/spring-cache-4.1.xsd=org/springframework/cache/config/spring-cache-4.1.xsd, http://www.springframework.org/schema/aop/spring-aop-4.0.xsd=org/springframework/aop/config/spring-aop-4.0.xsd, http://www.springframework.org/schema/jee/spring-jee-3.2.xsd=org/springframework/ejb/config/spring-jee-3.2.xsd, http://www.springframework.org/schema/context/spring-context-3.0.xsd=org/springframework/context/config/spring-context-3.0.xsd, http://www.springframework.org/schema/jdbc/spring-jdbc-4.0.xsd=org/springframework/jdbc/config/spring-jdbc-4.0.xsd, http://www.springframework.org/schema/util/spring-util-2.5.xsd=org/springframework/beans/factory/xml/spring-util-2.5.xsd, http://www.springframework.org/schema/mvc/spring-mvc-4.0.xsd=org/springframework/web/servlet/config/spring-mvc-4.0.xsd, http://www.springframework.org/schema/util/spring-util-4.3.xsd=org/springframework/beans/factory/xml/spring-util-4.3.xsd, http://www.springframework.org/schema/beans/spring-beans-3.2.xsd=org/springframework/beans/factory/xml/spring-beans-3.2.xsd, http://www.springframework.org/schema/aop/spring-aop-3.1.xsd=org/springframework/aop/config/spring-aop-3.1.xsd, http://www.springframework.org/schema/lang/spring-lang-4.0.xsd=org/springframework/scripting/config/spring-lang-4.0.xsd, http://www.springframework.org/schema/mvc/spring-mvc.xsd=org/springframework/web/servlet/config/spring-mvc-4.3.xsd, http://www.springframework.org/schema/mvc/spring-mvc-3.1.xsd=org/springframework/web/servlet/config/spring-mvc-3.1.xsd, http://www.springframework.org/schema/beans/spring-beans-4.1.xsd=org/springframework/beans/factory/xml/spring-beans-4.1.xsd, http://www.springframework.org/schema/tool/spring-tool-4.0.xsd=org/springframework/beans/factory/xml/spring-tool-4.0.xsd, http://www.springframework.org/schema/tx/spring-tx-3.2.xsd=org/springframework/transaction/config/spring-tx-3.2.xsd, http://www.springframework.org/schema/lang/spring-lang-3.1.xsd=org/springframework/scripting/config/spring-lang-3.1.xsd, http://www.springframework.org/schema/cache/spring-cache-3.1.xsd=org/springframework/cache/config/spring-cache-3.1.xsd, http://www.springframework.org/schema/jee/spring-jee-4.0.xsd=org/springframework/ejb/config/spring-jee-4.0.xsd, http://www.springframework.org/schema/jdbc/spring-jdbc-3.0.xsd=org/springframework/jdbc/config/spring-jdbc-3.0.xsd, http://www.springframework.org/schema/task/spring-task-4.1.xsd=org/springframework/scheduling/config/spring-task-4.1.xsd, http://www.springframework.org/schema/jdbc/spring-jdbc.xsd=org/springframework/jdbc/config/spring-jdbc-4.3.xsd, http://www.springframework.org/schema/tool/spring-tool-3.1.xsd=org/springframework/beans/factory/xml/spring-tool-3.1.xsd, http://www.springframework.org/schema/tx/spring-tx-4.1.xsd=org/springframework/transaction/config/spring-tx-4.1.xsd, http://www.springframework.org/schema/cache/spring-cache-4.0.xsd=org/springframework/cache/config/spring-cache-4.0.xsd, http://www.springframework.org/schema/jee/spring-jee-3.1.xsd=org/springframework/ejb/config/spring-jee-3.1.xsd, http://www.springframework.org/schema/task/spring-task-3.2.xsd=org/springframework/scheduling/config/spring-task-3.2.xsd, http://www.springframework.org/schema/util/spring-util-4.2.xsd=org/springframework/beans/factory/xml/spring-util-4.2.xsd, http://www.springframework.org/schema/beans/spring-beans-3.1.xsd=org/springframework/beans/factory/xml/spring-beans-3.1.xsd, http://www.springframework.org/schema/util/spring-util.xsd=org/springframework/beans/factory/xml/spring-util-4.3.xsd, http://www.springframework.org/schema/aop/spring-aop-3.0.xsd=org/springframework/aop/config/spring-aop-3.0.xsd, http://www.springframework.org/schema/mvc/spring-mvc-3.0.xsd=org/springframework/web/servlet/config/spring-mvc-3.0.xsd, http://www.springframework.org/schema/beans/spring-beans-4.0.xsd=org/springframework/beans/factory/xml/spring-beans-4.0.xsd, http://www.springframework.org/schema/beans/spring-beans.xsd=org/springframework/beans/factory/xml/spring-beans-4.3.xsd, http://mybatis.org/schema/mybatis-spring.xsd=org/mybatis/spring/config/mybatis-spring-1.2.xsd, http://www.springframework.org/schema/tx/spring-tx-3.1.xsd=org/springframework/transaction/config/spring-tx-3.1.xsd, http://www.springframework.org/schema/lang/spring-lang-3.0.xsd=org/springframework/scripting/config/spring-lang-3.0.xsd, http://www.springframework.org/schema/context/spring-context-2.5.xsd=org/springframework/context/config/spring-context-2.5.xsd, http://www.springframework.org/schema/context/spring-context-4.3.xsd=org/springframework/context/config/spring-context-4.3.xsd, http://www.springframework.org/schema/task/spring-task-4.0.xsd=org/springframework/scheduling/config/spring-task-4.0.xsd, http://www.springframework.org/schema/tool/spring-tool-3.0.xsd=org/springframework/beans/factory/xml/spring-tool-3.0.xsd, http://www.springframework.org/schema/tx/spring-tx-4.0.xsd=org/springframework/transaction/config/spring-tx-4.0.xsd, http://www.springframework.org/schema/aop/spring-aop-2.0.xsd=org/springframework/aop/config/spring-aop-2.0.xsd, http://www.springframework.org/schema/jee/spring-jee-3.0.xsd=org/springframework/ejb/config/spring-jee-3.0.xsd, http://www.springframework.org/schema/task/spring-task-3.1.xsd=org/springframework/scheduling/config/spring-task-3.1.xsd, http://www.springframework.org/schema/util/spring-util-4.1.xsd=org/springframework/beans/factory/xml/spring-util-4.1.xsd, http://www.springframework.org/schema/beans/spring-beans-3.0.xsd=org/springframework/beans/factory/xml/spring-beans-3.0.xsd, http://www.springframework.org/schema/jee/spring-jee.xsd=org/springframework/ejb/config/spring-jee-4.3.xsd, http://www.springframework.org/schema/aop/spring-aop-2.5.xsd=org/springframework/aop/config/spring-aop-2.5.xsd, http://www.springframework.org/schema/aop/spring-aop-4.3.xsd=org/springframework/aop/config/spring-aop-4.3.xsd, http://www.springframework.org/schema/lang/spring-lang-2.0.xsd=org/springframework/scripting/config/spring-lang-2.0.xsd, http://www.springframework.org/schema/jdbc/spring-jdbc-4.3.xsd=org/springframework/jdbc/config/spring-jdbc-4.3.xsd, http://www.springframework.org/schema/mvc/spring-mvc-4.3.xsd=org/springframework/web/servlet/config/spring-mvc-4.3.xsd, http://www.springframework.org/schema/util/spring-util-3.2.xsd=org/springframework/beans/factory/xml/spring-util-3.2.xsd, http://www.springframework.org/schema/task/spring-task.xsd=org/springframework/scheduling/config/spring-task-4.3.xsd, http://www.springframework.org/schema/tool/spring-tool-2.0.xsd=org/springframework/beans/factory/xml/spring-tool-2.0.xsd, http://www.springframework.org/schema/tx/spring-tx-3.0.xsd=org/springframework/transaction/config/spring-tx-3.0.xsd, http://www.springframework.org/schema/lang/spring-lang-4.3.xsd=org/springframework/scripting/config/spring-lang-4.3.xsd, http://www.springframework.org/schema/lang/spring-lang-2.5.xsd=org/springframework/scripting/config/spring-lang-2.5.xsd, http://www.springframework.org/schema/context/spring-context-4.2.xsd=org/springframework/context/config/spring-context-4.2.xsd, http://www.springframework.org/schema/jee/spring-jee-2.0.xsd=org/springframework/ejb/config/spring-jee-2.0.xsd, http://www.springframework.org/schema/tool/spring-tool-4.3.xsd=org/springframework/beans/factory/xml/spring-tool-4.3.xsd, http://www.springframework.org/schema/tool/spring-tool-2.5.xsd=org/springframework/beans/factory/xml/spring-tool-2.5.xsd, http://www.springframework.org/schema/jee/spring-jee-4.3.xsd=org/springframework/ejb/config/spring-jee-4.3.xsd, http://www.springframework.org/schema/jee/spring-jee-2.5.xsd=org/springframework/ejb/config/spring-jee-2.5.xsd, http://www.springframework.org/schema/task/spring-task-3.0.xsd=org/springframework/scheduling/config/spring-task-3.0.xsd, http://www.springframework.org/schema/util/spring-util-4.0.xsd=org/springframework/beans/factory/xml/spring-util-4.0.xsd, http://www.springframework.org/schema/cache/spring-cache-4.3.xsd=org/springframework/cache/config/spring-cache-4.3.xsd, http://www.springframework.org/schema/aop/spring-aop-4.2.xsd=org/springframework/aop/config/spring-aop-4.2.xsd, http://www.springframework.org/schema/lang/spring-lang.xsd=org/springframework/scripting/config/spring-lang-4.3.xsd, http://www.springframework.org/schema/context/spring-context-3.2.xsd=org/springframework/context/config/spring-context-3.2.xsd, http://www.springframework.org/schema/jdbc/spring-jdbc-4.2.xsd=org/springframework/jdbc/config/spring-jdbc-4.2.xsd, http://www.springframework.org/schema/mvc/spring-mvc-4.2.xsd=org/springframework/web/servlet/config/spring-mvc-4.2.xsd, http://www.springframework.org/schema/util/spring-util-3.1.xsd=org/springframework/beans/factory/xml/spring-util-3.1.xsd, http://www.springframework.org/schema/beans/spring-beans-2.0.xsd=org/springframework/beans/factory/xml/spring-beans-2.0.xsd, http://www.springframework.org/schema/cache/spring-cache.xsd=org/springframework/cache/config/spring-cache-4.3.xsd, http://www.springframework.org/schema/tx/spring-tx.xsd=org/springframework/transaction/config/spring-tx-4.3.xsd, http://www.springframework.org/schema/lang/spring-lang-4.2.xsd=org/springframework/scripting/config/spring-lang-4.2.xsd, http://www.springframework.org/schema/context/spring-context-4.1.xsd=org/springframework/context/config/spring-context-4.1.xsd, http://www.springframework.org/schema/beans/spring-beans-2.5.xsd=org/springframework/beans/factory/xml/spring-beans-2.5.xsd, http://www.springframework.org/schema/beans/spring-beans-4.3.xsd=org/springframework/beans/factory/xml/spring-beans-4.3.xsd, http://www.springframework.org/schema/tool/spring-tool-4.2.xsd=org/springframework/beans/factory/xml/spring-tool-4.2.xsd, http://www.springframework.org/schema/tx/spring-tx-2.0.xsd=org/springframework/transaction/config/spring-tx-2.0.xsd, http://www.springframework.org/schema/jee/spring-jee-4.2.xsd=org/springframework/ejb/config/spring-jee-4.2.xsd, http://www.springframework.org/schema/jdbc/spring-jdbc-3.2.xsd=org/springframework/jdbc/config/spring-jdbc-3.2.xsd, http://www.springframework.org/schema/task/spring-task-4.3.xsd=org/springframework/scheduling/config/spring-task-4.3.xsd, http://www.springframework.org/schema/aop/spring-aop.xsd=org/springframework/aop/config/spring-aop-4.3.xsd}
2019-11-04 08:36:57,490 [main] DEBUG [org.springframework.beans.factory.xml.PluggableSchemaResolver] - Found XML schema [http://www.springframework.org/schema/beans/spring-beans.xsd] in classpath: org/springframework/beans/factory/xml/spring-beans-4.3.xsd
2019-11-04 08:36:57,493 [main] DEBUG [org.springframework.beans.factory.xml.PluggableSchemaResolver] - Found XML schema [http://www.springframework.org/schema/context/spring-context-4.0.xsd] in classpath: org/springframework/context/config/spring-context-4.0.xsd
2019-11-04 08:36:57,494 [main] DEBUG [org.springframework.beans.factory.xml.PluggableSchemaResolver] - Found XML schema [http://www.springframework.org/schema/tool/spring-tool-4.0.xsd] in classpath: org/springframework/beans/factory/xml/spring-tool-4.0.xsd
2019-11-04 08:36:57,496 [main] DEBUG [org.springframework.beans.factory.xml.PluggableSchemaResolver] - Found XML schema [http://www.springframework.org/schema/tx/spring-tx-4.0.xsd] in classpath: org/springframework/transaction/config/spring-tx-4.0.xsd
2019-11-04 08:36:57,497 [main] DEBUG [org.springframework.beans.factory.xml.DefaultBeanDefinitionDocumentReader] - Loading bean definitions
2019-11-04 08:36:57,498 [com.mchange.v2.async.ThreadPoolAsynchronousRunner$PoolThread-#1] DEBUG [com.mchange.v2.c3p0.impl.C3P0PooledConnectionPool] - com.mchange.v2.c3p0.impl.C3P0PooledConnectionPool$1PooledConnectionResourcePoolManager@7a40c6a0.acquireResource() returning. 
2019-11-04 08:36:57,498 [com.mchange.v2.async.ThreadPoolAsynchronousRunner$PoolThread-#1] DEBUG [com.mchange.v2.resourcepool.BasicResourcePool] - trace com.mchange.v2.resourcepool.BasicResourcePool@60e3c26e [managed: 3, unused: 3, excluded: 0] (e.g. com.mchange.v2.c3p0.impl.NewPooledConnection@6db7edc2)
2019-11-04 08:36:57,498 [com.mchange.v2.async.ThreadPoolAsynchronousRunner$PoolThread-#1] DEBUG [com.mchange.v2.resourcepool.BasicResourcePool] - decremented pending_acquires: 0
2019-11-04 08:36:57,498 [main] DEBUG [org.springframework.beans.factory.xml.DefaultNamespaceHandlerResolver] - Loaded NamespaceHandler mappings: {http://www.springframework.org/schema/p=org.springframework.beans.factory.xml.SimplePropertyNamespaceHandler, http://www.springframework.org/schema/mvc=org.springframework.web.servlet.config.MvcNamespaceHandler, http://www.springframework.org/schema/util=org.springframework.beans.factory.xml.UtilNamespaceHandler, http://www.springframework.org/schema/jee=org.springframework.ejb.config.JeeNamespaceHandler, http://www.springframework.org/schema/aop=org.springframework.aop.config.AopNamespaceHandler, http://www.springframework.org/schema/jdbc=org.springframework.jdbc.config.JdbcNamespaceHandler, http://www.springframework.org/schema/cache=org.springframework.cache.config.CacheNamespaceHandler, http://mybatis.org/schema/mybatis-spring=org.mybatis.spring.config.NamespaceHandler, http://www.springframework.org/schema/c=org.springframework.beans.factory.xml.SimpleConstructorNamespaceHandler, http://www.springframework.org/schema/tx=org.springframework.transaction.config.TxNamespaceHandler, http://www.springframework.org/schema/task=org.springframework.scheduling.config.TaskNamespaceHandler, http://www.springframework.org/schema/lang=org.springframework.scripting.config.LangNamespaceHandler, http://www.springframework.org/schema/context=org.springframework.context.config.ContextNamespaceHandler}
2019-11-04 08:36:57,499 [main] DEBUG [org.springframework.core.io.support.PathMatchingResourcePatternResolver] - Resolved classpath location [com/soft/] to resources [URL [file:/D:/workspace2/education/target/test-classes/com/soft/], URL [file:/D:/workspace2/education/target/classes/com/soft/]]
2019-11-04 08:36:57,499 [main] DEBUG [org.springframework.core.io.support.PathMatchingResourcePatternResolver] - Looking for matching resources in directory tree [D:\workspace2\education\target\test-classes\com\soft]
2019-11-04 08:36:57,499 [main] DEBUG [org.springframework.core.io.support.PathMatchingResourcePatternResolver] - Searching directory [D:\workspace2\education\target\test-classes\com\soft] for files matching pattern [D:/workspace2/education/target/test-classes/com/soft/**/*.class]
2019-11-04 08:36:57,499 [main] DEBUG [org.springframework.core.io.support.PathMatchingResourcePatternResolver] - Searching directory [D:\workspace2\education\target\test-classes\com\soft\test] for files matching pattern [D:/workspace2/education/target/test-classes/com/soft/**/*.class]
2019-11-04 08:36:57,500 [main] DEBUG [org.springframework.core.io.support.PathMatchingResourcePatternResolver] - Looking for matching resources in directory tree [D:\workspace2\education\target\classes\com\soft]
2019-11-04 08:36:57,500 [main] DEBUG [org.springframework.core.io.support.PathMatchingResourcePatternResolver] - Searching directory [D:\workspace2\education\target\classes\com\soft] for files matching pattern [D:/workspace2/education/target/classes/com/soft/**/*.class]
2019-11-04 08:36:57,500 [main] DEBUG [org.springframework.core.io.support.PathMatchingResourcePatternResolver] - Searching directory [D:\workspace2\education\target\classes\com\soft\action] for files matching pattern [D:/workspace2/education/target/classes/com/soft/**/*.class]
2019-11-04 08:36:57,500 [main] DEBUG [org.springframework.core.io.support.PathMatchingResourcePatternResolver] - Searching directory [D:\workspace2\education\target\classes\com\soft\dao] for files matching pattern [D:/workspace2/education/target/classes/com/soft/**/*.class]
2019-11-04 08:36:57,501 [main] DEBUG [org.springframework.core.io.support.PathMatchingResourcePatternResolver] - Searching directory [D:\workspace2\education\target\classes\com\soft\filter] for files matching pattern [D:/workspace2/education/target/classes/com/soft/**/*.class]
2019-11-04 08:36:57,501 [main] DEBUG [org.springframework.core.io.support.PathMatchingResourcePatternResolver] - Searching directory [D:\workspace2\education\target\classes\com\soft\listener] for files matching pattern [D:/workspace2/education/target/classes/com/soft/**/*.class]
2019-11-04 08:36:57,501 [main] DEBUG [org.springframework.core.io.support.PathMatchingResourcePatternResolver] - Searching directory [D:\workspace2\education\target\classes\com\soft\model] for files matching pattern [D:/workspace2/education/target/classes/com/soft/**/*.class]
2019-11-04 08:36:57,502 [main] DEBUG [org.springframework.core.io.support.PathMatchingResourcePatternResolver] - Searching directory [D:\workspace2\education\target\classes\com\soft\service] for files matching pattern [D:/workspace2/education/target/classes/com/soft/**/*.class]
2019-11-04 08:36:57,502 [main] DEBUG [org.springframework.core.io.support.PathMatchingResourcePatternResolver] - Searching directory [D:\workspace2\education\target\classes\com\soft\service\impl] for files matching pattern [D:/workspace2/education/target/classes/com/soft/**/*.class]
2019-11-04 08:36:57,503 [main] DEBUG [org.springframework.core.io.support.PathMatchingResourcePatternResolver] - Searching directory [D:\workspace2\education\target\classes\com\soft\util] for files matching pattern [D:/workspace2/education/target/classes/com/soft/**/*.class]
2019-11-04 08:36:57,503 [main] DEBUG [org.springframework.core.io.support.PathMatchingResourcePatternResolver] - Searching directory [D:\workspace2\education\target\classes\com\soft\vo] for files matching pattern [D:/workspace2/education/target/classes/com/soft/**/*.class]
2019-11-04 08:36:57,503 [main] DEBUG [org.springframework.core.io.support.PathMatchingResourcePatternResolver] - Resolved location pattern [classpath*:com/soft/**/*.class] to resources [file [D:\workspace2\education\target\test-classes\com\soft\test\ChapterServiceTest.class], file [D:\workspace2\education\target\test-classes\com\soft\test\CourseTest.class], file [D:\workspace2\education\target\test-classes\com\soft\test\DailyPracticeTest.class], file [D:\workspace2\education\target\test-classes\com\soft\test\PaperAnswerServiceTest.class], file [D:\workspace2\education\target\test-classes\com\soft\test\PaperQuestionServiceTest.class], file [D:\workspace2\education\target\test-classes\com\soft\test\PaperScoreTest.class], file [D:\workspace2\education\target\test-classes\com\soft\test\PaperServiceTest.class], file [D:\workspace2\education\target\test-classes\com\soft\test\QuestionBankServiceTest.class], file [D:\workspace2\education\target\test-classes\com\soft\test\QuestionErrorServiceTest.class], file [D:\workspace2\education\target\test-classes\com\soft\test\ShowPaperServiceTest.class], file [D:\workspace2\education\target\test-classes\com\soft\test\StudentTest.class], file [D:\workspace2\education\target\test-classes\com\soft\test\TeacherTest.class], file [D:\workspace2\education\target\classes\com\soft\action\ChapterAction.class], file [D:\workspace2\education\target\classes\com\soft\action\ChapterPractice.class], file [D:\workspace2\education\target\classes\com\soft\action\ChapterScope.class], file [D:\workspace2\education\target\classes\com\soft\action\CourseAction.class], file [D:\workspace2\education\target\classes\com\soft\action\DailyAnswerAction.class], file [D:\workspace2\education\target\classes\com\soft\action\DailyPracticeAction.class], file [D:\workspace2\education\target\classes\com\soft\action\DailyScoreAction.class], file [D:\workspace2\education\target\classes\com\soft\action\LoginAction.class], file [D:\workspace2\education\target\classes\com\soft\action\PaperAction.class], file [D:\workspace2\education\target\classes\com\soft\action\PaperAnswerAction.class], file [D:\workspace2\education\target\classes\com\soft\action\PaperScoreAction.class], file [D:\workspace2\education\target\classes\com\soft\action\QuestionBankAction.class], file [D:\workspace2\education\target\classes\com\soft\action\QuestionTypeAction.class], file [D:\workspace2\education\target\classes\com\soft\action\StudentAction.class], file [D:\workspace2\education\target\classes\com\soft\action\StudentQuestionErrorAction.class], file [D:\workspace2\education\target\classes\com\soft\action\TeacherAction.class], file [D:\workspace2\education\target\classes\com\soft\dao\Chapter_ScoreMapper.class], file [D:\workspace2\education\target\classes\com\soft\dao\ChapterMapper.class], file [D:\workspace2\education\target\classes\com\soft\dao\CorpMapper.class], file [D:\workspace2\education\target\classes\com\soft\dao\CourseMapper.class], file [D:\workspace2\education\target\classes\com\soft\dao\Daily_ScoreMapper.class], file [D:\workspace2\education\target\classes\com\soft\dao\PaperAnswerMapper.class], file [D:\workspace2\education\target\classes\com\soft\dao\PaperMapper.class], file [D:\workspace2\education\target\classes\com\soft\dao\PaperQuestionMapper.class], file [D:\workspace2\education\target\classes\com\soft\dao\PaperScoreMapper.class], file [D:\workspace2\education\target\classes\com\soft\dao\PaperTypeMapper.class], file [D:\workspace2\education\target\classes\com\soft\dao\Qestion_Chapter_PracticeMapper.class], file [D:\workspace2\education\target\classes\com\soft\dao\Question_Chapter_AnswerMapper.class], file [D:\workspace2\education\target\classes\com\soft\dao\Question_Daily_AnswerMapper.class], file [D:\workspace2\education\target\classes\com\soft\dao\Question_Daily_PracticeMapper.class], file [D:\workspace2\education\target\classes\com\soft\dao\Question_Error_QuestionMapper.class], file [D:\workspace2\education\target\classes\com\soft\dao\Question_Question_TypeMapper.class], file [D:\workspace2\education\target\classes\com\soft\dao\Question_QuestionMapper.class], file [D:\workspace2\education\target\classes\com\soft\dao\StudentMapper.class], file [D:\workspace2\education\target\classes\com\soft\dao\TeacherMapper.class], file [D:\workspace2\education\target\classes\com\soft\filter\CharactorFilter.class], file [D:\workspace2\education\target\classes\com\soft\listener\LoginSessionListener.class], file [D:\workspace2\education\target\classes\com\soft\model\Chapter.class], file [D:\workspace2\education\target\classes\com\soft\model\Chapter_Score.class], file [D:\workspace2\education\target\classes\com\soft\model\Chapter_ScoreExample$Criteria.class], file [D:\workspace2\education\target\classes\com\soft\model\Chapter_ScoreExample$Criterion.class], file [D:\workspace2\education\target\classes\com\soft\model\Chapter_ScoreExample$GeneratedCriteria.class], file [D:\workspace2\education\target\classes\com\soft\model\Chapter_ScoreExample.class], file [D:\workspace2\education\target\classes\com\soft\model\ChapterExample$Criteria.class], file [D:\workspace2\education\target\classes\com\soft\model\ChapterExample$Criterion.class], file [D:\workspace2\education\target\classes\com\soft\model\ChapterExample$GeneratedCriteria.class], file [D:\workspace2\education\target\classes\com\soft\model\ChapterExample.class], file [D:\workspace2\education\target\classes\com\soft\model\Corp.class], file [D:\workspace2\education\target\classes\com\soft\model\CorpExample$Criteria.class], file [D:\workspace2\education\target\classes\com\soft\model\CorpExample$Criterion.class], file [D:\workspace2\education\target\classes\com\soft\model\CorpExample$GeneratedCriteria.class], file [D:\workspace2\education\target\classes\com\soft\model\CorpExample.class], file [D:\workspace2\education\target\classes\com\soft\model\Course.class], file [D:\workspace2\education\target\classes\com\soft\model\CourseExample$Criteria.class], file [D:\workspace2\education\target\classes\com\soft\model\CourseExample$Criterion.class], file [D:\workspace2\education\target\classes\com\soft\model\CourseExample$GeneratedCriteria.class], file [D:\workspace2\education\target\classes\com\soft\model\CourseExample.class], file [D:\workspace2\education\target\classes\com\soft\model\Daily_Score.class], file [D:\workspace2\education\target\classes\com\soft\model\Daily_ScoreExample$Criteria.class], file [D:\workspace2\education\target\classes\com\soft\model\Daily_ScoreExample$Criterion.class], file [D:\workspace2\education\target\classes\com\soft\model\Daily_ScoreExample$GeneratedCriteria.class], file [D:\workspace2\education\target\classes\com\soft\model\Daily_ScoreExample.class], file [D:\workspace2\education\target\classes\com\soft\model\Paper.class], file [D:\workspace2\education\target\classes\com\soft\model\PaperAnswer.class], file [D:\workspace2\education\target\classes\com\soft\model\PaperAnswerExample$Criteria.class], file [D:\workspace2\education\target\classes\com\soft\model\PaperAnswerExample$Criterion.class], file [D:\workspace2\education\target\classes\com\soft\model\PaperAnswerExample$GeneratedCriteria.class], file [D:\workspace2\education\target\classes\com\soft\model\PaperAnswerExample.class], file [D:\workspace2\education\target\classes\com\soft\model\PaperExample$Criteria.class], file [D:\workspace2\education\target\classes\com\soft\model\PaperExample$Criterion.class], file [D:\workspace2\education\target\classes\com\soft\model\PaperExample$GeneratedCriteria.class], file [D:\workspace2\education\target\classes\com\soft\model\PaperExample.class], file [D:\workspace2\education\target\classes\com\soft\model\PaperQuestion.class], file [D:\workspace2\education\target\classes\com\soft\model\PaperQuestionExample$Criteria.class], file [D:\workspace2\education\target\classes\com\soft\model\PaperQuestionExample$Criterion.class], file [D:\workspace2\education\target\classes\com\soft\model\PaperQuestionExample$GeneratedCriteria.class], file [D:\workspace2\education\target\classes\com\soft\model\PaperQuestionExample.class], file [D:\workspace2\education\target\classes\com\soft\model\PaperScore.class], file [D:\workspace2\education\target\classes\com\soft\model\PaperScoreExample$Criteria.class], file [D:\workspace2\education\target\classes\com\soft\model\PaperScoreExample$Criterion.class], file [D:\workspace2\education\target\classes\com\soft\model\PaperScoreExample$GeneratedCriteria.class], file [D:\workspace2\education\target\classes\com\soft\model\PaperScoreExample.class], file [D:\workspace2\education\target\classes\com\soft\model\PaperType.class], file [D:\workspace2\education\target\classes\com\soft\model\PaperTypeExample$Criteria.class], file [D:\workspace2\education\target\classes\com\soft\model\PaperTypeExample$Criterion.class], file [D:\workspace2\education\target\classes\com\soft\model\PaperTypeExample$GeneratedCriteria.class], file [D:\workspace2\education\target\classes\com\soft\model\PaperTypeExample.class], file [D:\workspace2\education\target\classes\com\soft\model\Qestion_Chapter_Practice.class], file [D:\workspace2\education\target\classes\com\soft\model\Qestion_Chapter_PracticeExample$Criteria.class], file [D:\workspace2\education\target\classes\com\soft\model\Qestion_Chapter_PracticeExample$Criterion.class], file [D:\workspace2\education\target\classes\com\soft\model\Qestion_Chapter_PracticeExample$GeneratedCriteria.class], file [D:\workspace2\education\target\classes\com\soft\model\Qestion_Chapter_PracticeExample.class], file [D:\workspace2\education\target\classes\com\soft\model\Question_Chapter_Answer.class], file [D:\workspace2\education\target\classes\com\soft\model\Question_Chapter_AnswerExample$Criteria.class], file [D:\workspace2\education\target\classes\com\soft\model\Question_Chapter_AnswerExample$Criterion.class], file [D:\workspace2\education\target\classes\com\soft\model\Question_Chapter_AnswerExample$GeneratedCriteria.class], file [D:\workspace2\education\target\classes\com\soft\model\Question_Chapter_AnswerExample.class], file [D:\workspace2\education\target\classes\com\soft\model\Question_Daily_Answer.class], file [D:\workspace2\education\target\classes\com\soft\model\Question_Daily_AnswerExample$Criteria.class], file [D:\workspace2\education\target\classes\com\soft\model\Question_Daily_AnswerExample$Criterion.class], file [D:\workspace2\education\target\classes\com\soft\model\Question_Daily_AnswerExample$GeneratedCriteria.class], file [D:\workspace2\education\target\classes\com\soft\model\Question_Daily_AnswerExample.class], file [D:\workspace2\education\target\classes\com\soft\model\Question_Daily_Practice.class], file [D:\workspace2\education\target\classes\com\soft\model\Question_Daily_PracticeExample$Criteria.class], file [D:\workspace2\education\target\classes\com\soft\model\Question_Daily_PracticeExample$Criterion.class], file [D:\workspace2\education\target\classes\com\soft\model\Question_Daily_PracticeExample$GeneratedCriteria.class], file [D:\workspace2\education\target\classes\com\soft\model\Question_Daily_PracticeExample.class], file [D:\workspace2\education\target\classes\com\soft\model\Question_Error_Question.class], file [D:\workspace2\education\target\classes\com\soft\model\Question_Error_QuestionExample$Criteria.class], file [D:\workspace2\education\target\classes\com\soft\model\Question_Error_QuestionExample$Criterion.class], file [D:\workspace2\education\target\classes\com\soft\model\Question_Error_QuestionExample$GeneratedCriteria.class], file [D:\workspace2\education\target\classes\com\soft\model\Question_Error_QuestionExample.class], file [D:\workspace2\education\target\classes\com\soft\model\Question_Question.class], file [D:\workspace2\education\target\classes\com\soft\model\Question_Question_Type.class], file [D:\workspace2\education\target\classes\com\soft\model\Question_Question_TypeExample$Criteria.class], file [D:\workspace2\education\target\classes\com\soft\model\Question_Question_TypeExample$Criterion.class], file [D:\workspace2\education\target\classes\com\soft\model\Question_Question_TypeExample$GeneratedCriteria.class], file [D:\workspace2\education\target\classes\com\soft\model\Question_Question_TypeExample.class], file [D:\workspace2\education\target\classes\com\soft\model\Question_QuestionExample$Criteria.class], file [D:\workspace2\education\target\classes\com\soft\model\Question_QuestionExample$Criterion.class], file [D:\workspace2\education\target\classes\com\soft\model\Question_QuestionExample$GeneratedCriteria.class], file [D:\workspace2\education\target\classes\com\soft\model\Question_QuestionExample.class], file [D:\workspace2\education\target\classes\com\soft\model\Student.class], file [D:\workspace2\education\target\classes\com\soft\model\StudentExample$Criteria.class], file [D:\workspace2\education\target\classes\com\soft\model\StudentExample$Criterion.class], file [D:\workspace2\education\target\classes\com\soft\model\StudentExample$GeneratedCriteria.class], file [D:\workspace2\education\target\classes\com\soft\model\StudentExample.class], file [D:\workspace2\education\target\classes\com\soft\model\StudentQuestion.class], file [D:\workspace2\education\target\classes\com\soft\model\Teacher.class], file [D:\workspace2\education\target\classes\com\soft\model\TeacherExample$Criteria.class], file [D:\workspace2\education\target\classes\com\soft\model\TeacherExample$Criterion.class], file [D:\workspace2\education\target\classes\com\soft\model\TeacherExample$GeneratedCriteria.class], file [D:\workspace2\education\target\classes\com\soft\model\TeacherExample.class], file [D:\workspace2\education\target\classes\com\soft\service\ChapterPracticeService.class], file [D:\workspace2\education\target\classes\com\soft\service\ChapterQuesAnswerService.class], file [D:\workspace2\education\target\classes\com\soft\service\ChapterScopeService.class], file [D:\workspace2\education\target\classes\com\soft\service\ChapterService.class], file [D:\workspace2\education\target\classes\com\soft\service\CourseService.class], file [D:\workspace2\education\target\classes\com\soft\service\DailyScoreService.class], file [D:\workspace2\education\target\classes\com\soft\service\impl\ChapterPracticeServiceImpl.class], file [D:\workspace2\education\target\classes\com\soft\service\impl\ChapterQuesAnswerServiceImpl.class], file [D:\workspace2\education\target\classes\com\soft\service\impl\ChapterScopeServiceImpl.class], file [D:\workspace2\education\target\classes\com\soft\service\impl\ChapterServiceImpl.class], file [D:\workspace2\education\target\classes\com\soft\service\impl\CourseServiceImpl.class], file [D:\workspace2\education\target\classes\com\soft\service\impl\DailyScoreServiceImpl.class], file [D:\workspace2\education\target\classes\com\soft\service\impl\PaperAnswerServiceImpl.class], file [D:\workspace2\education\target\classes\com\soft\service\impl\PaperQuestionServiceImpl.class], file [D:\workspace2\education\target\classes\com\soft\service\impl\PaperScoreServiceImpl.class], file [D:\workspace2\education\target\classes\com\soft\service\impl\PaperServiceImpl.class], file [D:\workspace2\education\target\classes\com\soft\service\impl\QuestionBankServiceImpl.class], file [D:\workspace2\education\target\classes\com\soft\service\impl\QuestionDailyAnswerServiceImpl.class], file [D:\workspace2\education\target\classes\com\soft\service\impl\QuestionDailyPracticeServiceImpl.class], file [D:\workspace2\education\target\classes\com\soft\service\impl\QuestionErrorServiceImpl.class], file [D:\workspace2\education\target\classes\com\soft\service\impl\QuestionTypeServiceImpl.class], file [D:\workspace2\education\target\classes\com\soft\service\impl\ShowPaperServiceImpl.class], file [D:\workspace2\education\target\classes\com\soft\service\impl\StudentServiceImpl.class], file [D:\workspace2\education\target\classes\com\soft\service\impl\TeacherServiceImpl.class], file [D:\workspace2\education\target\classes\com\soft\service\PaperAnswerService.class], file [D:\workspace2\education\target\classes\com\soft\service\PaperQuestionService.class], file [D:\workspace2\education\target\classes\com\soft\service\PaperScoreService.class], file [D:\workspace2\education\target\classes\com\soft\service\PaperService.class], file [D:\workspace2\education\target\classes\com\soft\service\QuestionBankService.class], file [D:\workspace2\education\target\classes\com\soft\service\QuestionDailyAnswerService.class], file [D:\workspace2\education\target\classes\com\soft\service\QuestionDailyPracticeService.class], file [D:\workspace2\education\target\classes\com\soft\service\QuestionErrorService.class], file [D:\workspace2\education\target\classes\com\soft\service\QuestionTypeService.class], file [D:\workspace2\education\target\classes\com\soft\service\ShowPaperService.class], file [D:\workspace2\education\target\classes\com\soft\service\StudentService.class], file [D:\workspace2\education\target\classes\com\soft\service\TeacherService.class], file [D:\workspace2\education\target\classes\com\soft\util\DateUtil.class], file [D:\workspace2\education\target\classes\com\soft\vo\chapterPracticeVO.class], file [D:\workspace2\education\target\classes\com\soft\vo\ChoosePaperVO.class], file [D:\workspace2\education\target\classes\com\soft\vo\DailyAnswerShow.class], file [D:\workspace2\education\target\classes\com\soft\vo\DailyQuestionShowVO.class], file [D:\workspace2\education\target\classes\com\soft\vo\PaperAnswerQuestionStudentAreaVo.class], file [D:\workspace2\education\target\classes\com\soft\vo\ShowPaper.class], file [D:\workspace2\education\target\classes\com\soft\vo\StudentChapterTest.class], file [D:\workspace2\education\target\classes\com\soft\vo\StudentScopeVo.class], file [D:\workspace2\education\target\classes\com\soft\vo\StudentScoreVo.class]]
2019-11-04 08:36:57,525 [main] DEBUG [org.springframework.context.annotation.ClassPathBeanDefinitionScanner] - Identified candidate component class: file [D:\workspace2\education\target\classes\com\soft\service\impl\ChapterPracticeServiceImpl.class]
2019-11-04 08:36:57,526 [main] DEBUG [org.springframework.context.annotation.ClassPathBeanDefinitionScanner] - Identified candidate component class: file [D:\workspace2\education\target\classes\com\soft\service\impl\ChapterQuesAnswerServiceImpl.class]
2019-11-04 08:36:57,526 [main] DEBUG [org.springframework.context.annotation.ClassPathBeanDefinitionScanner] - Identified candidate component class: file [D:\workspace2\education\target\classes\com\soft\service\impl\ChapterScopeServiceImpl.class]
2019-11-04 08:36:57,526 [main] DEBUG [org.springframework.context.annotation.ClassPathBeanDefinitionScanner] - Identified candidate component class: file [D:\workspace2\education\target\classes\com\soft\service\impl\ChapterServiceImpl.class]
2019-11-04 08:36:57,526 [main] DEBUG [org.springframework.context.annotation.ClassPathBeanDefinitionScanner] - Identified candidate component class: file [D:\workspace2\education\target\classes\com\soft\service\impl\CourseServiceImpl.class]
2019-11-04 08:36:57,526 [main] DEBUG [org.springframework.context.annotation.ClassPathBeanDefinitionScanner] - Identified candidate component class: file [D:\workspace2\education\target\classes\com\soft\service\impl\DailyScoreServiceImpl.class]
2019-11-04 08:36:57,527 [main] DEBUG [org.springframework.context.annotation.ClassPathBeanDefinitionScanner] - Identified candidate component class: file [D:\workspace2\education\target\classes\com\soft\service\impl\PaperAnswerServiceImpl.class]
2019-11-04 08:36:57,527 [main] DEBUG [org.springframework.context.annotation.ClassPathBeanDefinitionScanner] - Identified candidate component class: file [D:\workspace2\education\target\classes\com\soft\service\impl\PaperQuestionServiceImpl.class]
2019-11-04 08:36:57,527 [main] DEBUG [org.springframework.context.annotation.ClassPathBeanDefinitionScanner] - Identified candidate component class: file [D:\workspace2\education\target\classes\com\soft\service\impl\PaperScoreServiceImpl.class]
2019-11-04 08:36:57,527 [main] DEBUG [org.springframework.context.annotation.ClassPathBeanDefinitionScanner] - Identified candidate component class: file [D:\workspace2\education\target\classes\com\soft\service\impl\PaperServiceImpl.class]
2019-11-04 08:36:57,527 [main] DEBUG [org.springframework.context.annotation.ClassPathBeanDefinitionScanner] - Identified candidate component class: file [D:\workspace2\education\target\classes\com\soft\service\impl\QuestionBankServiceImpl.class]
2019-11-04 08:36:57,527 [main] DEBUG [org.springframework.context.annotation.ClassPathBeanDefinitionScanner] - Identified candidate component class: file [D:\workspace2\education\target\classes\com\soft\service\impl\QuestionDailyAnswerServiceImpl.class]
2019-11-04 08:36:57,527 [main] DEBUG [org.springframework.context.annotation.ClassPathBeanDefinitionScanner] - Identified candidate component class: file [D:\workspace2\education\target\classes\com\soft\service\impl\QuestionDailyPracticeServiceImpl.class]
2019-11-04 08:36:57,528 [main] DEBUG [org.springframework.context.annotation.ClassPathBeanDefinitionScanner] - Identified candidate component class: file [D:\workspace2\education\target\classes\com\soft\service\impl\QuestionErrorServiceImpl.class]
2019-11-04 08:36:57,528 [main] DEBUG [org.springframework.context.annotation.ClassPathBeanDefinitionScanner] - Identified candidate component class: file [D:\workspace2\education\target\classes\com\soft\service\impl\QuestionTypeServiceImpl.class]
2019-11-04 08:36:57,528 [main] DEBUG [org.springframework.context.annotation.ClassPathBeanDefinitionScanner] - Identified candidate component class: file [D:\workspace2\education\target\classes\com\soft\service\impl\ShowPaperServiceImpl.class]
2019-11-04 08:36:57,528 [main] DEBUG [org.springframework.context.annotation.ClassPathBeanDefinitionScanner] - Identified candidate component class: file [D:\workspace2\education\target\classes\com\soft\service\impl\StudentServiceImpl.class]
2019-11-04 08:36:57,529 [main] DEBUG [org.springframework.context.annotation.ClassPathBeanDefinitionScanner] - Identified candidate component class: file [D:\workspace2\education\target\classes\com\soft\service\impl\TeacherServiceImpl.class]
2019-11-04 08:36:57,531 [main] DEBUG [org.springframework.beans.factory.xml.BeanDefinitionParserDelegate] - Neither XML &apos;id&apos; nor &apos;name&apos; specified - using generated bean name [org.mybatis.spring.mapper.MapperScannerConfigurer#0]
2019-11-04 08:36:57,531 [main] DEBUG [org.springframework.beans.factory.xml.XmlBeanDefinitionReader] - Loaded 34 bean definitions from location pattern [applicationContext.xml]
2019-11-04 08:36:57,531 [main] DEBUG [org.springframework.context.support.ClassPathXmlApplicationContext] - Bean factory for org.springframework.context.support.ClassPathXmlApplicationContext@1b410308: org.springframework.beans.factory.support.DefaultListableBeanFactory@78ec89a6: defining beans [chapterPracticeServiceImpl,chapterQuesAnswerServiceImpl,chapterScopeServiceImpl,chapterServiceImpl,courseService,dailyScoreService,PaperAnswerService,PaperQuestionService,PaperScoreService,PaperService,questionBankServiceImpl,questinaDailyAnswerService,questionDailyPracticeService,questionErrorServiceImpl,questionTypeServiceImpl,ShowPaperService,studentService,TeacherService,org.springframework.context.annotation.internalConfigurationAnnotationProcessor,org.springframework.context.annotation.internalAutowiredAnnotationProcessor,org.springframework.context.annotation.internalRequiredAnnotationProcessor,org.springframework.context.annotation.internalCommonAnnotationProcessor,org.springframework.context.event.internalEventListenerProcessor,org.springframework.context.event.internalEventListenerFactory,org.springframework.context.support.PropertySourcesPlaceholderConfigurer#0,dataSource,dataSourceTransactionManager,org.springframework.transaction.config.internalTransactionalEventListenerFactory,org.springframework.aop.config.internalAutoProxyCreator,org.springframework.transaction.annotation.AnnotationTransactionAttributeSource#0,org.springframework.transaction.interceptor.TransactionInterceptor#0,org.springframework.transaction.config.internalTransactionAdvisor,sqlSessionFactoryBean,org.mybatis.spring.mapper.MapperScannerConfigurer#0]; root of factory hierarchy
2019-11-04 08:36:57,532 [main] DEBUG [org.springframework.beans.factory.support.DefaultListableBeanFactory] - Creating shared instance of singleton bean &apos;org.springframework.context.annotation.internalConfigurationAnnotationProcessor&apos;
2019-11-04 08:36:57,532 [main] DEBUG [org.springframework.beans.factory.support.DefaultListableBeanFactory] - Creating instance of bean &apos;org.springframework.context.annotation.internalConfigurationAnnotationProcessor&apos;
2019-11-04 08:36:57,532 [main] DEBUG [org.springframework.beans.factory.support.DefaultListableBeanFactory] - Eagerly caching bean &apos;org.springframework.context.annotation.internalConfigurationAnnotationProcessor&apos; to allow for resolving potential circular references
2019-11-04 08:36:57,532 [main] DEBUG [org.springframework.beans.factory.support.DefaultListableBeanFactory] - Finished creating instance of bean &apos;org.springframework.context.annotation.internalConfigurationAnnotationProcessor&apos;
2019-11-04 08:36:57,544 [main] DEBUG [org.springframework.beans.factory.support.DefaultListableBeanFactory] - Creating shared instance of singleton bean &apos;org.mybatis.spring.mapper.MapperScannerConfigurer#0&apos;
2019-11-04 08:36:57,544 [main] DEBUG [org.springframework.beans.factory.support.DefaultListableBeanFactory] - Creating instance of bean &apos;org.mybatis.spring.mapper.MapperScannerConfigurer#0&apos;
2019-11-04 08:36:57,544 [main] DEBUG [org.springframework.beans.factory.support.DefaultListableBeanFactory] - Eagerly caching bean &apos;org.mybatis.spring.mapper.MapperScannerConfigurer#0&apos; to allow for resolving potential circular references
2019-11-04 08:36:57,545 [main] DEBUG [org.springframework.beans.factory.support.DefaultListableBeanFactory] - Invoking afterPropertiesSet() on bean with name &apos;org.mybatis.spring.mapper.MapperScannerConfigurer#0&apos;
2019-11-04 08:36:57,545 [main] DEBUG [org.springframework.beans.factory.support.DefaultListableBeanFactory] - Finished creating instance of bean &apos;org.mybatis.spring.mapper.MapperScannerConfigurer#0&apos;
2019-11-04 08:36:57,545 [main] DEBUG [org.springframework.core.env.StandardEnvironment] - Adding [systemProperties] PropertySource with lowest search precedence
2019-11-04 08:36:57,545 [main] DEBUG [org.springframework.core.env.StandardEnvironment] - Adding [systemEnvironment] PropertySource with lowest search precedence
2019-11-04 08:36:57,545 [main] DEBUG [org.springframework.core.env.StandardEnvironment] - Initialized StandardEnvironment with PropertySources [systemProperties,systemEnvironment]
2019-11-04 08:36:57,546 [main] DEBUG [org.springframework.core.io.support.PathMatchingResourcePatternResolver] - Resolved classpath location [com/soft/dao/] to resources [URL [file:/D:/workspace2/education/target/classes/com/soft/dao/]]
2019-11-04 08:36:57,546 [main] DEBUG [org.springframework.core.io.support.PathMatchingResourcePatternResolver] - Looking for matching resources in directory tree [D:\workspace2\education\target\classes\com\soft\dao]
2019-11-04 08:36:57,546 [main] DEBUG [org.springframework.core.io.support.PathMatchingResourcePatternResolver] - Searching directory [D:\workspace2\education\target\classes\com\soft\dao] for files matching pattern [D:/workspace2/education/target/classes/com/soft/dao/**/*.class]
2019-11-04 08:36:57,546 [main] DEBUG [org.springframework.core.io.support.PathMatchingResourcePatternResolver] - Resolved location pattern [classpath*:com/soft/dao/**/*.class] to resources [file [D:\workspace2\education\target\classes\com\soft\dao\Chapter_ScoreMapper.class], file [D:\workspace2\education\target\classes\com\soft\dao\ChapterMapper.class], file [D:\workspace2\education\target\classes\com\soft\dao\CorpMapper.class], file [D:\workspace2\education\target\classes\com\soft\dao\CourseMapper.class], file [D:\workspace2\education\target\classes\com\soft\dao\Daily_ScoreMapper.class], file [D:\workspace2\education\target\classes\com\soft\dao\PaperAnswerMapper.class], file [D:\workspace2\education\target\classes\com\soft\dao\PaperMapper.class], file [D:\workspace2\education\target\classes\com\soft\dao\PaperQuestionMapper.class], file [D:\workspace2\education\target\classes\com\soft\dao\PaperScoreMapper.class], file [D:\workspace2\education\target\classes\com\soft\dao\PaperTypeMapper.class], file [D:\workspace2\education\target\classes\com\soft\dao\Qestion_Chapter_PracticeMapper.class], file [D:\workspace2\education\target\classes\com\soft\dao\Question_Chapter_AnswerMapper.class], file [D:\workspace2\education\target\classes\com\soft\dao\Question_Daily_AnswerMapper.class], file [D:\workspace2\education\target\classes\com\soft\dao\Question_Daily_PracticeMapper.class], file [D:\workspace2\education\target\classes\com\soft\dao\Question_Error_QuestionMapper.class], file [D:\workspace2\education\target\classes\com\soft\dao\Question_Question_TypeMapper.class], file [D:\workspace2\education\target\classes\com\soft\dao\Question_QuestionMapper.class], file [D:\workspace2\education\target\classes\com\soft\dao\StudentMapper.class], file [D:\workspace2\education\target\classes\com\soft\dao\TeacherMapper.class]]
2019-11-04 08:36:57,546 [main] DEBUG [org.mybatis.spring.mapper.ClassPathMapperScanner] - Identified candidate component class: file [D:\workspace2\education\target\classes\com\soft\dao\Chapter_ScoreMapper.class]
2019-11-04 08:36:57,546 [main] DEBUG [org.mybatis.spring.mapper.ClassPathMapperScanner] - Identified candidate component class: file [D:\workspace2\education\target\classes\com\soft\dao\ChapterMapper.class]
2019-11-04 08:36:57,546 [main] DEBUG [org.mybatis.spring.mapper.ClassPathMapperScanner] - Identified candidate component class: file [D:\workspace2\education\target\classes\com\soft\dao\CorpMapper.class]
2019-11-04 08:36:57,546 [main] DEBUG [org.mybatis.spring.mapper.ClassPathMapperScanner] - Identified candidate component class: file [D:\workspace2\education\target\classes\com\soft\dao\CourseMapper.class]
2019-11-04 08:36:57,547 [main] DEBUG [org.mybatis.spring.mapper.ClassPathMapperScanner] - Identified candidate component class: file [D:\workspace2\education\target\classes\com\soft\dao\Daily_ScoreMapper.class]
2019-11-04 08:36:57,547 [main] DEBUG [org.mybatis.spring.mapper.ClassPathMapperScanner] - Identified candidate component class: file [D:\workspace2\education\target\classes\com\soft\dao\PaperAnswerMapper.class]
2019-11-04 08:36:57,547 [main] DEBUG [org.mybatis.spring.mapper.ClassPathMapperScanner] - Identified candidate component class: file [D:\workspace2\education\target\classes\com\soft\dao\PaperMapper.class]
2019-11-04 08:36:57,547 [main] DEBUG [org.mybatis.spring.mapper.ClassPathMapperScanner] - Identified candidate component class: file [D:\workspace2\education\target\classes\com\soft\dao\PaperQuestionMapper.class]
2019-11-04 08:36:57,547 [main] DEBUG [org.mybatis.spring.mapper.ClassPathMapperScanner] - Identified candidate component class: file [D:\workspace2\education\target\classes\com\soft\dao\PaperScoreMapper.class]
2019-11-04 08:36:57,547 [main] DEBUG [org.mybatis.spring.mapper.ClassPathMapperScanner] - Identified candidate component class: file [D:\workspace2\education\target\classes\com\soft\dao\PaperTypeMapper.class]
2019-11-04 08:36:57,547 [main] DEBUG [org.mybatis.spring.mapper.ClassPathMapperScanner] - Identified candidate component class: file [D:\workspace2\education\target\classes\com\soft\dao\Qestion_Chapter_PracticeMapper.class]
2019-11-04 08:36:57,547 [main] DEBUG [org.mybatis.spring.mapper.ClassPathMapperScanner] - Identified candidate component class: file [D:\workspace2\education\target\classes\com\soft\dao\Question_Chapter_AnswerMapper.class]
2019-11-04 08:36:57,547 [main] DEBUG [org.mybatis.spring.mapper.ClassPathMapperScanner] - Identified candidate component class: file [D:\workspace2\education\target\classes\com\soft\dao\Question_Daily_AnswerMapper.class]
2019-11-04 08:36:57,547 [main] DEBUG [org.mybatis.spring.mapper.ClassPathMapperScanner] - Identified candidate component class: file [D:\workspace2\education\target\classes\com\soft\dao\Question_Daily_PracticeMapper.class]
2019-11-04 08:36:57,547 [main] DEBUG [org.mybatis.spring.mapper.ClassPathMapperScanner] - Identified candidate component class: file [D:\workspace2\education\target\classes\com\soft\dao\Question_Error_QuestionMapper.class]
2019-11-04 08:36:57,547 [main] DEBUG [org.mybatis.spring.mapper.ClassPathMapperScanner] - Identified candidate component class: file [D:\workspace2\education\target\classes\com\soft\dao\Question_Question_TypeMapper.class]
2019-11-04 08:36:57,548 [main] DEBUG [org.mybatis.spring.mapper.ClassPathMapperScanner] - Identified candidate component class: file [D:\workspace2\education\target\classes\com\soft\dao\Question_QuestionMapper.class]
2019-11-04 08:36:57,548 [main] DEBUG [org.mybatis.spring.mapper.ClassPathMapperScanner] - Identified candidate component class: file [D:\workspace2\education\target\classes\com\soft\dao\StudentMapper.class]
2019-11-04 08:36:57,548 [main] DEBUG [org.mybatis.spring.mapper.ClassPathMapperScanner] - Identified candidate component class: file [D:\workspace2\education\target\classes\com\soft\dao\TeacherMapper.class]
2019-11-04 08:36:57,548 [main] DEBUG [org.mybatis.spring.mapper.ClassPathMapperScanner] - Creating MapperFactoryBean with name &apos;chapter_ScoreMapper&apos; and &apos;com.soft.dao.Chapter_ScoreMapper&apos; mapperInterface
2019-11-04 08:36:57,548 [main] DEBUG [org.mybatis.spring.mapper.ClassPathMapperScanner] - Enabling autowire by type for MapperFactoryBean with name &apos;chapter_ScoreMapper&apos;.
2019-11-04 08:36:57,548 [main] DEBUG [org.mybatis.spring.mapper.ClassPathMapperScanner] - Creating MapperFactoryBean with name &apos;chapterMapper&apos; and &apos;com.soft.dao.ChapterMapper&apos; mapperInterface
2019-11-04 08:36:57,548 [main] DEBUG [org.mybatis.spring.mapper.ClassPathMapperScanner] - Enabling autowire by type for MapperFactoryBean with name &apos;chapterMapper&apos;.
2019-11-04 08:36:57,548 [main] DEBUG [org.mybatis.spring.mapper.ClassPathMapperScanner] - Creating MapperFactoryBean with name &apos;corpMapper&apos; and &apos;com.soft.dao.CorpMapper&apos; mapperInterface
2019-11-04 08:36:57,548 [main] DEBUG [org.mybatis.spring.mapper.ClassPathMapperScanner] - Enabling autowire by type for MapperFactoryBean with name &apos;corpMapper&apos;.
2019-11-04 08:36:57,548 [main] DEBUG [org.mybatis.spring.mapper.ClassPathMapperScanner] - Creating MapperFactoryBean with name &apos;courseMapper&apos; and &apos;com.soft.dao.CourseMapper&apos; mapperInterface
2019-11-04 08:36:57,548 [main] DEBUG [org.mybatis.spring.mapper.ClassPathMapperScanner] - Enabling autowire by type for MapperFactoryBean with name &apos;courseMapper&apos;.
2019-11-04 08:36:57,548 [main] DEBUG [org.mybatis.spring.mapper.ClassPathMapperScanner] - Creating MapperFactoryBean with name &apos;daily_ScoreMapper&apos; and &apos;com.soft.dao.Daily_ScoreMapper&apos; mapperInterface
2019-11-04 08:36:57,548 [main] DEBUG [org.mybatis.spring.mapper.ClassPathMapperScanner] - Enabling autowire by type for MapperFactoryBean with name &apos;daily_ScoreMapper&apos;.
2019-11-04 08:36:57,548 [main] DEBUG [org.mybatis.spring.mapper.ClassPathMapperScanner] - Creating MapperFactoryBean with name &apos;paperAnswerMapper&apos; and &apos;com.soft.dao.PaperAnswerMapper&apos; mapperInterface
2019-11-04 08:36:57,548 [main] DEBUG [org.mybatis.spring.mapper.ClassPathMapperScanner] - Enabling autowire by type for MapperFactoryBean with name &apos;paperAnswerMapper&apos;.
2019-11-04 08:36:57,548 [main] DEBUG [org.mybatis.spring.mapper.ClassPathMapperScanner] - Creating MapperFactoryBean with name &apos;paperMapper&apos; and &apos;com.soft.dao.PaperMapper&apos; mapperInterface
2019-11-04 08:36:57,548 [main] DEBUG [org.mybatis.spring.mapper.ClassPathMapperScanner] - Enabling autowire by type for MapperFactoryBean with name &apos;paperMapper&apos;.
2019-11-04 08:36:57,548 [main] DEBUG [org.mybatis.spring.mapper.ClassPathMapperScanner] - Creating MapperFactoryBean with name &apos;paperQuestionMapper&apos; and &apos;com.soft.dao.PaperQuestionMapper&apos; mapperInterface
2019-11-04 08:36:57,548 [main] DEBUG [org.mybatis.spring.mapper.ClassPathMapperScanner] - Enabling autowire by type for MapperFactoryBean with name &apos;paperQuestionMapper&apos;.
2019-11-04 08:36:57,548 [main] DEBUG [org.mybatis.spring.mapper.ClassPathMapperScanner] - Creating MapperFactoryBean with name &apos;paperScoreMapper&apos; and &apos;com.soft.dao.PaperScoreMapper&apos; mapperInterface
2019-11-04 08:36:57,548 [main] DEBUG [org.mybatis.spring.mapper.ClassPathMapperScanner] - Enabling autowire by type for MapperFactoryBean with name &apos;paperScoreMapper&apos;.
2019-11-04 08:36:57,548 [main] DEBUG [org.mybatis.spring.mapper.ClassPathMapperScanner] - Creating MapperFactoryBean with name &apos;paperTypeMapper&apos; and &apos;com.soft.dao.PaperTypeMapper&apos; mapperInterface
2019-11-04 08:36:57,548 [main] DEBUG [org.mybatis.spring.mapper.ClassPathMapperScanner] - Enabling autowire by type for MapperFactoryBean with name &apos;paperTypeMapper&apos;.
2019-11-04 08:36:57,548 [main] DEBUG [org.mybatis.spring.mapper.ClassPathMapperScanner] - Creating MapperFactoryBean with name &apos;qestion_Chapter_PracticeMapper&apos; and &apos;com.soft.dao.Qestion_Chapter_PracticeMapper&apos; mapperInterface
2019-11-04 08:36:57,548 [main] DEBUG [org.mybatis.spring.mapper.ClassPathMapperScanner] - Enabling autowire by type for MapperFactoryBean with name &apos;qestion_Chapter_PracticeMapper&apos;.
2019-11-04 08:36:57,548 [main] DEBUG [org.mybatis.spring.mapper.ClassPathMapperScanner] - Creating MapperFactoryBean with name &apos;question_Chapter_AnswerMapper&apos; and &apos;com.soft.dao.Question_Chapter_AnswerMapper&apos; mapperInterface
2019-11-04 08:36:57,548 [main] DEBUG [org.mybatis.spring.mapper.ClassPathMapperScanner] - Enabling autowire by type for MapperFactoryBean with name &apos;question_Chapter_AnswerMapper&apos;.
2019-11-04 08:36:57,548 [main] DEBUG [org.mybatis.spring.mapper.ClassPathMapperScanner] - Creating MapperFactoryBean with name &apos;question_Daily_AnswerMapper&apos; and &apos;com.soft.dao.Question_Daily_AnswerMapper&apos; mapperInterface
2019-11-04 08:36:57,548 [main] DEBUG [org.mybatis.spring.mapper.ClassPathMapperScanner] - Enabling autowire by type for MapperFactoryBean with name &apos;question_Daily_AnswerMapper&apos;.
2019-11-04 08:36:57,548 [main] DEBUG [org.mybatis.spring.mapper.ClassPathMapperScanner] - Creating MapperFactoryBean with name &apos;question_Daily_PracticeMapper&apos; and &apos;com.soft.dao.Question_Daily_PracticeMapper&apos; mapperInterface
2019-11-04 08:36:57,548 [main] DEBUG [org.mybatis.spring.mapper.ClassPathMapperScanner] - Enabling autowire by type for MapperFactoryBean with name &apos;question_Daily_PracticeMapper&apos;.
2019-11-04 08:36:57,548 [main] DEBUG [org.mybatis.spring.mapper.ClassPathMapperScanner] - Creating MapperFactoryBean with name &apos;question_Error_QuestionMapper&apos; and &apos;com.soft.dao.Question_Error_QuestionMapper&apos; mapperInterface
2019-11-04 08:36:57,548 [main] DEBUG [org.mybatis.spring.mapper.ClassPathMapperScanner] - Enabling autowire by type for MapperFactoryBean with name &apos;question_Error_QuestionMapper&apos;.
2019-11-04 08:36:57,548 [main] DEBUG [org.mybatis.spring.mapper.ClassPathMapperScanner] - Creating MapperFactoryBean with name &apos;question_Question_TypeMapper&apos; and &apos;com.soft.dao.Question_Question_TypeMapper&apos; mapperInterface
2019-11-04 08:36:57,548 [main] DEBUG [org.mybatis.spring.mapper.ClassPathMapperScanner] - Enabling autowire by type for MapperFactoryBean with name &apos;question_Question_TypeMapper&apos;.
2019-11-04 08:36:57,548 [main] DEBUG [org.mybatis.spring.mapper.ClassPathMapperScanner] - Creating MapperFactoryBean with name &apos;question_QuestionMapper&apos; and &apos;com.soft.dao.Question_QuestionMapper&apos; mapperInterface
2019-11-04 08:36:57,548 [main] DEBUG [org.mybatis.spring.mapper.ClassPathMapperScanner] - Enabling autowire by type for MapperFactoryBean with name &apos;question_QuestionMapper&apos;.
2019-11-04 08:36:57,548 [main] DEBUG [org.mybatis.spring.mapper.ClassPathMapperScanner] - Creating MapperFactoryBean with name &apos;studentMapper&apos; and &apos;com.soft.dao.StudentMapper&apos; mapperInterface
2019-11-04 08:36:57,548 [main] DEBUG [org.mybatis.spring.mapper.ClassPathMapperScanner] - Enabling autowire by type for MapperFactoryBean with name &apos;studentMapper&apos;.
2019-11-04 08:36:57,548 [main] DEBUG [org.mybatis.spring.mapper.ClassPathMapperScanner] - Creating MapperFactoryBean with name &apos;teacherMapper&apos; and &apos;com.soft.dao.TeacherMapper&apos; mapperInterface
2019-11-04 08:36:57,548 [main] DEBUG [org.mybatis.spring.mapper.ClassPathMapperScanner] - Enabling autowire by type for MapperFactoryBean with name &apos;teacherMapper&apos;.
2019-11-04 08:36:57,549 [main] DEBUG [org.springframework.beans.factory.support.DefaultListableBeanFactory] - Creating shared instance of singleton bean &apos;org.springframework.context.support.PropertySourcesPlaceholderConfigurer#0&apos;
2019-11-04 08:36:57,549 [main] DEBUG [org.springframework.beans.factory.support.DefaultListableBeanFactory] - Creating instance of bean &apos;org.springframework.context.support.PropertySourcesPlaceholderConfigurer#0&apos;
2019-11-04 08:36:57,549 [main] DEBUG [org.springframework.beans.factory.support.DefaultListableBeanFactory] - Eagerly caching bean &apos;org.springframework.context.support.PropertySourcesPlaceholderConfigurer#0&apos; to allow for resolving potential circular references
2019-11-04 08:36:57,550 [main] DEBUG [org.springframework.beans.factory.support.DefaultListableBeanFactory] - Finished creating instance of bean &apos;org.springframework.context.support.PropertySourcesPlaceholderConfigurer#0&apos;
2019-11-04 08:36:57,550 [main] DEBUG [org.springframework.core.env.MutablePropertySources] - Adding [environmentProperties] PropertySource with lowest search precedence
2019-11-04 08:36:57,550 [main] DEBUG [org.springframework.context.support.PropertySourcesPlaceholderConfigurer] - Loading properties file from class path resource [dbconfig.properties]
2019-11-04 08:36:57,550 [main] DEBUG [org.springframework.core.env.MutablePropertySources] - Adding [localProperties] PropertySource with lowest search precedence
2019-11-04 08:36:57,551 [main] DEBUG [org.springframework.core.env.PropertySourcesPropertyResolver] - Could not find key &apos;jdbc.url&apos; in any property source
2019-11-04 08:36:57,551 [main] DEBUG [org.springframework.core.env.PropertySourcesPropertyResolver] - Found key &apos;jdbc.url&apos; in [localProperties] with type [String]
2019-11-04 08:36:57,551 [main] DEBUG [org.springframework.core.env.PropertySourcesPropertyResolver] - Could not find key &apos;jdbc.driver&apos; in any property source
2019-11-04 08:36:57,551 [main] DEBUG [org.springframework.core.env.PropertySourcesPropertyResolver] - Found key &apos;jdbc.driver&apos; in [localProperties] with type [String]
2019-11-04 08:36:57,551 [main] DEBUG [org.springframework.core.env.PropertySourcesPropertyResolver] - Could not find key &apos;jdbc.username&apos; in any property source
2019-11-04 08:36:57,551 [main] DEBUG [org.springframework.core.env.PropertySourcesPropertyResolver] - Found key &apos;jdbc.username&apos; in [localProperties] with type [String]
2019-11-04 08:36:57,551 [main] DEBUG [org.springframework.core.env.PropertySourcesPropertyResolver] - Could not find key &apos;jdbc.password&apos; in any property source
2019-11-04 08:36:57,551 [main] DEBUG [org.springframework.core.env.PropertySourcesPropertyResolver] - Found key &apos;jdbc.password&apos; in [localProperties] with type [String]
2019-11-04 08:36:57,551 [main] DEBUG [org.springframework.beans.factory.support.DefaultListableBeanFactory] - Creating shared instance of singleton bean &apos;org.springframework.context.annotation.internalAutowiredAnnotationProcessor&apos;
2019-11-04 08:36:57,551 [main] DEBUG [org.springframework.beans.factory.support.DefaultListableBeanFactory] - Creating instance of bean &apos;org.springframework.context.annotation.internalAutowiredAnnotationProcessor&apos;
2019-11-04 08:36:57,551 [main] DEBUG [org.springframework.beans.factory.support.DefaultListableBeanFactory] - Eagerly caching bean &apos;org.springframework.context.annotation.internalAutowiredAnnotationProcessor&apos; to allow for resolving potential circular references
2019-11-04 08:36:57,553 [main] DEBUG [org.springframework.beans.factory.support.DefaultListableBeanFactory] - Finished creating instance of bean &apos;org.springframework.context.annotation.internalAutowiredAnnotationProcessor&apos;
2019-11-04 08:36:57,553 [main] DEBUG [org.springframework.beans.factory.support.DefaultListableBeanFactory] - Creating shared instance of singleton bean &apos;org.springframework.context.annotation.internalRequiredAnnotationProcessor&apos;
2019-11-04 08:36:57,553 [main] DEBUG [org.springframework.beans.factory.support.DefaultListableBeanFactory] - Creating instance of bean &apos;org.springframework.context.annotation.internalRequiredAnnotationProcessor&apos;
2019-11-04 08:36:57,553 [main] DEBUG [org.springframework.beans.factory.support.DefaultListableBeanFactory] - Eagerly caching bean &apos;org.springframework.context.annotation.internalRequiredAnnotationProcessor&apos; to allow for resolving potential circular references
2019-11-04 08:36:57,554 [main] DEBUG [org.springframework.beans.factory.support.DefaultListableBeanFactory] - Finished creating instance of bean &apos;org.springframework.context.annotation.internalRequiredAnnotationProcessor&apos;
2019-11-04 08:36:57,554 [main] DEBUG [org.springframework.beans.factory.support.DefaultListableBeanFactory] - Creating shared instance of singleton bean &apos;org.springframework.context.annotation.internalCommonAnnotationProcessor&apos;
2019-11-04 08:36:57,554 [main] DEBUG [org.springframework.beans.factory.support.DefaultListableBeanFactory] - Creating instance of bean &apos;org.springframework.context.annotation.internalCommonAnnotationProcessor&apos;
2019-11-04 08:36:57,554 [main] DEBUG [org.springframework.beans.factory.support.DefaultListableBeanFactory] - Eagerly caching bean &apos;org.springframework.context.annotation.internalCommonAnnotationProcessor&apos; to allow for resolving potential circular references
2019-11-04 08:36:57,555 [main] DEBUG [org.springframework.beans.factory.support.DefaultListableBeanFactory] - Finished creating instance of bean &apos;org.springframework.context.annotation.internalCommonAnnotationProcessor&apos;
2019-11-04 08:36:57,555 [main] DEBUG [org.springframework.beans.factory.support.DefaultListableBeanFactory] - Creating shared instance of singleton bean &apos;org.springframework.aop.config.internalAutoProxyCreator&apos;
2019-11-04 08:36:57,555 [main] DEBUG [org.springframework.beans.factory.support.DefaultListableBeanFactory] - Creating instance of bean &apos;org.springframework.aop.config.internalAutoProxyCreator&apos;
2019-11-04 08:36:57,556 [main] DEBUG [org.springframework.beans.factory.support.DefaultListableBeanFactory] - Eagerly caching bean &apos;org.springframework.aop.config.internalAutoProxyCreator&apos; to allow for resolving potential circular references
2019-11-04 08:36:57,557 [main] DEBUG [org.springframework.beans.factory.support.DefaultListableBeanFactory] - Finished creating instance of bean &apos;org.springframework.aop.config.internalAutoProxyCreator&apos;
2019-11-04 08:36:57,557 [main] DEBUG [org.springframework.context.support.ClassPathXmlApplicationContext] - Unable to locate MessageSource with name &apos;messageSource&apos;: using default [org.springframework.context.support.DelegatingMessageSource@55fdf7f9]
2019-11-04 08:36:57,557 [main] DEBUG [org.springframework.context.support.ClassPathXmlApplicationContext] - Unable to locate ApplicationEventMulticaster with name &apos;applicationEventMulticaster&apos;: using default [org.springframework.context.event.SimpleApplicationEventMulticaster@4091b9c3]
2019-11-04 08:36:57,557 [main] DEBUG [org.springframework.beans.factory.support.DefaultListableBeanFactory] - Pre-instantiating singletons in org.springframework.beans.factory.support.DefaultListableBeanFactory@78ec89a6: defining beans [chapterPracticeServiceImpl,chapterQuesAnswerServiceImpl,chapterScopeServiceImpl,chapterServiceImpl,courseService,dailyScoreService,PaperAnswerService,PaperQuestionService,PaperScoreService,PaperService,questionBankServiceImpl,questinaDailyAnswerService,questionDailyPracticeService,questionErrorServiceImpl,questionTypeServiceImpl,ShowPaperService,studentService,TeacherService,org.springframework.context.annotation.internalConfigurationAnnotationProcessor,org.springframework.context.annotation.internalAutowiredAnnotationProcessor,org.springframework.context.annotation.internalRequiredAnnotationProcessor,org.springframework.context.annotation.internalCommonAnnotationProcessor,org.springframework.context.event.internalEventListenerProcessor,org.springframework.context.event.internalEventListenerFactory,org.springframework.context.support.PropertySourcesPlaceholderConfigurer#0,dataSource,dataSourceTransactionManager,org.springframework.transaction.config.internalTransactionalEventListenerFactory,org.springframework.aop.config.internalAutoProxyCreator,org.springframework.transaction.annotation.AnnotationTransactionAttributeSource#0,org.springframework.transaction.interceptor.TransactionInterceptor#0,org.springframework.transaction.config.internalTransactionAdvisor,sqlSessionFactoryBean,org.mybatis.spring.mapper.MapperScannerConfigurer#0,chapter_ScoreMapper,chapterMapper,corpMapper,courseMapper,daily_ScoreMapper,paperAnswerMapper,paperMapper,paperQuestionMapper,paperScoreMapper,paperTypeMapper,qestion_Chapter_PracticeMapper,question_Chapter_AnswerMapper,question_Daily_AnswerMapper,question_Daily_PracticeMapper,question_Error_QuestionMapper,question_Question_TypeMapper,question_QuestionMapper,studentMapper,teacherMapper]; root of factory hierarchy
2019-11-04 08:36:57,557 [main] DEBUG [org.springframework.beans.factory.support.DefaultListableBeanFactory] - Creating shared instance of singleton bean &apos;chapterPracticeServiceImpl&apos;
2019-11-04 08:36:57,557 [main] DEBUG [org.springframework.beans.factory.support.DefaultListableBeanFactory] - Creating instance of bean &apos;chapterPracticeServiceImpl&apos;
2019-11-04 08:36:57,557 [main] DEBUG [org.springframework.beans.factory.annotation.InjectionMetadata] - Registered injected element on class [com.soft.service.impl.ChapterPracticeServiceImpl]: AutowiredFieldElement for private com.soft.dao.Qestion_Chapter_PracticeMapper com.soft.service.impl.ChapterPracticeServiceImpl.chapterPracticeMapper
2019-11-04 08:36:57,558 [main] DEBUG [org.springframework.beans.factory.annotation.InjectionMetadata] - Registered injected element on class [com.soft.service.impl.ChapterPracticeServiceImpl]: AutowiredFieldElement for private com.soft.dao.Chapter_ScoreMapper com.soft.service.impl.ChapterPracticeServiceImpl.chapterScoreMapper
2019-11-04 08:36:57,558 [main] DEBUG [org.springframework.beans.factory.annotation.InjectionMetadata] - Registered injected element on class [com.soft.service.impl.ChapterPracticeServiceImpl]: AutowiredFieldElement for private com.soft.dao.Question_Error_QuestionMapper com.soft.service.impl.ChapterPracticeServiceImpl.questionErrorMapper
2019-11-04 08:36:57,558 [main] DEBUG [org.springframework.beans.factory.support.DefaultListableBeanFactory] - Eagerly caching bean &apos;chapterPracticeServiceImpl&apos; to allow for resolving potential circular references
2019-11-04 08:36:57,558 [main] DEBUG [org.springframework.beans.factory.annotation.InjectionMetadata] - Processing injected element of bean &apos;chapterPracticeServiceImpl&apos;: AutowiredFieldElement for private com.soft.dao.Qestion_Chapter_PracticeMapper com.soft.service.impl.ChapterPracticeServiceImpl.chapterPracticeMapper
2019-11-04 08:36:57,559 [main] DEBUG [org.springframework.beans.factory.support.DefaultListableBeanFactory] - Creating shared instance of singleton bean &apos;qestion_Chapter_PracticeMapper&apos;
2019-11-04 08:36:57,559 [main] DEBUG [org.springframework.beans.factory.support.DefaultListableBeanFactory] - Creating instance of bean &apos;qestion_Chapter_PracticeMapper&apos;
2019-11-04 08:36:57,559 [main] DEBUG [org.springframework.beans.factory.support.DefaultListableBeanFactory] - Eagerly caching bean &apos;qestion_Chapter_PracticeMapper&apos; to allow for resolving potential circular references
2019-11-04 08:36:57,560 [main] DEBUG [org.springframework.beans.factory.support.DefaultListableBeanFactory] - Creating shared instance of singleton bean &apos;sqlSessionFactoryBean&apos;
2019-11-04 08:36:57,560 [main] DEBUG [org.springframework.beans.factory.support.DefaultListableBeanFactory] - Creating instance of bean &apos;sqlSessionFactoryBean&apos;
2019-11-04 08:36:57,560 [main] DEBUG [org.springframework.beans.factory.support.DefaultListableBeanFactory] - Eagerly caching bean &apos;sqlSessionFactoryBean&apos; to allow for resolving potential circular references
2019-11-04 08:36:57,561 [main] DEBUG [org.springframework.beans.factory.support.DefaultListableBeanFactory] - Creating shared instance of singleton bean &apos;dataSource&apos;
2019-11-04 08:36:57,561 [main] DEBUG [org.springframework.beans.factory.support.DefaultListableBeanFactory] - Creating instance of bean &apos;dataSource&apos;
2019-11-04 08:36:57,565 [main] DEBUG [com.mchange.v2.c3p0.management.DynamicPooledDataSourceManagerMBean] - MBean: com.mchange.v2.c3p0:type=PooledDataSource[1hge78za6educh8m3mc22|321ca237] registered.
2019-11-04 08:36:57,565 [main] DEBUG [org.springframework.beans.factory.support.DefaultListableBeanFactory] - Eagerly caching bean &apos;dataSource&apos; to allow for resolving potential circular references
2019-11-04 08:36:57,567 [main] DEBUG [org.springframework.beans.factory.support.DefaultListableBeanFactory] - Creating shared instance of singleton bean &apos;org.springframework.transaction.config.internalTransactionAdvisor&apos;
2019-11-04 08:36:57,567 [main] DEBUG [org.springframework.beans.factory.support.DefaultListableBeanFactory] - Creating instance of bean &apos;org.springframework.transaction.config.internalTransactionAdvisor&apos;
2019-11-04 08:36:57,568 [main] DEBUG [org.springframework.beans.factory.support.DefaultListableBeanFactory] - Eagerly caching bean &apos;org.springframework.transaction.config.internalTransactionAdvisor&apos; to allow for resolving potential circular references
2019-11-04 08:36:57,569 [main] DEBUG [org.springframework.beans.factory.support.DefaultListableBeanFactory] - Creating shared instance of singleton bean &apos;org.springframework.transaction.annotation.AnnotationTransactionAttributeSource#0&apos;
2019-11-04 08:36:57,569 [main] DEBUG [org.springframework.beans.factory.support.DefaultListableBeanFactory] - Creating instance of bean &apos;org.springframework.transaction.annotation.AnnotationTransactionAttributeSource#0&apos;
2019-11-04 08:36:57,569 [main] DEBUG [org.springframework.beans.factory.support.DefaultListableBeanFactory] - Eagerly caching bean &apos;org.springframework.transaction.annotation.AnnotationTransactionAttributeSource#0&apos; to allow for resolving potential circular references
2019-11-04 08:36:57,569 [main] DEBUG [org.springframework.aop.framework.autoproxy.BeanFactoryAdvisorRetrievalHelper] - Skipping currently created advisor &apos;org.springframework.transaction.config.internalTransactionAdvisor&apos;
2019-11-04 08:36:57,569 [main] DEBUG [org.springframework.beans.factory.support.DefaultListableBeanFactory] - Finished creating instance of bean &apos;org.springframework.transaction.annotation.AnnotationTransactionAttributeSource#0&apos;
2019-11-04 08:36:57,569 [main] DEBUG [org.springframework.beans.factory.support.DefaultListableBeanFactory] - Finished creating instance of bean &apos;org.springframework.transaction.config.internalTransactionAdvisor&apos;
2019-11-04 08:36:57,570 [main] DEBUG [org.springframework.beans.factory.support.DefaultListableBeanFactory] - Finished creating instance of bean &apos;dataSource&apos;
2019-11-04 08:36:57,570 [main] DEBUG [org.springframework.core.io.support.PathMatchingResourcePatternResolver] - Looking for matching resources in directory tree [D:\workspace2\education\target\classes\com\soft\dao]
2019-11-04 08:36:57,570 [main] DEBUG [org.springframework.core.io.support.PathMatchingResourcePatternResolver] - Searching directory [D:\workspace2\education\target\classes\com\soft\dao] for files matching pattern [D:/workspace2/education/target/classes/com/soft/dao/*.xml]
2019-11-04 08:36:57,571 [main] DEBUG [org.springframework.core.io.support.PathMatchingResourcePatternResolver] - Resolved location pattern [classpath:com/soft/dao/*.xml] to resources []
2019-11-04 08:36:57,571 [main] DEBUG [org.springframework.beans.factory.support.DefaultListableBeanFactory] - Invoking afterPropertiesSet() on bean with name &apos;sqlSessionFactoryBean&apos;
2019-11-04 08:36:57,578 [main] DEBUG [org.mybatis.spring.SqlSessionFactoryBean] - Parsed configuration file: &apos;class path resource [mybatisconfig.xml]&apos;
2019-11-04 08:36:57,578 [main] DEBUG [org.mybatis.spring.SqlSessionFactoryBean] - Property &apos;mapperLocations&apos; was not specified or no matching resources found
2019-11-04 08:36:57,578 [main] DEBUG [org.springframework.beans.factory.support.DefaultListableBeanFactory] - Returning cached instance of singleton bean &apos;org.springframework.transaction.config.internalTransactionAdvisor&apos;
2019-11-04 08:36:57,578 [main] DEBUG [org.springframework.beans.factory.support.DefaultListableBeanFactory] - Finished creating instance of bean &apos;sqlSessionFactoryBean&apos;
2019-11-04 08:36:57,578 [main] DEBUG [org.springframework.beans.factory.support.DefaultListableBeanFactory] - Returning cached instance of singleton bean &apos;org.springframework.transaction.config.internalTransactionAdvisor&apos;
2019-11-04 08:36:57,579 [main] DEBUG [org.springframework.beans.factory.support.DefaultListableBeanFactory] - Autowiring by type from bean name &apos;qestion_Chapter_PracticeMapper&apos; via property &apos;sqlSessionFactory&apos; to bean named &apos;sqlSessionFactoryBean&apos;
2019-11-04 08:36:57,579 [main] DEBUG [org.springframework.beans.factory.support.DefaultListableBeanFactory] - Invoking afterPropertiesSet() on bean with name &apos;qestion_Chapter_PracticeMapper&apos;
2019-11-04 08:36:57,580 [main] DEBUG [org.springframework.beans.factory.support.DefaultListableBeanFactory] - Returning cached instance of singleton bean &apos;org.springframework.transaction.config.internalTransactionAdvisor&apos;
2019-11-04 08:36:57,580 [main] DEBUG [org.springframework.beans.factory.support.DefaultListableBeanFactory] - Finished creating instance of bean &apos;qestion_Chapter_PracticeMapper&apos;
2019-11-04 08:36:57,580 [main] DEBUG [org.springframework.beans.factory.support.DefaultListableBeanFactory] - Returning cached instance of singleton bean &apos;org.springframework.transaction.config.internalTransactionAdvisor&apos;
2019-11-04 08:36:57,580 [main] DEBUG [org.springframework.beans.factory.annotation.AutowiredAnnotationBeanPostProcessor] - Autowiring by type from bean name &apos;chapterPracticeServiceImpl&apos; to bean named &apos;qestion_Chapter_PracticeMapper&apos;
2019-11-04 08:36:57,580 [main] DEBUG [org.springframework.beans.factory.annotation.InjectionMetadata] - Processing injected element of bean &apos;chapterPracticeServiceImpl&apos;: AutowiredFieldElement for private com.soft.dao.Chapter_ScoreMapper com.soft.service.impl.ChapterPracticeServiceImpl.chapterScoreMapper
2019-11-04 08:36:57,580 [main] DEBUG [org.springframework.beans.factory.support.DefaultListableBeanFactory] - Creating shared instance of singleton bean &apos;chapter_ScoreMapper&apos;
2019-11-04 08:36:57,580 [main] DEBUG [org.springframework.beans.factory.support.DefaultListableBeanFactory] - Creating instance of bean &apos;chapter_ScoreMapper&apos;
2019-11-04 08:36:57,580 [main] DEBUG [org.springframework.beans.factory.support.DefaultListableBeanFactory] - Eagerly caching bean &apos;chapter_ScoreMapper&apos; to allow for resolving potential circular references
2019-11-04 08:36:57,582 [main] DEBUG [org.springframework.beans.factory.support.DefaultListableBeanFactory] - Returning cached instance of singleton bean &apos;sqlSessionFactoryBean&apos;
2019-11-04 08:36:57,582 [main] DEBUG [org.springframework.beans.factory.support.DefaultListableBeanFactory] - Autowiring by type from bean name &apos;chapter_ScoreMapper&apos; via property &apos;sqlSessionFactory&apos; to bean named &apos;sqlSessionFactoryBean&apos;
2019-11-04 08:36:57,582 [main] DEBUG [org.springframework.beans.factory.support.DefaultListableBeanFactory] - Invoking afterPropertiesSet() on bean with name &apos;chapter_ScoreMapper&apos;
2019-11-04 08:36:57,582 [main] DEBUG [org.springframework.beans.factory.support.DefaultListableBeanFactory] - Returning cached instance of singleton bean &apos;org.springframework.transaction.config.internalTransactionAdvisor&apos;
2019-11-04 08:36:57,582 [main] DEBUG [org.springframework.beans.factory.support.DefaultListableBeanFactory] - Finished creating instance of bean &apos;chapter_ScoreMapper&apos;
2019-11-04 08:36:57,582 [main] DEBUG [org.springframework.beans.factory.support.DefaultListableBeanFactory] - Returning cached instance of singleton bean &apos;org.springframework.transaction.config.internalTransactionAdvisor&apos;
2019-11-04 08:36:57,583 [main] DEBUG [org.springframework.beans.factory.annotation.AutowiredAnnotationBeanPostProcessor] - Autowiring by type from bean name &apos;chapterPracticeServiceImpl&apos; to bean named &apos;chapter_ScoreMapper&apos;
2019-11-04 08:36:57,583 [main] DEBUG [org.springframework.beans.factory.annotation.InjectionMetadata] - Processing injected element of bean &apos;chapterPracticeServiceImpl&apos;: AutowiredFieldElement for private com.soft.dao.Question_Error_QuestionMapper com.soft.service.impl.ChapterPracticeServiceImpl.questionErrorMapper
2019-11-04 08:36:57,583 [main] DEBUG [org.springframework.beans.factory.support.DefaultListableBeanFactory] - Creating shared instance of singleton bean &apos;question_Error_QuestionMapper&apos;
2019-11-04 08:36:57,583 [main] DEBUG [org.springframework.beans.factory.support.DefaultListableBeanFactory] - Creating instance of bean &apos;question_Error_QuestionMapper&apos;
2019-11-04 08:36:57,583 [main] DEBUG [org.springframework.beans.factory.support.DefaultListableBeanFactory] - Eagerly caching bean &apos;question_Error_QuestionMapper&apos; to allow for resolving potential circular references
2019-11-04 08:36:57,583 [main] DEBUG [org.springframework.beans.factory.support.DefaultListableBeanFactory] - Returning cached instance of singleton bean &apos;sqlSessionFactoryBean&apos;
2019-11-04 08:36:57,583 [main] DEBUG [org.springframework.beans.factory.support.DefaultListableBeanFactory] - Autowiring by type from bean name &apos;question_Error_QuestionMapper&apos; via property &apos;sqlSessionFactory&apos; to bean named &apos;sqlSessionFactoryBean&apos;
2019-11-04 08:36:57,583 [main] DEBUG [org.springframework.beans.factory.support.DefaultListableBeanFactory] - Invoking afterPropertiesSet() on bean with name &apos;question_Error_QuestionMapper&apos;
2019-11-04 08:36:57,583 [main] DEBUG [org.springframework.beans.factory.support.DefaultListableBeanFactory] - Returning cached instance of singleton bean &apos;org.springframework.transaction.config.internalTransactionAdvisor&apos;
2019-11-04 08:36:57,583 [main] DEBUG [org.springframework.beans.factory.support.DefaultListableBeanFactory] - Finished creating instance of bean &apos;question_Error_QuestionMapper&apos;
2019-11-04 08:36:57,583 [main] DEBUG [org.springframework.beans.factory.support.DefaultListableBeanFactory] - Returning cached instance of singleton bean &apos;org.springframework.transaction.config.internalTransactionAdvisor&apos;
2019-11-04 08:36:57,583 [main] DEBUG [org.springframework.beans.factory.annotation.AutowiredAnnotationBeanPostProcessor] - Autowiring by type from bean name &apos;chapterPracticeServiceImpl&apos; to bean named &apos;question_Error_QuestionMapper&apos;
2019-11-04 08:36:57,583 [main] DEBUG [org.springframework.beans.factory.support.DefaultListableBeanFactory] - Returning cached instance of singleton bean &apos;org.springframework.transaction.config.internalTransactionAdvisor&apos;
2019-11-04 08:36:57,585 [main] DEBUG [org.springframework.transaction.annotation.AnnotationTransactionAttributeSource] - Adding transactional method &apos;com.soft.service.impl.ChapterPracticeServiceImpl.selectChapterPracticeById&apos; with attribute: PROPAGATION_REQUIRED,ISOLATION_DEFAULT; &apos;&apos;
2019-11-04 08:36:57,585 [main] DEBUG [org.springframework.aop.framework.autoproxy.InfrastructureAdvisorAutoProxyCreator] - Creating implicit proxy for bean &apos;chapterPracticeServiceImpl&apos; with 0 common interceptors and 1 specific interceptors
2019-11-04 08:36:57,585 [main] DEBUG [org.springframework.aop.framework.JdkDynamicAopProxy] - Creating JDK dynamic proxy: target source is SingletonTargetSource for target object [com.soft.service.impl.ChapterPracticeServiceImpl@b27b210]
2019-11-04 08:36:57,585 [main] DEBUG [org.springframework.beans.factory.support.DefaultListableBeanFactory] - Finished creating instance of bean &apos;chapterPracticeServiceImpl&apos;
2019-11-04 08:36:57,585 [main] DEBUG [org.springframework.beans.factory.support.DefaultListableBeanFactory] - Creating shared instance of singleton bean &apos;chapterQuesAnswerServiceImpl&apos;
2019-11-04 08:36:57,585 [main] DEBUG [org.springframework.beans.factory.support.DefaultListableBeanFactory] - Creating instance of bean &apos;chapterQuesAnswerServiceImpl&apos;
2019-11-04 08:36:57,585 [main] DEBUG [org.springframework.beans.factory.annotation.InjectionMetadata] - Registered injected element on class [com.soft.service.impl.ChapterQuesAnswerServiceImpl]: AutowiredFieldElement for private com.soft.dao.Question_Chapter_AnswerMapper com.soft.service.impl.ChapterQuesAnswerServiceImpl.chapterQuestionAnswer
2019-11-04 08:36:57,585 [main] DEBUG [org.springframework.beans.factory.support.DefaultListableBeanFactory] - Eagerly caching bean &apos;chapterQuesAnswerServiceImpl&apos; to allow for resolving potential circular references
2019-11-04 08:36:57,586 [main] DEBUG [org.springframework.beans.factory.annotation.InjectionMetadata] - Processing injected element of bean &apos;chapterQuesAnswerServiceImpl&apos;: AutowiredFieldElement for private com.soft.dao.Question_Chapter_AnswerMapper com.soft.service.impl.ChapterQuesAnswerServiceImpl.chapterQuestionAnswer
2019-11-04 08:36:57,586 [main] DEBUG [org.springframework.beans.factory.support.DefaultListableBeanFactory] - Creating shared instance of singleton bean &apos;question_Chapter_AnswerMapper&apos;
2019-11-04 08:36:57,586 [main] DEBUG [org.springframework.beans.factory.support.DefaultListableBeanFactory] - Creating instance of bean &apos;question_Chapter_AnswerMapper&apos;
2019-11-04 08:36:57,586 [main] DEBUG [org.springframework.beans.factory.support.DefaultListableBeanFactory] - Eagerly caching bean &apos;question_Chapter_AnswerMapper&apos; to allow for resolving potential circular references
2019-11-04 08:36:57,586 [main] DEBUG [org.springframework.beans.factory.support.DefaultListableBeanFactory] - Returning cached instance of singleton bean &apos;sqlSessionFactoryBean&apos;
2019-11-04 08:36:57,586 [main] DEBUG [org.springframework.beans.factory.support.DefaultListableBeanFactory] - Autowiring by type from bean name &apos;question_Chapter_AnswerMapper&apos; via property &apos;sqlSessionFactory&apos; to bean named &apos;sqlSessionFactoryBean&apos;
2019-11-04 08:36:57,586 [main] DEBUG [org.springframework.beans.factory.support.DefaultListableBeanFactory] - Invoking afterPropertiesSet() on bean with name &apos;question_Chapter_AnswerMapper&apos;
2019-11-04 08:36:57,586 [main] DEBUG [org.springframework.beans.factory.support.DefaultListableBeanFactory] - Returning cached instance of singleton bean &apos;org.springframework.transaction.config.internalTransactionAdvisor&apos;
2019-11-04 08:36:57,586 [main] DEBUG [org.springframework.beans.factory.support.DefaultListableBeanFactory] - Finished creating instance of bean &apos;question_Chapter_AnswerMapper&apos;
2019-11-04 08:36:57,586 [main] DEBUG [org.springframework.beans.factory.support.DefaultListableBeanFactory] - Returning cached instance of singleton bean &apos;org.springframework.transaction.config.internalTransactionAdvisor&apos;
2019-11-04 08:36:57,587 [main] DEBUG [org.springframework.beans.factory.annotation.AutowiredAnnotationBeanPostProcessor] - Autowiring by type from bean name &apos;chapterQuesAnswerServiceImpl&apos; to bean named &apos;question_Chapter_AnswerMapper&apos;
2019-11-04 08:36:57,587 [main] DEBUG [org.springframework.beans.factory.support.DefaultListableBeanFactory] - Returning cached instance of singleton bean &apos;org.springframework.transaction.config.internalTransactionAdvisor&apos;
2019-11-04 08:36:57,587 [main] DEBUG [org.springframework.transaction.annotation.AnnotationTransactionAttributeSource] - Adding transactional method &apos;com.soft.service.impl.ChapterQuesAnswerServiceImpl.addChapterQuestion&apos; with attribute: PROPAGATION_REQUIRED,ISOLATION_DEFAULT; &apos;&apos;
2019-11-04 08:36:57,587 [main] DEBUG [org.springframework.aop.framework.autoproxy.InfrastructureAdvisorAutoProxyCreator] - Creating implicit proxy for bean &apos;chapterQuesAnswerServiceImpl&apos; with 0 common interceptors and 1 specific interceptors
2019-11-04 08:36:57,587 [main] DEBUG [org.springframework.aop.framework.JdkDynamicAopProxy] - Creating JDK dynamic proxy: target source is SingletonTargetSource for target object [com.soft.service.impl.ChapterQuesAnswerServiceImpl@3b353651]
2019-11-04 08:36:57,587 [main] DEBUG [org.springframework.beans.factory.support.DefaultListableBeanFactory] - Finished creating instance of bean &apos;chapterQuesAnswerServiceImpl&apos;
2019-11-04 08:36:57,587 [main] DEBUG [org.springframework.beans.factory.support.DefaultListableBeanFactory] - Creating shared instance of singleton bean &apos;chapterScopeServiceImpl&apos;
2019-11-04 08:36:57,587 [main] DEBUG [org.springframework.beans.factory.support.DefaultListableBeanFactory] - Creating instance of bean &apos;chapterScopeServiceImpl&apos;
2019-11-04 08:36:57,587 [main] DEBUG [org.springframework.beans.factory.annotation.InjectionMetadata] - Registered injected element on class [com.soft.service.impl.ChapterScopeServiceImpl]: AutowiredFieldElement for private com.soft.dao.Chapter_ScoreMapper com.soft.service.impl.ChapterScopeServiceImpl.chapterScopeMapper
2019-11-04 08:36:57,587 [main] DEBUG [org.springframework.beans.factory.support.DefaultListableBeanFactory] - Eagerly caching bean &apos;chapterScopeServiceImpl&apos; to allow for resolving potential circular references
2019-11-04 08:36:57,587 [main] DEBUG [org.springframework.beans.factory.annotation.InjectionMetadata] - Processing injected element of bean &apos;chapterScopeServiceImpl&apos;: AutowiredFieldElement for private com.soft.dao.Chapter_ScoreMapper com.soft.service.impl.ChapterScopeServiceImpl.chapterScopeMapper
2019-11-04 08:36:57,587 [main] DEBUG [org.springframework.beans.factory.support.DefaultListableBeanFactory] - Returning cached instance of singleton bean &apos;chapter_ScoreMapper&apos;
2019-11-04 08:36:57,587 [main] DEBUG [org.springframework.beans.factory.annotation.AutowiredAnnotationBeanPostProcessor] - Autowiring by type from bean name &apos;chapterScopeServiceImpl&apos; to bean named &apos;chapter_ScoreMapper&apos;
2019-11-04 08:36:57,587 [main] DEBUG [org.springframework.beans.factory.support.DefaultListableBeanFactory] - Returning cached instance of singleton bean &apos;org.springframework.transaction.config.internalTransactionAdvisor&apos;
2019-11-04 08:36:57,587 [main] DEBUG [org.springframework.transaction.annotation.AnnotationTransactionAttributeSource] - Adding transactional method &apos;com.soft.service.impl.ChapterScopeServiceImpl.findChapterScope&apos; with attribute: PROPAGATION_REQUIRED,ISOLATION_DEFAULT; &apos;&apos;
2019-11-04 08:36:57,587 [main] DEBUG [org.springframework.aop.framework.autoproxy.InfrastructureAdvisorAutoProxyCreator] - Creating implicit proxy for bean &apos;chapterScopeServiceImpl&apos; with 0 common interceptors and 1 specific interceptors
2019-11-04 08:36:57,587 [main] DEBUG [org.springframework.aop.framework.JdkDynamicAopProxy] - Creating JDK dynamic proxy: target source is SingletonTargetSource for target object [com.soft.service.impl.ChapterScopeServiceImpl@1280682]
2019-11-04 08:36:57,588 [main] DEBUG [org.springframework.beans.factory.support.DefaultListableBeanFactory] - Finished creating instance of bean &apos;chapterScopeServiceImpl&apos;
2019-11-04 08:36:57,588 [main] DEBUG [org.springframework.beans.factory.support.DefaultListableBeanFactory] - Creating shared instance of singleton bean &apos;chapterServiceImpl&apos;
2019-11-04 08:36:57,588 [main] DEBUG [org.springframework.beans.factory.support.DefaultListableBeanFactory] - Creating instance of bean &apos;chapterServiceImpl&apos;
2019-11-04 08:36:57,588 [main] DEBUG [org.springframework.beans.factory.annotation.InjectionMetadata] - Registered injected element on class [com.soft.service.impl.ChapterServiceImpl]: AutowiredFieldElement for private com.soft.dao.ChapterMapper com.soft.service.impl.ChapterServiceImpl.chapterMapper
2019-11-04 08:36:57,588 [main] DEBUG [org.springframework.beans.factory.support.DefaultListableBeanFactory] - Eagerly caching bean &apos;chapterServiceImpl&apos; to allow for resolving potential circular references
2019-11-04 08:36:57,588 [main] DEBUG [org.springframework.beans.factory.annotation.InjectionMetadata] - Processing injected element of bean &apos;chapterServiceImpl&apos;: AutowiredFieldElement for private com.soft.dao.ChapterMapper com.soft.service.impl.ChapterServiceImpl.chapterMapper
2019-11-04 08:36:57,588 [main] DEBUG [org.springframework.beans.factory.support.DefaultListableBeanFactory] - Creating shared instance of singleton bean &apos;chapterMapper&apos;
2019-11-04 08:36:57,588 [main] DEBUG [org.springframework.beans.factory.support.DefaultListableBeanFactory] - Creating instance of bean &apos;chapterMapper&apos;
2019-11-04 08:36:57,588 [main] DEBUG [org.springframework.beans.factory.support.DefaultListableBeanFactory] - Eagerly caching bean &apos;chapterMapper&apos; to allow for resolving potential circular references
2019-11-04 08:36:57,588 [main] DEBUG [org.springframework.beans.factory.support.DefaultListableBeanFactory] - Returning cached instance of singleton bean &apos;sqlSessionFactoryBean&apos;
2019-11-04 08:36:57,588 [main] DEBUG [org.springframework.beans.factory.support.DefaultListableBeanFactory] - Autowiring by type from bean name &apos;chapterMapper&apos; via property &apos;sqlSessionFactory&apos; to bean named &apos;sqlSessionFactoryBean&apos;
2019-11-04 08:36:57,589 [main] DEBUG [org.springframework.beans.factory.support.DefaultListableBeanFactory] - Invoking afterPropertiesSet() on bean with name &apos;chapterMapper&apos;
2019-11-04 08:36:57,589 [main] DEBUG [org.springframework.beans.factory.support.DefaultListableBeanFactory] - Returning cached instance of singleton bean &apos;org.springframework.transaction.config.internalTransactionAdvisor&apos;
2019-11-04 08:36:57,589 [main] DEBUG [org.springframework.beans.factory.support.DefaultListableBeanFactory] - Finished creating instance of bean &apos;chapterMapper&apos;
2019-11-04 08:36:57,589 [main] DEBUG [org.springframework.beans.factory.support.DefaultListableBeanFactory] - Returning cached instance of singleton bean &apos;org.springframework.transaction.config.internalTransactionAdvisor&apos;
2019-11-04 08:36:57,589 [main] DEBUG [org.springframework.beans.factory.annotation.AutowiredAnnotationBeanPostProcessor] - Autowiring by type from bean name &apos;chapterServiceImpl&apos; to bean named &apos;chapterMapper&apos;
2019-11-04 08:36:57,589 [main] DEBUG [org.springframework.beans.factory.support.DefaultListableBeanFactory] - Returning cached instance of singleton bean &apos;org.springframework.transaction.config.internalTransactionAdvisor&apos;
2019-11-04 08:36:57,589 [main] DEBUG [org.springframework.transaction.annotation.AnnotationTransactionAttributeSource] - Adding transactional method &apos;com.soft.service.impl.ChapterServiceImpl.updateChapterById&apos; with attribute: PROPAGATION_REQUIRED,ISOLATION_DEFAULT; &apos;&apos;
2019-11-04 08:36:57,589 [main] DEBUG [org.springframework.aop.framework.autoproxy.InfrastructureAdvisorAutoProxyCreator] - Creating implicit proxy for bean &apos;chapterServiceImpl&apos; with 0 common interceptors and 1 specific interceptors
2019-11-04 08:36:57,589 [main] DEBUG [org.springframework.aop.framework.JdkDynamicAopProxy] - Creating JDK dynamic proxy: target source is SingletonTargetSource for target object [com.soft.service.impl.ChapterServiceImpl@64f9f455]
2019-11-04 08:36:57,589 [main] DEBUG [org.springframework.beans.factory.support.DefaultListableBeanFactory] - Finished creating instance of bean &apos;chapterServiceImpl&apos;
2019-11-04 08:36:57,589 [main] DEBUG [org.springframework.beans.factory.support.DefaultListableBeanFactory] - Creating shared instance of singleton bean &apos;courseService&apos;
2019-11-04 08:36:57,589 [main] DEBUG [org.springframework.beans.factory.support.DefaultListableBeanFactory] - Creating instance of bean &apos;courseService&apos;
2019-11-04 08:36:57,590 [main] DEBUG [org.springframework.beans.factory.annotation.InjectionMetadata] - Registered injected element on class [com.soft.service.impl.CourseServiceImpl]: AutowiredFieldElement for private com.soft.dao.CourseMapper com.soft.service.impl.CourseServiceImpl.courseMapper
2019-11-04 08:36:57,590 [main] DEBUG [org.springframework.beans.factory.support.DefaultListableBeanFactory] - Eagerly caching bean &apos;courseService&apos; to allow for resolving potential circular references
2019-11-04 08:36:57,591 [main] DEBUG [org.springframework.beans.factory.annotation.InjectionMetadata] - Processing injected element of bean &apos;courseService&apos;: AutowiredFieldElement for private com.soft.dao.CourseMapper com.soft.service.impl.CourseServiceImpl.courseMapper
2019-11-04 08:36:57,591 [main] DEBUG [org.springframework.beans.factory.support.DefaultListableBeanFactory] - Creating shared instance of singleton bean &apos;courseMapper&apos;
2019-11-04 08:36:57,591 [main] DEBUG [org.springframework.beans.factory.support.DefaultListableBeanFactory] - Creating instance of bean &apos;courseMapper&apos;
2019-11-04 08:36:57,591 [main] DEBUG [org.springframework.beans.factory.support.DefaultListableBeanFactory] - Eagerly caching bean &apos;courseMapper&apos; to allow for resolving potential circular references
2019-11-04 08:36:57,591 [main] DEBUG [org.springframework.beans.factory.support.DefaultListableBeanFactory] - Returning cached instance of singleton bean &apos;sqlSessionFactoryBean&apos;
2019-11-04 08:36:57,591 [main] DEBUG [org.springframework.beans.factory.support.DefaultListableBeanFactory] - Autowiring by type from bean name &apos;courseMapper&apos; via property &apos;sqlSessionFactory&apos; to bean named &apos;sqlSessionFactoryBean&apos;
2019-11-04 08:36:57,591 [main] DEBUG [org.springframework.beans.factory.support.DefaultListableBeanFactory] - Invoking afterPropertiesSet() on bean with name &apos;courseMapper&apos;
2019-11-04 08:36:57,591 [main] DEBUG [org.springframework.beans.factory.support.DefaultListableBeanFactory] - Returning cached instance of singleton bean &apos;org.springframework.transaction.config.internalTransactionAdvisor&apos;
2019-11-04 08:36:57,591 [main] DEBUG [org.springframework.beans.factory.support.DefaultListableBeanFactory] - Finished creating instance of bean &apos;courseMapper&apos;
2019-11-04 08:36:57,592 [main] DEBUG [org.springframework.beans.factory.support.DefaultListableBeanFactory] - Returning cached instance of singleton bean &apos;org.springframework.transaction.config.internalTransactionAdvisor&apos;
2019-11-04 08:36:57,592 [main] DEBUG [org.springframework.beans.factory.annotation.AutowiredAnnotationBeanPostProcessor] - Autowiring by type from bean name &apos;courseService&apos; to bean named &apos;courseMapper&apos;
2019-11-04 08:36:57,592 [main] DEBUG [org.springframework.beans.factory.support.DefaultListableBeanFactory] - Returning cached instance of singleton bean &apos;org.springframework.transaction.config.internalTransactionAdvisor&apos;
2019-11-04 08:36:57,592 [main] DEBUG [org.springframework.transaction.annotation.AnnotationTransactionAttributeSource] - Adding transactional method &apos;com.soft.service.impl.CourseServiceImpl.updateCourse&apos; with attribute: PROPAGATION_REQUIRED,ISOLATION_DEFAULT; &apos;&apos;
2019-11-04 08:36:57,592 [main] DEBUG [org.springframework.aop.framework.autoproxy.InfrastructureAdvisorAutoProxyCreator] - Creating implicit proxy for bean &apos;courseService&apos; with 0 common interceptors and 1 specific interceptors
2019-11-04 08:36:57,592 [main] DEBUG [org.springframework.aop.framework.JdkDynamicAopProxy] - Creating JDK dynamic proxy: target source is SingletonTargetSource for target object [com.soft.service.impl.CourseServiceImpl@75fd65c]
2019-11-04 08:36:57,592 [main] DEBUG [org.springframework.beans.factory.support.DefaultListableBeanFactory] - Finished creating instance of bean &apos;courseService&apos;
2019-11-04 08:36:57,592 [main] DEBUG [org.springframework.beans.factory.support.DefaultListableBeanFactory] - Creating shared instance of singleton bean &apos;dailyScoreService&apos;
2019-11-04 08:36:57,592 [main] DEBUG [org.springframework.beans.factory.support.DefaultListableBeanFactory] - Creating instance of bean &apos;dailyScoreService&apos;
2019-11-04 08:36:57,592 [main] DEBUG [org.springframework.beans.factory.annotation.InjectionMetadata] - Registered injected element on class [com.soft.service.impl.DailyScoreServiceImpl]: AutowiredFieldElement for private com.soft.dao.Daily_ScoreMapper com.soft.service.impl.DailyScoreServiceImpl.mapper
2019-11-04 08:36:57,592 [main] DEBUG [org.springframework.beans.factory.support.DefaultListableBeanFactory] - Eagerly caching bean &apos;dailyScoreService&apos; to allow for resolving potential circular references
2019-11-04 08:36:57,593 [main] DEBUG [org.springframework.beans.factory.annotation.InjectionMetadata] - Processing injected element of bean &apos;dailyScoreService&apos;: AutowiredFieldElement for private com.soft.dao.Daily_ScoreMapper com.soft.service.impl.DailyScoreServiceImpl.mapper
2019-11-04 08:36:57,593 [main] DEBUG [org.springframework.beans.factory.support.DefaultListableBeanFactory] - Creating shared instance of singleton bean &apos;daily_ScoreMapper&apos;
2019-11-04 08:36:57,593 [main] DEBUG [org.springframework.beans.factory.support.DefaultListableBeanFactory] - Creating instance of bean &apos;daily_ScoreMapper&apos;
2019-11-04 08:36:57,593 [main] DEBUG [org.springframework.beans.factory.support.DefaultListableBeanFactory] - Eagerly caching bean &apos;daily_ScoreMapper&apos; to allow for resolving potential circular references
2019-11-04 08:36:57,593 [main] DEBUG [org.springframework.beans.factory.support.DefaultListableBeanFactory] - Returning cached instance of singleton bean &apos;sqlSessionFactoryBean&apos;
2019-11-04 08:36:57,593 [main] DEBUG [org.springframework.beans.factory.support.DefaultListableBeanFactory] - Autowiring by type from bean name &apos;daily_ScoreMapper&apos; via property &apos;sqlSessionFactory&apos; to bean named &apos;sqlSessionFactoryBean&apos;
2019-11-04 08:36:57,593 [main] DEBUG [org.springframework.beans.factory.support.DefaultListableBeanFactory] - Invoking afterPropertiesSet() on bean with name &apos;daily_ScoreMapper&apos;
2019-11-04 08:36:57,593 [main] DEBUG [org.springframework.beans.factory.support.DefaultListableBeanFactory] - Returning cached instance of singleton bean &apos;org.springframework.transaction.config.internalTransactionAdvisor&apos;
2019-11-04 08:36:57,593 [main] DEBUG [org.springframework.beans.factory.support.DefaultListableBeanFactory] - Finished creating instance of bean &apos;daily_ScoreMapper&apos;
2019-11-04 08:36:57,593 [main] DEBUG [org.springframework.beans.factory.support.DefaultListableBeanFactory] - Returning cached instance of singleton bean &apos;org.springframework.transaction.config.internalTransactionAdvisor&apos;
2019-11-04 08:36:57,594 [main] DEBUG [org.springframework.beans.factory.annotation.AutowiredAnnotationBeanPostProcessor] - Autowiring by type from bean name &apos;dailyScoreService&apos; to bean named &apos;daily_ScoreMapper&apos;
2019-11-04 08:36:57,594 [main] DEBUG [org.springframework.beans.factory.support.DefaultListableBeanFactory] - Returning cached instance of singleton bean &apos;org.springframework.transaction.config.internalTransactionAdvisor&apos;
2019-11-04 08:36:57,594 [main] DEBUG [org.springframework.transaction.annotation.AnnotationTransactionAttributeSource] - Adding transactional method &apos;com.soft.service.impl.DailyScoreServiceImpl.addDailyScore&apos; with attribute: PROPAGATION_REQUIRED,ISOLATION_DEFAULT; &apos;&apos;
2019-11-04 08:36:57,594 [main] DEBUG [org.springframework.aop.framework.autoproxy.InfrastructureAdvisorAutoProxyCreator] - Creating implicit proxy for bean &apos;dailyScoreService&apos; with 0 common interceptors and 1 specific interceptors
2019-11-04 08:36:57,594 [main] DEBUG [org.springframework.aop.framework.JdkDynamicAopProxy] - Creating JDK dynamic proxy: target source is SingletonTargetSource for target object [com.soft.service.impl.DailyScoreServiceImpl@33188612]
2019-11-04 08:36:57,594 [main] DEBUG [org.springframework.beans.factory.support.DefaultListableBeanFactory] - Finished creating instance of bean &apos;dailyScoreService&apos;
2019-11-04 08:36:57,594 [main] DEBUG [org.springframework.beans.factory.support.DefaultListableBeanFactory] - Creating shared instance of singleton bean &apos;PaperAnswerService&apos;
2019-11-04 08:36:57,594 [main] DEBUG [org.springframework.beans.factory.support.DefaultListableBeanFactory] - Creating instance of bean &apos;PaperAnswerService&apos;
2019-11-04 08:36:57,594 [main] DEBUG [org.springframework.beans.factory.annotation.InjectionMetadata] - Registered injected element on class [com.soft.service.impl.PaperAnswerServiceImpl]: AutowiredFieldElement for private com.soft.dao.PaperAnswerMapper com.soft.service.impl.PaperAnswerServiceImpl.paperAnswerMapper
2019-11-04 08:36:57,594 [main] DEBUG [org.springframework.beans.factory.annotation.InjectionMetadata] - Registered injected element on class [com.soft.service.impl.PaperAnswerServiceImpl]: AutowiredFieldElement for private com.soft.dao.StudentMapper com.soft.service.impl.PaperAnswerServiceImpl.studentMapper
2019-11-04 08:36:57,594 [main] DEBUG [org.springframework.beans.factory.annotation.InjectionMetadata] - Registered injected element on class [com.soft.service.impl.PaperAnswerServiceImpl]: AutowiredFieldElement for private com.soft.dao.Question_QuestionMapper com.soft.service.impl.PaperAnswerServiceImpl.question_QuestionMapper
2019-11-04 08:36:57,594 [main] DEBUG [org.springframework.beans.factory.support.DefaultListableBeanFactory] - Eagerly caching bean &apos;PaperAnswerService&apos; to allow for resolving potential circular references
2019-11-04 08:36:57,594 [main] DEBUG [org.springframework.beans.factory.annotation.InjectionMetadata] - Processing injected element of bean &apos;PaperAnswerService&apos;: AutowiredFieldElement for private com.soft.dao.PaperAnswerMapper com.soft.service.impl.PaperAnswerServiceImpl.paperAnswerMapper
2019-11-04 08:36:57,595 [main] DEBUG [org.springframework.beans.factory.support.DefaultListableBeanFactory] - Creating shared instance of singleton bean &apos;paperAnswerMapper&apos;
2019-11-04 08:36:57,595 [main] DEBUG [org.springframework.beans.factory.support.DefaultListableBeanFactory] - Creating instance of bean &apos;paperAnswerMapper&apos;
2019-11-04 08:36:57,595 [main] DEBUG [org.springframework.beans.factory.support.DefaultListableBeanFactory] - Eagerly caching bean &apos;paperAnswerMapper&apos; to allow for resolving potential circular references
2019-11-04 08:36:57,595 [main] DEBUG [org.springframework.beans.factory.support.DefaultListableBeanFactory] - Returning cached instance of singleton bean &apos;sqlSessionFactoryBean&apos;
2019-11-04 08:36:57,595 [main] DEBUG [org.springframework.beans.factory.support.DefaultListableBeanFactory] - Autowiring by type from bean name &apos;paperAnswerMapper&apos; via property &apos;sqlSessionFactory&apos; to bean named &apos;sqlSessionFactoryBean&apos;
2019-11-04 08:36:57,595 [main] DEBUG [org.springframework.beans.factory.support.DefaultListableBeanFactory] - Invoking afterPropertiesSet() on bean with name &apos;paperAnswerMapper&apos;
2019-11-04 08:36:57,595 [main] DEBUG [org.springframework.beans.factory.support.DefaultListableBeanFactory] - Returning cached instance of singleton bean &apos;org.springframework.transaction.config.internalTransactionAdvisor&apos;
2019-11-04 08:36:57,595 [main] DEBUG [org.springframework.beans.factory.support.DefaultListableBeanFactory] - Finished creating instance of bean &apos;paperAnswerMapper&apos;
2019-11-04 08:36:57,595 [main] DEBUG [org.springframework.beans.factory.support.DefaultListableBeanFactory] - Returning cached instance of singleton bean &apos;org.springframework.transaction.config.internalTransactionAdvisor&apos;
2019-11-04 08:36:57,595 [main] DEBUG [org.springframework.beans.factory.annotation.AutowiredAnnotationBeanPostProcessor] - Autowiring by type from bean name &apos;PaperAnswerService&apos; to bean named &apos;paperAnswerMapper&apos;
2019-11-04 08:36:57,595 [main] DEBUG [org.springframework.beans.factory.annotation.InjectionMetadata] - Processing injected element of bean &apos;PaperAnswerService&apos;: AutowiredFieldElement for private com.soft.dao.StudentMapper com.soft.service.impl.PaperAnswerServiceImpl.studentMapper
2019-11-04 08:36:57,595 [main] DEBUG [org.springframework.beans.factory.support.DefaultListableBeanFactory] - Creating shared instance of singleton bean &apos;studentMapper&apos;
2019-11-04 08:36:57,595 [main] DEBUG [org.springframework.beans.factory.support.DefaultListableBeanFactory] - Creating instance of bean &apos;studentMapper&apos;
2019-11-04 08:36:57,595 [main] DEBUG [org.springframework.beans.factory.support.DefaultListableBeanFactory] - Eagerly caching bean &apos;studentMapper&apos; to allow for resolving potential circular references
2019-11-04 08:36:57,596 [main] DEBUG [org.springframework.beans.factory.support.DefaultListableBeanFactory] - Returning cached instance of singleton bean &apos;sqlSessionFactoryBean&apos;
2019-11-04 08:36:57,596 [main] DEBUG [org.springframework.beans.factory.support.DefaultListableBeanFactory] - Autowiring by type from bean name &apos;studentMapper&apos; via property &apos;sqlSessionFactory&apos; to bean named &apos;sqlSessionFactoryBean&apos;
2019-11-04 08:36:57,596 [main] DEBUG [org.springframework.beans.factory.support.DefaultListableBeanFactory] - Invoking afterPropertiesSet() on bean with name &apos;studentMapper&apos;
2019-11-04 08:36:57,596 [main] DEBUG [org.springframework.beans.factory.support.DefaultListableBeanFactory] - Returning cached instance of singleton bean &apos;org.springframework.transaction.config.internalTransactionAdvisor&apos;
2019-11-04 08:36:57,596 [main] DEBUG [org.springframework.beans.factory.support.DefaultListableBeanFactory] - Finished creating instance of bean &apos;studentMapper&apos;
2019-11-04 08:36:57,597 [main] DEBUG [org.springframework.beans.factory.support.DefaultListableBeanFactory] - Returning cached instance of singleton bean &apos;org.springframework.transaction.config.internalTransactionAdvisor&apos;
2019-11-04 08:36:57,597 [main] DEBUG [org.springframework.beans.factory.annotation.AutowiredAnnotationBeanPostProcessor] - Autowiring by type from bean name &apos;PaperAnswerService&apos; to bean named &apos;studentMapper&apos;
2019-11-04 08:36:57,597 [main] DEBUG [org.springframework.beans.factory.annotation.InjectionMetadata] - Processing injected element of bean &apos;PaperAnswerService&apos;: AutowiredFieldElement for private com.soft.dao.Question_QuestionMapper com.soft.service.impl.PaperAnswerServiceImpl.question_QuestionMapper
2019-11-04 08:36:57,597 [main] DEBUG [org.springframework.beans.factory.support.DefaultListableBeanFactory] - Creating shared instance of singleton bean &apos;question_QuestionMapper&apos;
2019-11-04 08:36:57,597 [main] DEBUG [org.springframework.beans.factory.support.DefaultListableBeanFactory] - Creating instance of bean &apos;question_QuestionMapper&apos;
2019-11-04 08:36:57,597 [main] DEBUG [org.springframework.beans.factory.support.DefaultListableBeanFactory] - Eagerly caching bean &apos;question_QuestionMapper&apos; to allow for resolving potential circular references
2019-11-04 08:36:57,598 [main] DEBUG [org.springframework.beans.factory.support.DefaultListableBeanFactory] - Returning cached instance of singleton bean &apos;sqlSessionFactoryBean&apos;
2019-11-04 08:36:57,598 [main] DEBUG [org.springframework.beans.factory.support.DefaultListableBeanFactory] - Autowiring by type from bean name &apos;question_QuestionMapper&apos; via property &apos;sqlSessionFactory&apos; to bean named &apos;sqlSessionFactoryBean&apos;
2019-11-04 08:36:57,598 [main] DEBUG [org.springframework.beans.factory.support.DefaultListableBeanFactory] - Invoking afterPropertiesSet() on bean with name &apos;question_QuestionMapper&apos;
2019-11-04 08:36:57,598 [main] DEBUG [org.springframework.beans.factory.support.DefaultListableBeanFactory] - Returning cached instance of singleton bean &apos;org.springframework.transaction.config.internalTransactionAdvisor&apos;
2019-11-04 08:36:57,598 [main] DEBUG [org.springframework.beans.factory.support.DefaultListableBeanFactory] - Finished creating instance of bean &apos;question_QuestionMapper&apos;
2019-11-04 08:36:57,598 [main] DEBUG [org.springframework.beans.factory.support.DefaultListableBeanFactory] - Returning cached instance of singleton bean &apos;org.springframework.transaction.config.internalTransactionAdvisor&apos;
2019-11-04 08:36:57,598 [main] DEBUG [org.springframework.beans.factory.annotation.AutowiredAnnotationBeanPostProcessor] - Autowiring by type from bean name &apos;PaperAnswerService&apos; to bean named &apos;question_QuestionMapper&apos;
2019-11-04 08:36:57,598 [main] DEBUG [org.springframework.beans.factory.support.DefaultListableBeanFactory] - Returning cached instance of singleton bean &apos;org.springframework.transaction.config.internalTransactionAdvisor&apos;
2019-11-04 08:36:57,598 [main] DEBUG [org.springframework.transaction.annotation.AnnotationTransactionAttributeSource] - Adding transactional method &apos;com.soft.service.impl.PaperAnswerServiceImpl.findAllListPaperAnswer&apos; with attribute: PROPAGATION_REQUIRED,ISOLATION_DEFAULT; &apos;&apos;
2019-11-04 08:36:57,598 [main] DEBUG [org.springframework.aop.framework.autoproxy.InfrastructureAdvisorAutoProxyCreator] - Creating implicit proxy for bean &apos;PaperAnswerService&apos; with 0 common interceptors and 1 specific interceptors
2019-11-04 08:36:57,598 [main] DEBUG [org.springframework.aop.framework.JdkDynamicAopProxy] - Creating JDK dynamic proxy: target source is SingletonTargetSource for target object [com.soft.service.impl.PaperAnswerServiceImpl@56cc9f29]
2019-11-04 08:36:57,598 [main] DEBUG [org.springframework.beans.factory.support.DefaultListableBeanFactory] - Finished creating instance of bean &apos;PaperAnswerService&apos;
2019-11-04 08:36:57,598 [main] DEBUG [org.springframework.beans.factory.support.DefaultListableBeanFactory] - Creating shared instance of singleton bean &apos;PaperQuestionService&apos;
2019-11-04 08:36:57,598 [main] DEBUG [org.springframework.beans.factory.support.DefaultListableBeanFactory] - Creating instance of bean &apos;PaperQuestionService&apos;
2019-11-04 08:36:57,598 [main] DEBUG [org.springframework.beans.factory.annotation.InjectionMetadata] - Registered injected element on class [com.soft.service.impl.PaperQuestionServiceImpl]: AutowiredFieldElement for com.soft.dao.PaperQuestionMapper com.soft.service.impl.PaperQuestionServiceImpl.mapper
2019-11-04 08:36:57,599 [main] DEBUG [org.springframework.beans.factory.annotation.InjectionMetadata] - Registered injected element on class [com.soft.service.impl.PaperQuestionServiceImpl]: AutowiredFieldElement for com.soft.dao.Question_QuestionMapper com.soft.service.impl.PaperQuestionServiceImpl.questionMapper
2019-11-04 08:36:57,599 [main] DEBUG [org.springframework.beans.factory.support.DefaultListableBeanFactory] - Eagerly caching bean &apos;PaperQuestionService&apos; to allow for resolving potential circular references
2019-11-04 08:36:57,599 [main] DEBUG [org.springframework.beans.factory.annotation.InjectionMetadata] - Processing injected element of bean &apos;PaperQuestionService&apos;: AutowiredFieldElement for com.soft.dao.PaperQuestionMapper com.soft.service.impl.PaperQuestionServiceImpl.mapper
2019-11-04 08:36:57,599 [main] DEBUG [org.springframework.beans.factory.support.DefaultListableBeanFactory] - Creating shared instance of singleton bean &apos;paperQuestionMapper&apos;
2019-11-04 08:36:57,599 [main] DEBUG [org.springframework.beans.factory.support.DefaultListableBeanFactory] - Creating instance of bean &apos;paperQuestionMapper&apos;
2019-11-04 08:36:57,599 [main] DEBUG [org.springframework.beans.factory.support.DefaultListableBeanFactory] - Eagerly caching bean &apos;paperQuestionMapper&apos; to allow for resolving potential circular references
2019-11-04 08:36:57,599 [main] DEBUG [org.springframework.beans.factory.support.DefaultListableBeanFactory] - Returning cached instance of singleton bean &apos;sqlSessionFactoryBean&apos;
2019-11-04 08:36:57,599 [main] DEBUG [org.springframework.beans.factory.support.DefaultListableBeanFactory] - Autowiring by type from bean name &apos;paperQuestionMapper&apos; via property &apos;sqlSessionFactory&apos; to bean named &apos;sqlSessionFactoryBean&apos;
2019-11-04 08:36:57,599 [main] DEBUG [org.springframework.beans.factory.support.DefaultListableBeanFactory] - Invoking afterPropertiesSet() on bean with name &apos;paperQuestionMapper&apos;
2019-11-04 08:36:57,600 [main] DEBUG [org.springframework.beans.factory.support.DefaultListableBeanFactory] - Returning cached instance of singleton bean &apos;org.springframework.transaction.config.internalTransactionAdvisor&apos;
2019-11-04 08:36:57,600 [main] DEBUG [org.springframework.beans.factory.support.DefaultListableBeanFactory] - Finished creating instance of bean &apos;paperQuestionMapper&apos;
2019-11-04 08:36:57,600 [main] DEBUG [org.springframework.beans.factory.support.DefaultListableBeanFactory] - Returning cached instance of singleton bean &apos;org.springframework.transaction.config.internalTransactionAdvisor&apos;
2019-11-04 08:36:57,600 [main] DEBUG [org.springframework.beans.factory.annotation.AutowiredAnnotationBeanPostProcessor] - Autowiring by type from bean name &apos;PaperQuestionService&apos; to bean named &apos;paperQuestionMapper&apos;
2019-11-04 08:36:57,600 [main] DEBUG [org.springframework.beans.factory.annotation.InjectionMetadata] - Processing injected element of bean &apos;PaperQuestionService&apos;: AutowiredFieldElement for com.soft.dao.Question_QuestionMapper com.soft.service.impl.PaperQuestionServiceImpl.questionMapper
2019-11-04 08:36:57,600 [main] DEBUG [org.springframework.beans.factory.support.DefaultListableBeanFactory] - Returning cached instance of singleton bean &apos;question_QuestionMapper&apos;
2019-11-04 08:36:57,600 [main] DEBUG [org.springframework.beans.factory.annotation.AutowiredAnnotationBeanPostProcessor] - Autowiring by type from bean name &apos;PaperQuestionService&apos; to bean named &apos;question_QuestionMapper&apos;
2019-11-04 08:36:57,600 [main] DEBUG [org.springframework.beans.factory.support.DefaultListableBeanFactory] - Returning cached instance of singleton bean &apos;org.springframework.transaction.config.internalTransactionAdvisor&apos;
2019-11-04 08:36:57,600 [main] DEBUG [org.springframework.transaction.annotation.AnnotationTransactionAttributeSource] - Adding transactional method &apos;com.soft.service.impl.PaperQuestionServiceImpl.findListByExample&apos; with attribute: PROPAGATION_REQUIRED,ISOLATION_DEFAULT,readOnly; &apos;&apos;
2019-11-04 08:36:57,600 [main] DEBUG [org.springframework.aop.framework.autoproxy.InfrastructureAdvisorAutoProxyCreator] - Creating implicit proxy for bean &apos;PaperQuestionService&apos; with 0 common interceptors and 1 specific interceptors
2019-11-04 08:36:57,600 [main] DEBUG [org.springframework.aop.framework.JdkDynamicAopProxy] - Creating JDK dynamic proxy: target source is SingletonTargetSource for target object [com.soft.service.impl.PaperQuestionServiceImpl@2da99821]
2019-11-04 08:36:57,600 [main] DEBUG [org.springframework.beans.factory.support.DefaultListableBeanFactory] - Finished creating instance of bean &apos;PaperQuestionService&apos;
2019-11-04 08:36:57,600 [main] DEBUG [org.springframework.beans.factory.support.DefaultListableBeanFactory] - Creating shared instance of singleton bean &apos;PaperScoreService&apos;
2019-11-04 08:36:57,600 [main] DEBUG [org.springframework.beans.factory.support.DefaultListableBeanFactory] - Creating instance of bean &apos;PaperScoreService&apos;
2019-11-04 08:36:57,600 [main] DEBUG [org.springframework.beans.factory.annotation.InjectionMetadata] - Registered injected element on class [com.soft.service.impl.PaperScoreServiceImpl]: AutowiredFieldElement for private com.soft.dao.PaperScoreMapper com.soft.service.impl.PaperScoreServiceImpl.paperScoreMapper
2019-11-04 08:36:57,600 [main] DEBUG [org.springframework.beans.factory.support.DefaultListableBeanFactory] - Eagerly caching bean &apos;PaperScoreService&apos; to allow for resolving potential circular references
2019-11-04 08:36:57,601 [main] DEBUG [org.springframework.beans.factory.annotation.InjectionMetadata] - Processing injected element of bean &apos;PaperScoreService&apos;: AutowiredFieldElement for private com.soft.dao.PaperScoreMapper com.soft.service.impl.PaperScoreServiceImpl.paperScoreMapper
2019-11-04 08:36:57,601 [main] DEBUG [org.springframework.beans.factory.support.DefaultListableBeanFactory] - Creating shared instance of singleton bean &apos;paperScoreMapper&apos;
2019-11-04 08:36:57,601 [main] DEBUG [org.springframework.beans.factory.support.DefaultListableBeanFactory] - Creating instance of bean &apos;paperScoreMapper&apos;
2019-11-04 08:36:57,601 [main] DEBUG [org.springframework.beans.factory.support.DefaultListableBeanFactory] - Eagerly caching bean &apos;paperScoreMapper&apos; to allow for resolving potential circular references
2019-11-04 08:36:57,601 [main] DEBUG [org.springframework.beans.factory.support.DefaultListableBeanFactory] - Returning cached instance of singleton bean &apos;sqlSessionFactoryBean&apos;
2019-11-04 08:36:57,601 [main] DEBUG [org.springframework.beans.factory.support.DefaultListableBeanFactory] - Autowiring by type from bean name &apos;paperScoreMapper&apos; via property &apos;sqlSessionFactory&apos; to bean named &apos;sqlSessionFactoryBean&apos;
2019-11-04 08:36:57,601 [main] DEBUG [org.springframework.beans.factory.support.DefaultListableBeanFactory] - Invoking afterPropertiesSet() on bean with name &apos;paperScoreMapper&apos;
2019-11-04 08:36:57,601 [main] DEBUG [org.springframework.beans.factory.support.DefaultListableBeanFactory] - Returning cached instance of singleton bean &apos;org.springframework.transaction.config.internalTransactionAdvisor&apos;
2019-11-04 08:36:57,601 [main] DEBUG [org.springframework.beans.factory.support.DefaultListableBeanFactory] - Finished creating instance of bean &apos;paperScoreMapper&apos;
2019-11-04 08:36:57,601 [main] DEBUG [org.springframework.beans.factory.support.DefaultListableBeanFactory] - Returning cached instance of singleton bean &apos;org.springframework.transaction.config.internalTransactionAdvisor&apos;
2019-11-04 08:36:57,602 [main] DEBUG [org.springframework.beans.factory.annotation.AutowiredAnnotationBeanPostProcessor] - Autowiring by type from bean name &apos;PaperScoreService&apos; to bean named &apos;paperScoreMapper&apos;
2019-11-04 08:36:57,602 [main] DEBUG [org.springframework.beans.factory.support.DefaultListableBeanFactory] - Returning cached instance of singleton bean &apos;org.springframework.transaction.config.internalTransactionAdvisor&apos;
2019-11-04 08:36:57,602 [main] DEBUG [org.springframework.transaction.annotation.AnnotationTransactionAttributeSource] - Adding transactional method &apos;com.soft.service.impl.PaperScoreServiceImpl.selectPaperScoreByexample&apos; with attribute: PROPAGATION_REQUIRED,ISOLATION_DEFAULT; &apos;&apos;
2019-11-04 08:36:57,602 [main] DEBUG [org.springframework.aop.framework.autoproxy.InfrastructureAdvisorAutoProxyCreator] - Creating implicit proxy for bean &apos;PaperScoreService&apos; with 0 common interceptors and 1 specific interceptors
2019-11-04 08:36:57,602 [main] DEBUG [org.springframework.aop.framework.JdkDynamicAopProxy] - Creating JDK dynamic proxy: target source is SingletonTargetSource for target object [com.soft.service.impl.PaperScoreServiceImpl@629984eb]
2019-11-04 08:36:57,602 [main] DEBUG [org.springframework.beans.factory.support.DefaultListableBeanFactory] - Finished creating instance of bean &apos;PaperScoreService&apos;
2019-11-04 08:36:57,602 [main] DEBUG [org.springframework.beans.factory.support.DefaultListableBeanFactory] - Creating shared instance of singleton bean &apos;PaperService&apos;
2019-11-04 08:36:57,602 [main] DEBUG [org.springframework.beans.factory.support.DefaultListableBeanFactory] - Creating instance of bean &apos;PaperService&apos;
2019-11-04 08:36:57,602 [main] DEBUG [org.springframework.beans.factory.annotation.InjectionMetadata] - Registered injected element on class [com.soft.service.impl.PaperServiceImpl]: AutowiredFieldElement for com.soft.dao.PaperMapper com.soft.service.impl.PaperServiceImpl.mapper
2019-11-04 08:36:57,602 [main] DEBUG [org.springframework.beans.factory.support.DefaultListableBeanFactory] - Eagerly caching bean &apos;PaperService&apos; to allow for resolving potential circular references
2019-11-04 08:36:57,602 [main] DEBUG [org.springframework.beans.factory.annotation.InjectionMetadata] - Processing injected element of bean &apos;PaperService&apos;: AutowiredFieldElement for com.soft.dao.PaperMapper com.soft.service.impl.PaperServiceImpl.mapper
2019-11-04 08:36:57,603 [main] DEBUG [org.springframework.beans.factory.support.DefaultListableBeanFactory] - Creating shared instance of singleton bean &apos;paperMapper&apos;
2019-11-04 08:36:57,603 [main] DEBUG [org.springframework.beans.factory.support.DefaultListableBeanFactory] - Creating instance of bean &apos;paperMapper&apos;
2019-11-04 08:36:57,603 [main] DEBUG [org.springframework.beans.factory.support.DefaultListableBeanFactory] - Eagerly caching bean &apos;paperMapper&apos; to allow for resolving potential circular references
2019-11-04 08:36:57,603 [main] DEBUG [org.springframework.beans.factory.support.DefaultListableBeanFactory] - Returning cached instance of singleton bean &apos;sqlSessionFactoryBean&apos;
2019-11-04 08:36:57,603 [main] DEBUG [org.springframework.beans.factory.support.DefaultListableBeanFactory] - Autowiring by type from bean name &apos;paperMapper&apos; via property &apos;sqlSessionFactory&apos; to bean named &apos;sqlSessionFactoryBean&apos;
2019-11-04 08:36:57,603 [main] DEBUG [org.springframework.beans.factory.support.DefaultListableBeanFactory] - Invoking afterPropertiesSet() on bean with name &apos;paperMapper&apos;
2019-11-04 08:36:57,603 [main] DEBUG [org.springframework.beans.factory.support.DefaultListableBeanFactory] - Returning cached instance of singleton bean &apos;org.springframework.transaction.config.internalTransactionAdvisor&apos;
2019-11-04 08:36:57,603 [main] DEBUG [org.springframework.beans.factory.support.DefaultListableBeanFactory] - Finished creating instance of bean &apos;paperMapper&apos;
2019-11-04 08:36:57,603 [main] DEBUG [org.springframework.beans.factory.support.DefaultListableBeanFactory] - Returning cached instance of singleton bean &apos;org.springframework.transaction.config.internalTransactionAdvisor&apos;
2019-11-04 08:36:57,603 [main] DEBUG [org.springframework.beans.factory.annotation.AutowiredAnnotationBeanPostProcessor] - Autowiring by type from bean name &apos;PaperService&apos; to bean named &apos;paperMapper&apos;
2019-11-04 08:36:57,603 [main] DEBUG [org.springframework.beans.factory.support.DefaultListableBeanFactory] - Returning cached instance of singleton bean &apos;org.springframework.transaction.config.internalTransactionAdvisor&apos;
2019-11-04 08:36:57,603 [main] DEBUG [org.springframework.transaction.annotation.AnnotationTransactionAttributeSource] - Adding transactional method &apos;com.soft.service.impl.PaperServiceImpl.findListByExample&apos; with attribute: PROPAGATION_REQUIRED,ISOLATION_DEFAULT; &apos;&apos;
2019-11-04 08:36:57,603 [main] DEBUG [org.springframework.aop.framework.autoproxy.InfrastructureAdvisorAutoProxyCreator] - Creating implicit proxy for bean &apos;PaperService&apos; with 0 common interceptors and 1 specific interceptors
2019-11-04 08:36:57,603 [main] DEBUG [org.springframework.aop.framework.JdkDynamicAopProxy] - Creating JDK dynamic proxy: target source is SingletonTargetSource for target object [com.soft.service.impl.PaperServiceImpl@6ec63f8]
2019-11-04 08:36:57,603 [main] DEBUG [org.springframework.beans.factory.support.DefaultListableBeanFactory] - Finished creating instance of bean &apos;PaperService&apos;
2019-11-04 08:36:57,603 [main] DEBUG [org.springframework.beans.factory.support.DefaultListableBeanFactory] - Creating shared instance of singleton bean &apos;questionBankServiceImpl&apos;
2019-11-04 08:36:57,603 [main] DEBUG [org.springframework.beans.factory.support.DefaultListableBeanFactory] - Creating instance of bean &apos;questionBankServiceImpl&apos;
2019-11-04 08:36:57,603 [main] DEBUG [org.springframework.beans.factory.annotation.InjectionMetadata] - Registered injected element on class [com.soft.service.impl.QuestionBankServiceImpl]: AutowiredFieldElement for com.soft.dao.Question_QuestionMapper com.soft.service.impl.QuestionBankServiceImpl.mapper
2019-11-04 08:36:57,603 [main] DEBUG [org.springframework.beans.factory.support.DefaultListableBeanFactory] - Eagerly caching bean &apos;questionBankServiceImpl&apos; to allow for resolving potential circular references
2019-11-04 08:36:57,604 [main] DEBUG [org.springframework.beans.factory.annotation.InjectionMetadata] - Processing injected element of bean &apos;questionBankServiceImpl&apos;: AutowiredFieldElement for com.soft.dao.Question_QuestionMapper com.soft.service.impl.QuestionBankServiceImpl.mapper
2019-11-04 08:36:57,604 [main] DEBUG [org.springframework.beans.factory.support.DefaultListableBeanFactory] - Returning cached instance of singleton bean &apos;question_QuestionMapper&apos;
2019-11-04 08:36:57,604 [main] DEBUG [org.springframework.beans.factory.annotation.AutowiredAnnotationBeanPostProcessor] - Autowiring by type from bean name &apos;questionBankServiceImpl&apos; to bean named &apos;question_QuestionMapper&apos;
2019-11-04 08:36:57,604 [main] DEBUG [org.springframework.beans.factory.support.DefaultListableBeanFactory] - Returning cached instance of singleton bean &apos;org.springframework.transaction.config.internalTransactionAdvisor&apos;
2019-11-04 08:36:57,604 [main] DEBUG [org.springframework.transaction.annotation.AnnotationTransactionAttributeSource] - Adding transactional method &apos;com.soft.service.impl.QuestionBankServiceImpl.selectQuestionByList&apos; with attribute: PROPAGATION_REQUIRED,ISOLATION_DEFAULT; &apos;&apos;
2019-11-04 08:36:57,604 [main] DEBUG [org.springframework.aop.framework.autoproxy.InfrastructureAdvisorAutoProxyCreator] - Creating implicit proxy for bean &apos;questionBankServiceImpl&apos; with 0 common interceptors and 1 specific interceptors
2019-11-04 08:36:57,604 [main] DEBUG [org.springframework.aop.framework.JdkDynamicAopProxy] - Creating JDK dynamic proxy: target source is SingletonTargetSource for target object [com.soft.service.impl.QuestionBankServiceImpl@2bc7db89]
2019-11-04 08:36:57,604 [main] DEBUG [org.springframework.beans.factory.support.DefaultListableBeanFactory] - Finished creating instance of bean &apos;questionBankServiceImpl&apos;
2019-11-04 08:36:57,604 [main] DEBUG [org.springframework.beans.factory.support.DefaultListableBeanFactory] - Creating shared instance of singleton bean &apos;questinaDailyAnswerService&apos;
2019-11-04 08:36:57,604 [main] DEBUG [org.springframework.beans.factory.support.DefaultListableBeanFactory] - Creating instance of bean &apos;questinaDailyAnswerService&apos;
2019-11-04 08:36:57,604 [main] DEBUG [org.springframework.beans.factory.annotation.InjectionMetadata] - Registered injected element on class [com.soft.service.impl.QuestionDailyAnswerServiceImpl]: AutowiredFieldElement for private com.soft.dao.Question_Daily_AnswerMapper com.soft.service.impl.QuestionDailyAnswerServiceImpl.mapper
2019-11-04 08:36:57,604 [main] DEBUG [org.springframework.beans.factory.support.DefaultListableBeanFactory] - Eagerly caching bean &apos;questinaDailyAnswerService&apos; to allow for resolving potential circular references
2019-11-04 08:36:57,604 [main] DEBUG [org.springframework.beans.factory.annotation.InjectionMetadata] - Processing injected element of bean &apos;questinaDailyAnswerService&apos;: AutowiredFieldElement for private com.soft.dao.Question_Daily_AnswerMapper com.soft.service.impl.QuestionDailyAnswerServiceImpl.mapper
2019-11-04 08:36:57,605 [main] DEBUG [org.springframework.beans.factory.support.DefaultListableBeanFactory] - Creating shared instance of singleton bean &apos;question_Daily_AnswerMapper&apos;
2019-11-04 08:36:57,605 [main] DEBUG [org.springframework.beans.factory.support.DefaultListableBeanFactory] - Creating instance of bean &apos;question_Daily_AnswerMapper&apos;
2019-11-04 08:36:57,605 [main] DEBUG [org.springframework.beans.factory.support.DefaultListableBeanFactory] - Eagerly caching bean &apos;question_Daily_AnswerMapper&apos; to allow for resolving potential circular references
2019-11-04 08:36:57,605 [main] DEBUG [org.springframework.beans.factory.support.DefaultListableBeanFactory] - Returning cached instance of singleton bean &apos;sqlSessionFactoryBean&apos;
2019-11-04 08:36:57,605 [main] DEBUG [org.springframework.beans.factory.support.DefaultListableBeanFactory] - Autowiring by type from bean name &apos;question_Daily_AnswerMapper&apos; via property &apos;sqlSessionFactory&apos; to bean named &apos;sqlSessionFactoryBean&apos;
2019-11-04 08:36:57,605 [main] DEBUG [org.springframework.beans.factory.support.DefaultListableBeanFactory] - Invoking afterPropertiesSet() on bean with name &apos;question_Daily_AnswerMapper&apos;
2019-11-04 08:36:57,605 [main] DEBUG [org.springframework.beans.factory.support.DefaultListableBeanFactory] - Returning cached instance of singleton bean &apos;org.springframework.transaction.config.internalTransactionAdvisor&apos;
2019-11-04 08:36:57,605 [main] DEBUG [org.springframework.beans.factory.support.DefaultListableBeanFactory] - Finished creating instance of bean &apos;question_Daily_AnswerMapper&apos;
2019-11-04 08:36:57,605 [main] DEBUG [org.springframework.beans.factory.support.DefaultListableBeanFactory] - Returning cached instance of singleton bean &apos;org.springframework.transaction.config.internalTransactionAdvisor&apos;
2019-11-04 08:36:57,605 [main] DEBUG [org.springframework.beans.factory.annotation.AutowiredAnnotationBeanPostProcessor] - Autowiring by type from bean name &apos;questinaDailyAnswerService&apos; to bean named &apos;question_Daily_AnswerMapper&apos;
2019-11-04 08:36:57,605 [main] DEBUG [org.springframework.beans.factory.support.DefaultListableBeanFactory] - Returning cached instance of singleton bean &apos;org.springframework.transaction.config.internalTransactionAdvisor&apos;
2019-11-04 08:36:57,605 [main] DEBUG [org.springframework.transaction.annotation.AnnotationTransactionAttributeSource] - Adding transactional method &apos;com.soft.service.impl.QuestionDailyAnswerServiceImpl.getDailyAnswer&apos; with attribute: PROPAGATION_REQUIRED,ISOLATION_DEFAULT,readOnly; &apos;&apos;
2019-11-04 08:36:57,606 [main] DEBUG [org.springframework.aop.framework.autoproxy.InfrastructureAdvisorAutoProxyCreator] - Creating implicit proxy for bean &apos;questinaDailyAnswerService&apos; with 0 common interceptors and 1 specific interceptors
2019-11-04 08:36:57,606 [main] DEBUG [org.springframework.aop.framework.JdkDynamicAopProxy] - Creating JDK dynamic proxy: target source is SingletonTargetSource for target object [com.soft.service.impl.QuestionDailyAnswerServiceImpl@173f1614]
2019-11-04 08:36:57,606 [main] DEBUG [org.springframework.beans.factory.support.DefaultListableBeanFactory] - Finished creating instance of bean &apos;questinaDailyAnswerService&apos;
2019-11-04 08:36:57,606 [main] DEBUG [org.springframework.beans.factory.support.DefaultListableBeanFactory] - Creating shared instance of singleton bean &apos;questionDailyPracticeService&apos;
2019-11-04 08:36:57,606 [main] DEBUG [org.springframework.beans.factory.support.DefaultListableBeanFactory] - Creating instance of bean &apos;questionDailyPracticeService&apos;
2019-11-04 08:36:57,606 [main] DEBUG [org.springframework.beans.factory.annotation.InjectionMetadata] - Registered injected element on class [com.soft.service.impl.QuestionDailyPracticeServiceImpl]: AutowiredFieldElement for private com.soft.dao.Question_Daily_PracticeMapper com.soft.service.impl.QuestionDailyPracticeServiceImpl.mapper
2019-11-04 08:36:57,606 [main] DEBUG [org.springframework.beans.factory.support.DefaultListableBeanFactory] - Eagerly caching bean &apos;questionDailyPracticeService&apos; to allow for resolving potential circular references
2019-11-04 08:36:57,606 [main] DEBUG [org.springframework.beans.factory.annotation.InjectionMetadata] - Processing injected element of bean &apos;questionDailyPracticeService&apos;: AutowiredFieldElement for private com.soft.dao.Question_Daily_PracticeMapper com.soft.service.impl.QuestionDailyPracticeServiceImpl.mapper
2019-11-04 08:36:57,606 [main] DEBUG [org.springframework.beans.factory.support.DefaultListableBeanFactory] - Creating shared instance of singleton bean &apos;question_Daily_PracticeMapper&apos;
2019-11-04 08:36:57,606 [main] DEBUG [org.springframework.beans.factory.support.DefaultListableBeanFactory] - Creating instance of bean &apos;question_Daily_PracticeMapper&apos;
2019-11-04 08:36:57,606 [main] DEBUG [org.springframework.beans.factory.support.DefaultListableBeanFactory] - Eagerly caching bean &apos;question_Daily_PracticeMapper&apos; to allow for resolving potential circular references
2019-11-04 08:36:57,606 [main] DEBUG [org.springframework.beans.factory.support.DefaultListableBeanFactory] - Returning cached instance of singleton bean &apos;sqlSessionFactoryBean&apos;
2019-11-04 08:36:57,606 [main] DEBUG [org.springframework.beans.factory.support.DefaultListableBeanFactory] - Autowiring by type from bean name &apos;question_Daily_PracticeMapper&apos; via property &apos;sqlSessionFactory&apos; to bean named &apos;sqlSessionFactoryBean&apos;
2019-11-04 08:36:57,606 [main] DEBUG [org.springframework.beans.factory.support.DefaultListableBeanFactory] - Invoking afterPropertiesSet() on bean with name &apos;question_Daily_PracticeMapper&apos;
2019-11-04 08:36:57,607 [main] DEBUG [org.springframework.beans.factory.support.DefaultListableBeanFactory] - Returning cached instance of singleton bean &apos;org.springframework.transaction.config.internalTransactionAdvisor&apos;
2019-11-04 08:36:57,607 [main] DEBUG [org.springframework.beans.factory.support.DefaultListableBeanFactory] - Finished creating instance of bean &apos;question_Daily_PracticeMapper&apos;
2019-11-04 08:36:57,607 [main] DEBUG [org.springframework.beans.factory.support.DefaultListableBeanFactory] - Returning cached instance of singleton bean &apos;org.springframework.transaction.config.internalTransactionAdvisor&apos;
2019-11-04 08:36:57,607 [main] DEBUG [org.springframework.beans.factory.annotation.AutowiredAnnotationBeanPostProcessor] - Autowiring by type from bean name &apos;questionDailyPracticeService&apos; to bean named &apos;question_Daily_PracticeMapper&apos;
2019-11-04 08:36:57,607 [main] DEBUG [org.springframework.beans.factory.support.DefaultListableBeanFactory] - Returning cached instance of singleton bean &apos;org.springframework.transaction.config.internalTransactionAdvisor&apos;
2019-11-04 08:36:57,607 [main] DEBUG [org.springframework.transaction.annotation.AnnotationTransactionAttributeSource] - Adding transactional method &apos;com.soft.service.impl.QuestionDailyPracticeServiceImpl.deleteDailyPractice&apos; with attribute: PROPAGATION_REQUIRED,ISOLATION_DEFAULT; &apos;&apos;
2019-11-04 08:36:57,607 [main] DEBUG [org.springframework.aop.framework.autoproxy.InfrastructureAdvisorAutoProxyCreator] - Creating implicit proxy for bean &apos;questionDailyPracticeService&apos; with 0 common interceptors and 1 specific interceptors
2019-11-04 08:36:57,607 [main] DEBUG [org.springframework.aop.framework.JdkDynamicAopProxy] - Creating JDK dynamic proxy: target source is SingletonTargetSource for target object [com.soft.service.impl.QuestionDailyPracticeServiceImpl@daf22f0]
2019-11-04 08:36:57,607 [main] DEBUG [org.springframework.beans.factory.support.DefaultListableBeanFactory] - Finished creating instance of bean &apos;questionDailyPracticeService&apos;
2019-11-04 08:36:57,607 [main] DEBUG [org.springframework.beans.factory.support.DefaultListableBeanFactory] - Creating shared instance of singleton bean &apos;questionErrorServiceImpl&apos;
2019-11-04 08:36:57,607 [main] DEBUG [org.springframework.beans.factory.support.DefaultListableBeanFactory] - Creating instance of bean &apos;questionErrorServiceImpl&apos;
2019-11-04 08:36:57,607 [main] DEBUG [org.springframework.beans.factory.annotation.InjectionMetadata] - Registered injected element on class [com.soft.service.impl.QuestionErrorServiceImpl]: AutowiredFieldElement for com.soft.dao.Question_Error_QuestionMapper com.soft.service.impl.QuestionErrorServiceImpl.mapper
2019-11-04 08:36:57,607 [main] DEBUG [org.springframework.beans.factory.support.DefaultListableBeanFactory] - Eagerly caching bean &apos;questionErrorServiceImpl&apos; to allow for resolving potential circular references
2019-11-04 08:36:57,607 [main] DEBUG [org.springframework.beans.factory.annotation.InjectionMetadata] - Processing injected element of bean &apos;questionErrorServiceImpl&apos;: AutowiredFieldElement for com.soft.dao.Question_Error_QuestionMapper com.soft.service.impl.QuestionErrorServiceImpl.mapper
2019-11-04 08:36:57,608 [main] DEBUG [org.springframework.beans.factory.support.DefaultListableBeanFactory] - Returning cached instance of singleton bean &apos;question_Error_QuestionMapper&apos;
2019-11-04 08:36:57,608 [main] DEBUG [org.springframework.beans.factory.annotation.AutowiredAnnotationBeanPostProcessor] - Autowiring by type from bean name &apos;questionErrorServiceImpl&apos; to bean named &apos;question_Error_QuestionMapper&apos;
2019-11-04 08:36:57,608 [main] DEBUG [org.springframework.beans.factory.support.DefaultListableBeanFactory] - Returning cached instance of singleton bean &apos;org.springframework.transaction.config.internalTransactionAdvisor&apos;
2019-11-04 08:36:57,608 [main] DEBUG [org.springframework.transaction.annotation.AnnotationTransactionAttributeSource] - Adding transactional method &apos;com.soft.service.impl.QuestionErrorServiceImpl.addQuestionError&apos; with attribute: PROPAGATION_REQUIRED,ISOLATION_DEFAULT; &apos;&apos;
2019-11-04 08:36:57,608 [main] DEBUG [org.springframework.aop.framework.autoproxy.InfrastructureAdvisorAutoProxyCreator] - Creating implicit proxy for bean &apos;questionErrorServiceImpl&apos; with 0 common interceptors and 1 specific interceptors
2019-11-04 08:36:57,608 [main] DEBUG [org.springframework.aop.framework.JdkDynamicAopProxy] - Creating JDK dynamic proxy: target source is SingletonTargetSource for target object [com.soft.service.impl.QuestionErrorServiceImpl@63f9b562]
2019-11-04 08:36:57,608 [main] DEBUG [org.springframework.beans.factory.support.DefaultListableBeanFactory] - Finished creating instance of bean &apos;questionErrorServiceImpl&apos;
2019-11-04 08:36:57,608 [main] DEBUG [org.springframework.beans.factory.support.DefaultListableBeanFactory] - Creating shared instance of singleton bean &apos;questionTypeServiceImpl&apos;
2019-11-04 08:36:57,608 [main] DEBUG [org.springframework.beans.factory.support.DefaultListableBeanFactory] - Creating instance of bean &apos;questionTypeServiceImpl&apos;
2019-11-04 08:36:57,608 [main] DEBUG [org.springframework.beans.factory.annotation.InjectionMetadata] - Registered injected element on class [com.soft.service.impl.QuestionTypeServiceImpl]: AutowiredFieldElement for com.soft.dao.Question_Question_TypeMapper com.soft.service.impl.QuestionTypeServiceImpl.mapper
2019-11-04 08:36:57,608 [main] DEBUG [org.springframework.beans.factory.support.DefaultListableBeanFactory] - Eagerly caching bean &apos;questionTypeServiceImpl&apos; to allow for resolving potential circular references
2019-11-04 08:36:57,608 [main] DEBUG [org.springframework.beans.factory.annotation.InjectionMetadata] - Processing injected element of bean &apos;questionTypeServiceImpl&apos;: AutowiredFieldElement for com.soft.dao.Question_Question_TypeMapper com.soft.service.impl.QuestionTypeServiceImpl.mapper
2019-11-04 08:36:57,608 [main] DEBUG [org.springframework.beans.factory.support.DefaultListableBeanFactory] - Creating shared instance of singleton bean &apos;question_Question_TypeMapper&apos;
2019-11-04 08:36:57,608 [main] DEBUG [org.springframework.beans.factory.support.DefaultListableBeanFactory] - Creating instance of bean &apos;question_Question_TypeMapper&apos;
2019-11-04 08:36:57,608 [main] DEBUG [org.springframework.beans.factory.support.DefaultListableBeanFactory] - Eagerly caching bean &apos;question_Question_TypeMapper&apos; to allow for resolving potential circular references
2019-11-04 08:36:57,608 [main] DEBUG [org.springframework.beans.factory.support.DefaultListableBeanFactory] - Returning cached instance of singleton bean &apos;sqlSessionFactoryBean&apos;
2019-11-04 08:36:57,608 [main] DEBUG [org.springframework.beans.factory.support.DefaultListableBeanFactory] - Autowiring by type from bean name &apos;question_Question_TypeMapper&apos; via property &apos;sqlSessionFactory&apos; to bean named &apos;sqlSessionFactoryBean&apos;
2019-11-04 08:36:57,608 [main] DEBUG [org.springframework.beans.factory.support.DefaultListableBeanFactory] - Invoking afterPropertiesSet() on bean with name &apos;question_Question_TypeMapper&apos;
2019-11-04 08:36:57,609 [main] DEBUG [org.springframework.beans.factory.support.DefaultListableBeanFactory] - Returning cached instance of singleton bean &apos;org.springframework.transaction.config.internalTransactionAdvisor&apos;
2019-11-04 08:36:57,609 [main] DEBUG [org.springframework.beans.factory.support.DefaultListableBeanFactory] - Finished creating instance of bean &apos;question_Question_TypeMapper&apos;
2019-11-04 08:36:57,609 [main] DEBUG [org.springframework.beans.factory.support.DefaultListableBeanFactory] - Returning cached instance of singleton bean &apos;org.springframework.transaction.config.internalTransactionAdvisor&apos;
2019-11-04 08:36:57,609 [main] DEBUG [org.springframework.beans.factory.annotation.AutowiredAnnotationBeanPostProcessor] - Autowiring by type from bean name &apos;questionTypeServiceImpl&apos; to bean named &apos;question_Question_TypeMapper&apos;
2019-11-04 08:36:57,609 [main] DEBUG [org.springframework.beans.factory.support.DefaultListableBeanFactory] - Returning cached instance of singleton bean &apos;org.springframework.transaction.config.internalTransactionAdvisor&apos;
2019-11-04 08:36:57,609 [main] DEBUG [org.springframework.transaction.annotation.AnnotationTransactionAttributeSource] - Adding transactional method &apos;com.soft.service.impl.QuestionTypeServiceImpl.delType&apos; with attribute: PROPAGATION_REQUIRED,ISOLATION_DEFAULT; &apos;&apos;
2019-11-04 08:36:57,609 [main] DEBUG [org.springframework.aop.framework.autoproxy.InfrastructureAdvisorAutoProxyCreator] - Creating implicit proxy for bean &apos;questionTypeServiceImpl&apos; with 0 common interceptors and 1 specific interceptors
2019-11-04 08:36:57,609 [main] DEBUG [org.springframework.aop.framework.JdkDynamicAopProxy] - Creating JDK dynamic proxy: target source is SingletonTargetSource for target object [com.soft.service.impl.QuestionTypeServiceImpl@5f34907b]
2019-11-04 08:36:57,609 [main] DEBUG [org.springframework.beans.factory.support.DefaultListableBeanFactory] - Finished creating instance of bean &apos;questionTypeServiceImpl&apos;
2019-11-04 08:36:57,609 [main] DEBUG [org.springframework.beans.factory.support.DefaultListableBeanFactory] - Creating shared instance of singleton bean &apos;ShowPaperService&apos;
2019-11-04 08:36:57,609 [main] DEBUG [org.springframework.beans.factory.support.DefaultListableBeanFactory] - Creating instance of bean &apos;ShowPaperService&apos;
2019-11-04 08:36:57,609 [main] DEBUG [org.springframework.beans.factory.annotation.InjectionMetadata] - Registered injected element on class [com.soft.service.impl.ShowPaperServiceImpl]: AutowiredFieldElement for com.soft.service.PaperService com.soft.service.impl.ShowPaperServiceImpl.paperService
2019-11-04 08:36:57,609 [main] DEBUG [org.springframework.beans.factory.annotation.InjectionMetadata] - Registered injected element on class [com.soft.service.impl.ShowPaperServiceImpl]: AutowiredFieldElement for com.soft.service.PaperQuestionService com.soft.service.impl.ShowPaperServiceImpl.paperQuestionService
2019-11-04 08:36:57,609 [main] DEBUG [org.springframework.beans.factory.support.DefaultListableBeanFactory] - Eagerly caching bean &apos;ShowPaperService&apos; to allow for resolving potential circular references
2019-11-04 08:36:57,610 [main] DEBUG [org.springframework.beans.factory.annotation.InjectionMetadata] - Processing injected element of bean &apos;ShowPaperService&apos;: AutowiredFieldElement for com.soft.service.PaperService com.soft.service.impl.ShowPaperServiceImpl.paperService
2019-11-04 08:36:57,610 [main] DEBUG [org.springframework.beans.factory.support.DefaultListableBeanFactory] - Returning cached instance of singleton bean &apos;PaperService&apos;
2019-11-04 08:36:57,610 [main] DEBUG [org.springframework.beans.factory.annotation.AutowiredAnnotationBeanPostProcessor] - Autowiring by type from bean name &apos;ShowPaperService&apos; to bean named &apos;PaperService&apos;
2019-11-04 08:36:57,610 [main] DEBUG [org.springframework.beans.factory.annotation.InjectionMetadata] - Processing injected element of bean &apos;ShowPaperService&apos;: AutowiredFieldElement for com.soft.service.PaperQuestionService com.soft.service.impl.ShowPaperServiceImpl.paperQuestionService
2019-11-04 08:36:57,610 [main] DEBUG [org.springframework.beans.factory.support.DefaultListableBeanFactory] - Returning cached instance of singleton bean &apos;PaperQuestionService&apos;
2019-11-04 08:36:57,610 [main] DEBUG [org.springframework.beans.factory.annotation.AutowiredAnnotationBeanPostProcessor] - Autowiring by type from bean name &apos;ShowPaperService&apos; to bean named &apos;PaperQuestionService&apos;
2019-11-04 08:36:57,610 [main] DEBUG [org.springframework.beans.factory.support.DefaultListableBeanFactory] - Returning cached instance of singleton bean &apos;org.springframework.transaction.config.internalTransactionAdvisor&apos;
2019-11-04 08:36:57,610 [main] DEBUG [org.springframework.transaction.annotation.AnnotationTransactionAttributeSource] - Adding transactional method &apos;com.soft.service.impl.ShowPaperServiceImpl.getShowPaperByPaperId&apos; with attribute: PROPAGATION_REQUIRED,ISOLATION_DEFAULT; &apos;&apos;
2019-11-04 08:36:57,610 [main] DEBUG [org.springframework.aop.framework.autoproxy.InfrastructureAdvisorAutoProxyCreator] - Creating implicit proxy for bean &apos;ShowPaperService&apos; with 0 common interceptors and 1 specific interceptors
2019-11-04 08:36:57,610 [main] DEBUG [org.springframework.aop.framework.JdkDynamicAopProxy] - Creating JDK dynamic proxy: target source is SingletonTargetSource for target object [com.soft.service.impl.ShowPaperServiceImpl@671ea6ff]
2019-11-04 08:36:57,610 [main] DEBUG [org.springframework.beans.factory.support.DefaultListableBeanFactory] - Finished creating instance of bean &apos;ShowPaperService&apos;
2019-11-04 08:36:57,610 [main] DEBUG [org.springframework.beans.factory.support.DefaultListableBeanFactory] - Creating shared instance of singleton bean &apos;studentService&apos;
2019-11-04 08:36:57,610 [main] DEBUG [org.springframework.beans.factory.support.DefaultListableBeanFactory] - Creating instance of bean &apos;studentService&apos;
2019-11-04 08:36:57,611 [main] DEBUG [org.springframework.beans.factory.annotation.InjectionMetadata] - Registered injected element on class [com.soft.service.impl.StudentServiceImpl]: AutowiredFieldElement for private com.soft.dao.StudentMapper com.soft.service.impl.StudentServiceImpl.studentMapper
2019-11-04 08:36:57,611 [main] DEBUG [org.springframework.beans.factory.support.DefaultListableBeanFactory] - Eagerly caching bean &apos;studentService&apos; to allow for resolving potential circular references
2019-11-04 08:36:57,611 [main] DEBUG [org.springframework.beans.factory.annotation.InjectionMetadata] - Processing injected element of bean &apos;studentService&apos;: AutowiredFieldElement for private com.soft.dao.StudentMapper com.soft.service.impl.StudentServiceImpl.studentMapper
2019-11-04 08:36:57,611 [main] DEBUG [org.springframework.beans.factory.support.DefaultListableBeanFactory] - Returning cached instance of singleton bean &apos;studentMapper&apos;
2019-11-04 08:36:57,611 [main] DEBUG [org.springframework.beans.factory.annotation.AutowiredAnnotationBeanPostProcessor] - Autowiring by type from bean name &apos;studentService&apos; to bean named &apos;studentMapper&apos;
2019-11-04 08:36:57,611 [main] DEBUG [org.springframework.beans.factory.support.DefaultListableBeanFactory] - Returning cached instance of singleton bean &apos;org.springframework.transaction.config.internalTransactionAdvisor&apos;
2019-11-04 08:36:57,611 [main] DEBUG [org.springframework.transaction.annotation.AnnotationTransactionAttributeSource] - Adding transactional method &apos;com.soft.service.impl.StudentServiceImpl.addStudent&apos; with attribute: PROPAGATION_REQUIRED,ISOLATION_DEFAULT; &apos;&apos;
2019-11-04 08:36:57,611 [main] DEBUG [org.springframework.aop.framework.autoproxy.InfrastructureAdvisorAutoProxyCreator] - Creating implicit proxy for bean &apos;studentService&apos; with 0 common interceptors and 1 specific interceptors
2019-11-04 08:36:57,611 [main] DEBUG [org.springframework.aop.framework.JdkDynamicAopProxy] - Creating JDK dynamic proxy: target source is SingletonTargetSource for target object [com.soft.service.impl.StudentServiceImpl@5dc769f9]
2019-11-04 08:36:57,611 [main] DEBUG [org.springframework.beans.factory.support.DefaultListableBeanFactory] - Finished creating instance of bean &apos;studentService&apos;
2019-11-04 08:36:57,611 [main] DEBUG [org.springframework.beans.factory.support.DefaultListableBeanFactory] - Creating shared instance of singleton bean &apos;TeacherService&apos;
2019-11-04 08:36:57,611 [main] DEBUG [org.springframework.beans.factory.support.DefaultListableBeanFactory] - Creating instance of bean &apos;TeacherService&apos;
2019-11-04 08:36:57,611 [main] DEBUG [org.springframework.beans.factory.annotation.InjectionMetadata] - Registered injected element on class [com.soft.service.impl.TeacherServiceImpl]: AutowiredFieldElement for private com.soft.dao.TeacherMapper com.soft.service.impl.TeacherServiceImpl.TeacherMapper
2019-11-04 08:36:57,611 [main] DEBUG [org.springframework.beans.factory.support.DefaultListableBeanFactory] - Eagerly caching bean &apos;TeacherService&apos; to allow for resolving potential circular references
2019-11-04 08:36:57,612 [main] DEBUG [org.springframework.beans.factory.annotation.InjectionMetadata] - Processing injected element of bean &apos;TeacherService&apos;: AutowiredFieldElement for private com.soft.dao.TeacherMapper com.soft.service.impl.TeacherServiceImpl.TeacherMapper
2019-11-04 08:36:57,612 [main] DEBUG [org.springframework.beans.factory.support.DefaultListableBeanFactory] - Creating shared instance of singleton bean &apos;teacherMapper&apos;
2019-11-04 08:36:57,612 [main] DEBUG [org.springframework.beans.factory.support.DefaultListableBeanFactory] - Creating instance of bean &apos;teacherMapper&apos;
2019-11-04 08:36:57,612 [main] DEBUG [org.springframework.beans.factory.support.DefaultListableBeanFactory] - Eagerly caching bean &apos;teacherMapper&apos; to allow for resolving potential circular references
2019-11-04 08:36:57,612 [main] DEBUG [org.springframework.beans.factory.support.DefaultListableBeanFactory] - Returning cached instance of singleton bean &apos;sqlSessionFactoryBean&apos;
2019-11-04 08:36:57,612 [main] DEBUG [org.springframework.beans.factory.support.DefaultListableBeanFactory] - Autowiring by type from bean name &apos;teacherMapper&apos; via property &apos;sqlSessionFactory&apos; to bean named &apos;sqlSessionFactoryBean&apos;
2019-11-04 08:36:57,612 [main] DEBUG [org.springframework.beans.factory.support.DefaultListableBeanFactory] - Invoking afterPropertiesSet() on bean with name &apos;teacherMapper&apos;
2019-11-04 08:36:57,612 [main] DEBUG [org.springframework.beans.factory.support.DefaultListableBeanFactory] - Returning cached instance of singleton bean &apos;org.springframework.transaction.config.internalTransactionAdvisor&apos;
2019-11-04 08:36:57,612 [main] DEBUG [org.springframework.beans.factory.support.DefaultListableBeanFactory] - Finished creating instance of bean &apos;teacherMapper&apos;
2019-11-04 08:36:57,612 [main] DEBUG [org.springframework.beans.factory.support.DefaultListableBeanFactory] - Returning cached instance of singleton bean &apos;org.springframework.transaction.config.internalTransactionAdvisor&apos;
2019-11-04 08:36:57,613 [main] DEBUG [org.springframework.beans.factory.annotation.AutowiredAnnotationBeanPostProcessor] - Autowiring by type from bean name &apos;TeacherService&apos; to bean named &apos;teacherMapper&apos;
2019-11-04 08:36:57,613 [main] DEBUG [org.springframework.beans.factory.support.DefaultListableBeanFactory] - Returning cached instance of singleton bean &apos;org.springframework.transaction.config.internalTransactionAdvisor&apos;
2019-11-04 08:36:57,613 [main] DEBUG [org.springframework.transaction.annotation.AnnotationTransactionAttributeSource] - Adding transactional method &apos;com.soft.service.impl.TeacherServiceImpl.checkLogin&apos; with attribute: PROPAGATION_REQUIRED,ISOLATION_DEFAULT; &apos;&apos;
2019-11-04 08:36:57,613 [main] DEBUG [org.springframework.aop.framework.autoproxy.InfrastructureAdvisorAutoProxyCreator] - Creating implicit proxy for bean &apos;TeacherService&apos; with 0 common interceptors and 1 specific interceptors
2019-11-04 08:36:57,613 [main] DEBUG [org.springframework.aop.framework.JdkDynamicAopProxy] - Creating JDK dynamic proxy: target source is SingletonTargetSource for target object [com.soft.service.impl.TeacherServiceImpl@287ae90c]
2019-11-04 08:36:57,613 [main] DEBUG [org.springframework.beans.factory.support.DefaultListableBeanFactory] - Finished creating instance of bean &apos;TeacherService&apos;
2019-11-04 08:36:57,613 [main] DEBUG [org.springframework.beans.factory.support.DefaultListableBeanFactory] - Returning cached instance of singleton bean &apos;org.springframework.context.annotation.internalConfigurationAnnotationProcessor&apos;
2019-11-04 08:36:57,613 [main] DEBUG [org.springframework.beans.factory.support.DefaultListableBeanFactory] - Returning cached instance of singleton bean &apos;org.springframework.context.annotation.internalAutowiredAnnotationProcessor&apos;
2019-11-04 08:36:57,613 [main] DEBUG [org.springframework.beans.factory.support.DefaultListableBeanFactory] - Returning cached instance of singleton bean &apos;org.springframework.context.annotation.internalRequiredAnnotationProcessor&apos;
2019-11-04 08:36:57,613 [main] DEBUG [org.springframework.beans.factory.support.DefaultListableBeanFactory] - Returning cached instance of singleton bean &apos;org.springframework.context.annotation.internalCommonAnnotationProcessor&apos;
2019-11-04 08:36:57,613 [main] DEBUG [org.springframework.beans.factory.support.DefaultListableBeanFactory] - Creating shared instance of singleton bean &apos;org.springframework.context.event.internalEventListenerProcessor&apos;
2019-11-04 08:36:57,613 [main] DEBUG [org.springframework.beans.factory.support.DefaultListableBeanFactory] - Creating instance of bean &apos;org.springframework.context.event.internalEventListenerProcessor&apos;
2019-11-04 08:36:57,613 [main] DEBUG [org.springframework.beans.factory.support.DefaultListableBeanFactory] - Eagerly caching bean &apos;org.springframework.context.event.internalEventListenerProcessor&apos; to allow for resolving potential circular references
2019-11-04 08:36:57,614 [main] DEBUG [org.springframework.beans.factory.support.DefaultListableBeanFactory] - Returning cached instance of singleton bean &apos;org.springframework.transaction.config.internalTransactionAdvisor&apos;
2019-11-04 08:36:57,614 [main] DEBUG [org.springframework.beans.factory.support.DefaultListableBeanFactory] - Finished creating instance of bean &apos;org.springframework.context.event.internalEventListenerProcessor&apos;
2019-11-04 08:36:57,614 [main] DEBUG [org.springframework.beans.factory.support.DefaultListableBeanFactory] - Creating shared instance of singleton bean &apos;org.springframework.context.event.internalEventListenerFactory&apos;
2019-11-04 08:36:57,614 [main] DEBUG [org.springframework.beans.factory.support.DefaultListableBeanFactory] - Creating instance of bean &apos;org.springframework.context.event.internalEventListenerFactory&apos;
2019-11-04 08:36:57,614 [main] DEBUG [org.springframework.beans.factory.support.DefaultListableBeanFactory] - Eagerly caching bean &apos;org.springframework.context.event.internalEventListenerFactory&apos; to allow for resolving potential circular references
2019-11-04 08:36:57,614 [main] DEBUG [org.springframework.beans.factory.support.DefaultListableBeanFactory] - Returning cached instance of singleton bean &apos;org.springframework.transaction.config.internalTransactionAdvisor&apos;
2019-11-04 08:36:57,614 [main] DEBUG [org.springframework.beans.factory.support.DefaultListableBeanFactory] - Finished creating instance of bean &apos;org.springframework.context.event.internalEventListenerFactory&apos;
2019-11-04 08:36:57,614 [main] DEBUG [org.springframework.beans.factory.support.DefaultListableBeanFactory] - Returning cached instance of singleton bean &apos;org.springframework.context.support.PropertySourcesPlaceholderConfigurer#0&apos;
2019-11-04 08:36:57,614 [main] DEBUG [org.springframework.beans.factory.support.DefaultListableBeanFactory] - Returning cached instance of singleton bean &apos;dataSource&apos;
2019-11-04 08:36:57,614 [main] DEBUG [org.springframework.beans.factory.support.DefaultListableBeanFactory] - Creating shared instance of singleton bean &apos;dataSourceTransactionManager&apos;
2019-11-04 08:36:57,614 [main] DEBUG [org.springframework.beans.factory.support.DefaultListableBeanFactory] - Creating instance of bean &apos;dataSourceTransactionManager&apos;
2019-11-04 08:36:57,614 [main] DEBUG [org.springframework.beans.factory.support.DefaultListableBeanFactory] - Eagerly caching bean &apos;dataSourceTransactionManager&apos; to allow for resolving potential circular references
2019-11-04 08:36:57,615 [main] DEBUG [org.springframework.beans.factory.support.DefaultListableBeanFactory] - Returning cached instance of singleton bean &apos;dataSource&apos;
2019-11-04 08:36:57,615 [main] DEBUG [org.springframework.beans.factory.support.DefaultListableBeanFactory] - Invoking afterPropertiesSet() on bean with name &apos;dataSourceTransactionManager&apos;
2019-11-04 08:36:57,615 [main] DEBUG [org.springframework.beans.factory.support.DefaultListableBeanFactory] - Returning cached instance of singleton bean &apos;org.springframework.transaction.config.internalTransactionAdvisor&apos;
2019-11-04 08:36:57,615 [main] DEBUG [org.springframework.beans.factory.support.DefaultListableBeanFactory] - Finished creating instance of bean &apos;dataSourceTransactionManager&apos;
2019-11-04 08:36:57,615 [main] DEBUG [org.springframework.beans.factory.support.DefaultListableBeanFactory] - Creating shared instance of singleton bean &apos;org.springframework.transaction.config.internalTransactionalEventListenerFactory&apos;
2019-11-04 08:36:57,615 [main] DEBUG [org.springframework.beans.factory.support.DefaultListableBeanFactory] - Creating instance of bean &apos;org.springframework.transaction.config.internalTransactionalEventListenerFactory&apos;
2019-11-04 08:36:57,615 [main] DEBUG [org.springframework.beans.factory.support.DefaultListableBeanFactory] - Eagerly caching bean &apos;org.springframework.transaction.config.internalTransactionalEventListenerFactory&apos; to allow for resolving potential circular references
2019-11-04 08:36:57,616 [main] DEBUG [org.springframework.beans.factory.support.DefaultListableBeanFactory] - Returning cached instance of singleton bean &apos;org.springframework.transaction.config.internalTransactionAdvisor&apos;
2019-11-04 08:36:57,616 [main] DEBUG [org.springframework.beans.factory.support.DefaultListableBeanFactory] - Finished creating instance of bean &apos;org.springframework.transaction.config.internalTransactionalEventListenerFactory&apos;
2019-11-04 08:36:57,616 [main] DEBUG [org.springframework.beans.factory.support.DefaultListableBeanFactory] - Returning cached instance of singleton bean &apos;org.springframework.aop.config.internalAutoProxyCreator&apos;
2019-11-04 08:36:57,616 [main] DEBUG [org.springframework.beans.factory.support.DefaultListableBeanFactory] - Returning cached instance of singleton bean &apos;org.springframework.transaction.annotation.AnnotationTransactionAttributeSource#0&apos;
2019-11-04 08:36:57,616 [main] DEBUG [org.springframework.beans.factory.support.DefaultListableBeanFactory] - Creating shared instance of singleton bean &apos;org.springframework.transaction.interceptor.TransactionInterceptor#0&apos;
2019-11-04 08:36:57,617 [main] DEBUG [org.springframework.beans.factory.support.DefaultListableBeanFactory] - Creating instance of bean &apos;org.springframework.transaction.interceptor.TransactionInterceptor#0&apos;
2019-11-04 08:36:57,617 [main] DEBUG [org.springframework.beans.factory.support.DefaultListableBeanFactory] - Eagerly caching bean &apos;org.springframework.transaction.interceptor.TransactionInterceptor#0&apos; to allow for resolving potential circular references
2019-11-04 08:36:57,618 [main] DEBUG [org.springframework.beans.factory.support.DefaultListableBeanFactory] - Returning cached instance of singleton bean &apos;org.springframework.transaction.annotation.AnnotationTransactionAttributeSource#0&apos;
2019-11-04 08:36:57,618 [main] DEBUG [org.springframework.beans.factory.support.DefaultListableBeanFactory] - Invoking afterPropertiesSet() on bean with name &apos;org.springframework.transaction.interceptor.TransactionInterceptor#0&apos;
2019-11-04 08:36:57,618 [main] DEBUG [org.springframework.beans.factory.support.DefaultListableBeanFactory] - Finished creating instance of bean &apos;org.springframework.transaction.interceptor.TransactionInterceptor#0&apos;
2019-11-04 08:36:57,618 [main] DEBUG [org.springframework.beans.factory.support.DefaultListableBeanFactory] - Returning cached instance of singleton bean &apos;org.springframework.transaction.config.internalTransactionAdvisor&apos;
2019-11-04 08:36:57,618 [main] DEBUG [org.springframework.beans.factory.support.DefaultListableBeanFactory] - Returning cached instance of singleton bean &apos;sqlSessionFactoryBean&apos;
2019-11-04 08:36:57,618 [main] DEBUG [org.springframework.beans.factory.support.DefaultListableBeanFactory] - Returning cached instance of singleton bean &apos;org.mybatis.spring.mapper.MapperScannerConfigurer#0&apos;
2019-11-04 08:36:57,618 [main] DEBUG [org.springframework.beans.factory.support.DefaultListableBeanFactory] - Returning cached instance of singleton bean &apos;chapter_ScoreMapper&apos;
2019-11-04 08:36:57,618 [main] DEBUG [org.springframework.beans.factory.support.DefaultListableBeanFactory] - Returning cached instance of singleton bean &apos;chapterMapper&apos;
2019-11-04 08:36:57,618 [main] DEBUG [org.springframework.beans.factory.support.DefaultListableBeanFactory] - Creating shared instance of singleton bean &apos;corpMapper&apos;
2019-11-04 08:36:57,618 [main] DEBUG [org.springframework.beans.factory.support.DefaultListableBeanFactory] - Creating instance of bean &apos;corpMapper&apos;
2019-11-04 08:36:57,618 [main] DEBUG [org.springframework.beans.factory.support.DefaultListableBeanFactory] - Eagerly caching bean &apos;corpMapper&apos; to allow for resolving potential circular references
2019-11-04 08:36:57,618 [main] DEBUG [org.springframework.beans.factory.support.DefaultListableBeanFactory] - Returning cached instance of singleton bean &apos;sqlSessionFactoryBean&apos;
2019-11-04 08:36:57,618 [main] DEBUG [org.springframework.beans.factory.support.DefaultListableBeanFactory] - Autowiring by type from bean name &apos;corpMapper&apos; via property &apos;sqlSessionFactory&apos; to bean named &apos;sqlSessionFactoryBean&apos;
2019-11-04 08:36:57,618 [main] DEBUG [org.springframework.beans.factory.support.DefaultListableBeanFactory] - Invoking afterPropertiesSet() on bean with name &apos;corpMapper&apos;
2019-11-04 08:36:57,618 [main] DEBUG [org.springframework.beans.factory.support.DefaultListableBeanFactory] - Returning cached instance of singleton bean &apos;org.springframework.transaction.config.internalTransactionAdvisor&apos;
2019-11-04 08:36:57,618 [main] DEBUG [org.springframework.beans.factory.support.DefaultListableBeanFactory] - Finished creating instance of bean &apos;corpMapper&apos;
2019-11-04 08:36:57,618 [main] DEBUG [org.springframework.beans.factory.support.DefaultListableBeanFactory] - Returning cached instance of singleton bean &apos;courseMapper&apos;
2019-11-04 08:36:57,618 [main] DEBUG [org.springframework.beans.factory.support.DefaultListableBeanFactory] - Returning cached instance of singleton bean &apos;daily_ScoreMapper&apos;
2019-11-04 08:36:57,619 [main] DEBUG [org.springframework.beans.factory.support.DefaultListableBeanFactory] - Returning cached instance of singleton bean &apos;paperAnswerMapper&apos;
2019-11-04 08:36:57,619 [main] DEBUG [org.springframework.beans.factory.support.DefaultListableBeanFactory] - Returning cached instance of singleton bean &apos;paperMapper&apos;
2019-11-04 08:36:57,619 [main] DEBUG [org.springframework.beans.factory.support.DefaultListableBeanFactory] - Returning cached instance of singleton bean &apos;paperQuestionMapper&apos;
2019-11-04 08:36:57,619 [main] DEBUG [org.springframework.beans.factory.support.DefaultListableBeanFactory] - Returning cached instance of singleton bean &apos;paperScoreMapper&apos;
2019-11-04 08:36:57,619 [main] DEBUG [org.springframework.beans.factory.support.DefaultListableBeanFactory] - Creating shared instance of singleton bean &apos;paperTypeMapper&apos;
2019-11-04 08:36:57,619 [main] DEBUG [org.springframework.beans.factory.support.DefaultListableBeanFactory] - Creating instance of bean &apos;paperTypeMapper&apos;
2019-11-04 08:36:57,619 [main] DEBUG [org.springframework.beans.factory.support.DefaultListableBeanFactory] - Eagerly caching bean &apos;paperTypeMapper&apos; to allow for resolving potential circular references
2019-11-04 08:36:57,619 [main] DEBUG [org.springframework.beans.factory.support.DefaultListableBeanFactory] - Returning cached instance of singleton bean &apos;sqlSessionFactoryBean&apos;
2019-11-04 08:36:57,619 [main] DEBUG [org.springframework.beans.factory.support.DefaultListableBeanFactory] - Autowiring by type from bean name &apos;paperTypeMapper&apos; via property &apos;sqlSessionFactory&apos; to bean named &apos;sqlSessionFactoryBean&apos;
2019-11-04 08:36:57,619 [main] DEBUG [org.springframework.beans.factory.support.DefaultListableBeanFactory] - Invoking afterPropertiesSet() on bean with name &apos;paperTypeMapper&apos;
2019-11-04 08:36:57,619 [main] DEBUG [org.springframework.beans.factory.support.DefaultListableBeanFactory] - Returning cached instance of singleton bean &apos;org.springframework.transaction.config.internalTransactionAdvisor&apos;
2019-11-04 08:36:57,619 [main] DEBUG [org.springframework.beans.factory.support.DefaultListableBeanFactory] - Finished creating instance of bean &apos;paperTypeMapper&apos;
2019-11-04 08:36:57,619 [main] DEBUG [org.springframework.beans.factory.support.DefaultListableBeanFactory] - Returning cached instance of singleton bean &apos;qestion_Chapter_PracticeMapper&apos;
2019-11-04 08:36:57,619 [main] DEBUG [org.springframework.beans.factory.support.DefaultListableBeanFactory] - Returning cached instance of singleton bean &apos;question_Chapter_AnswerMapper&apos;
2019-11-04 08:36:57,619 [main] DEBUG [org.springframework.beans.factory.support.DefaultListableBeanFactory] - Returning cached instance of singleton bean &apos;question_Daily_AnswerMapper&apos;
2019-11-04 08:36:57,619 [main] DEBUG [org.springframework.beans.factory.support.DefaultListableBeanFactory] - Returning cached instance of singleton bean &apos;question_Daily_PracticeMapper&apos;
2019-11-04 08:36:57,619 [main] DEBUG [org.springframework.beans.factory.support.DefaultListableBeanFactory] - Returning cached instance of singleton bean &apos;question_Error_QuestionMapper&apos;
2019-11-04 08:36:57,619 [main] DEBUG [org.springframework.beans.factory.support.DefaultListableBeanFactory] - Returning cached instance of singleton bean &apos;question_Question_TypeMapper&apos;
2019-11-04 08:36:57,620 [main] DEBUG [org.springframework.beans.factory.support.DefaultListableBeanFactory] - Returning cached instance of singleton bean &apos;question_QuestionMapper&apos;
2019-11-04 08:36:57,620 [main] DEBUG [org.springframework.beans.factory.support.DefaultListableBeanFactory] - Returning cached instance of singleton bean &apos;studentMapper&apos;
2019-11-04 08:36:57,620 [main] DEBUG [org.springframework.beans.factory.support.DefaultListableBeanFactory] - Returning cached instance of singleton bean &apos;teacherMapper&apos;
2019-11-04 08:36:57,620 [main] DEBUG [org.springframework.beans.factory.support.DefaultListableBeanFactory] - Returning cached instance of singleton bean &apos;org.springframework.context.event.internalEventListenerFactory&apos;
2019-11-04 08:36:57,620 [main] DEBUG [org.springframework.beans.factory.support.DefaultListableBeanFactory] - Returning cached instance of singleton bean &apos;org.springframework.transaction.config.internalTransactionalEventListenerFactory&apos;
2019-11-04 08:36:57,627 [main] DEBUG [org.springframework.context.support.ClassPathXmlApplicationContext] - Unable to locate LifecycleProcessor with name &apos;lifecycleProcessor&apos;: using default [org.springframework.context.support.DefaultLifecycleProcessor@49fb0bbd]
2019-11-04 08:36:57,627 [main] DEBUG [org.springframework.beans.factory.support.DefaultListableBeanFactory] - Returning cached instance of singleton bean &apos;lifecycleProcessor&apos;
2019-11-04 08:36:57,627 [main] DEBUG [org.springframework.beans.factory.support.DefaultListableBeanFactory] - Returning cached instance of singleton bean &apos;sqlSessionFactoryBean&apos;
2019-11-04 08:36:57,627 [main] DEBUG [org.springframework.core.env.PropertySourcesPropertyResolver] - Could not find key &apos;spring.liveBeansView.mbeanDomain&apos; in any property source
2019-11-04 08:36:57,627 [main] DEBUG [org.springframework.beans.factory.support.DefaultListableBeanFactory] - Returning cached instance of singleton bean &apos;PaperScoreService&apos;
2019-11-04 08:36:57,630 [main] DEBUG [org.springframework.beans.factory.support.DefaultListableBeanFactory] - Returning cached instance of singleton bean &apos;org.springframework.transaction.interceptor.TransactionInterceptor#0&apos;
2019-11-04 08:36:57,630 [main] DEBUG [org.springframework.beans.factory.support.DefaultListableBeanFactory] - Returning cached instance of singleton bean &apos;dataSourceTransactionManager&apos;
2019-11-04 08:36:57,630 [main] DEBUG [org.springframework.jdbc.datasource.DataSourceTransactionManager] - Creating new transaction with name [com.soft.service.impl.PaperScoreServiceImpl.selectPaperScoreByexample]: PROPAGATION_REQUIRED,ISOLATION_DEFAULT; &apos;&apos;
2019-11-04 08:36:57,634 [main] DEBUG [com.mchange.v2.resourcepool.BasicResourcePool] - incremented pending_acquires: 1
2019-11-04 08:36:57,634 [main] DEBUG [com.mchange.v2.resourcepool.BasicResourcePool] - incremented pending_acquires: 2
2019-11-04 08:36:57,634 [main] DEBUG [com.mchange.v2.resourcepool.BasicResourcePool] - incremented pending_acquires: 3
2019-11-04 08:36:57,634 [main] DEBUG [com.mchange.v2.resourcepool.BasicResourcePool] - com.mchange.v2.resourcepool.BasicResourcePool@48a2db72 config: [start -&gt; 3; min -&gt; 3; max -&gt; 15; inc -&gt; 3; num_acq_attempts -&gt; 30; acq_attempt_delay -&gt; 1000; check_idle_resources_delay -&gt; 0; mox_resource_age -&gt; 0; max_idle_time -&gt; 0; excess_max_idle_time -&gt; 0; destroy_unreturned_resc_time -&gt; 0; expiration_enforcement_delay -&gt; 0; break_on_acquisition_failure -&gt; false; debug_store_checkout_exceptions -&gt; false]
2019-11-04 08:36:57,634 [main] INFO  [com.mchange.v2.c3p0.impl.AbstractPoolBackedDataSource] - Initializing c3p0 pool... com.mchange.v2.c3p0.ComboPooledDataSource [ acquireIncrement -&gt; 3, acquireRetryAttempts -&gt; 30, acquireRetryDelay -&gt; 1000, autoCommitOnClose -&gt; false, automaticTestTable -&gt; null, breakAfterAcquireFailure -&gt; false, checkoutTimeout -&gt; 0, connectionCustomizerClassName -&gt; null, connectionTesterClassName -&gt; com.mchange.v2.c3p0.impl.DefaultConnectionTester, dataSourceName -&gt; 1hge78za6educh8m3mc22|321ca237, debugUnreturnedConnectionStackTraces -&gt; false, description -&gt; null, driverClass -&gt; com.mysql.jdbc.Driver, factoryClassLocation -&gt; null, forceIgnoreUnresolvedTransactions -&gt; false, identityToken -&gt; 1hge78za6educh8m3mc22|321ca237, idleConnectionTestPeriod -&gt; 0, initialPoolSize -&gt; 3, jdbcUrl -&gt; jdbc:mysql://192.168.32.46:3306/educate, lastAcquisitionFailureDefaultUser -&gt; null, maxAdministrativeTaskTime -&gt; 0, maxConnectionAge -&gt; 0, maxIdleTime -&gt; 0, maxIdleTimeExcessConnections -&gt; 0, maxPoolSize -&gt; 15, maxStatements -&gt; 0, maxStatementsPerConnection -&gt; 0, minPoolSize -&gt; 3, numHelperThreads -&gt; 3, numThreadsAwaitingCheckoutDefaultUser -&gt; 0, preferredTestQuery -&gt; null, properties -&gt; {user=******, password=******}, propertyCycle -&gt; 0, testConnectionOnCheckin -&gt; false, testConnectionOnCheckout -&gt; false, unreturnedConnectionTimeout -&gt; 0, usesTraditionalReflectiveProxies -&gt; false ]
2019-11-04 08:36:57,634 [main] DEBUG [com.mchange.v2.resourcepool.BasicResourcePool] - acquire test -- pool size: 0; target_pool_size: 3; desired target? 1
2019-11-04 08:36:57,634 [main] DEBUG [com.mchange.v2.resourcepool.BasicResourcePool] - awaitAvailable(): [unknown]
2019-11-04 08:36:57,634 [main] DEBUG [com.mchange.v2.resourcepool.BasicResourcePool] - trace com.mchange.v2.resourcepool.BasicResourcePool@48a2db72 [managed: 0, unused: 0, excluded: 0]
2019-11-04 08:36:57,648 [com.mchange.v2.async.ThreadPoolAsynchronousRunner$PoolThread-#0] DEBUG [com.mchange.v2.c3p0.impl.C3P0PooledConnectionPool] - com.mchange.v2.c3p0.impl.C3P0PooledConnectionPool$1PooledConnectionResourcePoolManager@75f8408b.acquireResource() returning. 
2019-11-04 08:36:57,648 [com.mchange.v2.async.ThreadPoolAsynchronousRunner$PoolThread-#0] DEBUG [com.mchange.v2.resourcepool.BasicResourcePool] - trace com.mchange.v2.resourcepool.BasicResourcePool@48a2db72 [managed: 1, unused: 1, excluded: 0]
2019-11-04 08:36:57,648 [com.mchange.v2.async.ThreadPoolAsynchronousRunner$PoolThread-#0] DEBUG [com.mchange.v2.resourcepool.BasicResourcePool] - decremented pending_acquires: 2
2019-11-04 08:36:57,649 [main] DEBUG [com.mchange.v2.resourcepool.BasicResourcePool] - trace com.mchange.v2.resourcepool.BasicResourcePool@48a2db72 [managed: 1, unused: 0, excluded: 0] (e.g. com.mchange.v2.c3p0.impl.NewPooledConnection@547420cc)
2019-11-04 08:36:57,649 [main] DEBUG [org.springframework.jdbc.datasource.DataSourceTransactionManager] - Acquired Connection [com.mchange.v2.c3p0.impl.NewProxyConnection@21c747a] for JDBC transaction
2019-11-04 08:36:57,649 [main] DEBUG [org.springframework.jdbc.datasource.DataSourceTransactionManager] - Switching JDBC Connection [com.mchange.v2.c3p0.impl.NewProxyConnection@21c747a] to manual commit
2019-11-04 08:36:57,650 [com.mchange.v2.async.ThreadPoolAsynchronousRunner$PoolThread-#2] DEBUG [com.mchange.v2.c3p0.impl.C3P0PooledConnectionPool] - com.mchange.v2.c3p0.impl.C3P0PooledConnectionPool$1PooledConnectionResourcePoolManager@75f8408b.acquireResource() returning. 
2019-11-04 08:36:57,650 [com.mchange.v2.async.ThreadPoolAsynchronousRunner$PoolThread-#2] DEBUG [com.mchange.v2.resourcepool.BasicResourcePool] - trace com.mchange.v2.resourcepool.BasicResourcePool@48a2db72 [managed: 2, unused: 1, excluded: 0] (e.g. com.mchange.v2.c3p0.impl.NewPooledConnection@547420cc)
2019-11-04 08:36:57,650 [com.mchange.v2.async.ThreadPoolAsynchronousRunner$PoolThread-#2] DEBUG [com.mchange.v2.resourcepool.BasicResourcePool] - decremented pending_acquires: 1
2019-11-04 08:36:57,651 [main] DEBUG [org.springframework.jdbc.datasource.DataSourceTransactionManager] - Initiating transaction rollback
2019-11-04 08:36:57,651 [main] DEBUG [org.springframework.jdbc.datasource.DataSourceTransactionManager] - Rolling back JDBC transaction on Connection [com.mchange.v2.c3p0.impl.NewProxyConnection@21c747a]
2019-11-04 08:36:57,655 [main] DEBUG [org.springframework.jdbc.datasource.DataSourceTransactionManager] - Releasing JDBC Connection [com.mchange.v2.c3p0.impl.NewProxyConnection@21c747a] after transaction
2019-11-04 08:36:57,655 [main] DEBUG [org.springframework.jdbc.datasource.DataSourceUtils] - Returning JDBC Connection to DataSource
2019-11-04 08:36:57,655 [main] DEBUG [com.mchange.v2.resourcepool.BasicResourcePool] - trace com.mchange.v2.resourcepool.BasicResourcePool@48a2db72 [managed: 2, unused: 1, excluded: 0] (e.g. com.mchange.v2.c3p0.impl.NewPooledConnection@547420cc)
</system-out>
  </testcase>
</testsuite>